#
# There is insufficient memory for the Java Runtime Environment to continue.
# Native memory allocation (malloc) failed to allocate 32744 bytes. Error detail: Chunk::new
# Possible reasons:
#   The system is out of physical RAM or swap space
#   This process is running with CompressedOops enabled, and the Java Heap may be blocking the growth of the native heap
# Possible solutions:
#   Reduce memory load on the system
#   Increase physical memory or swap space
#   Check if swap backing store is full
#   Decrease Java heap size (-Xmx/-Xms)
#   Decrease number of Java threads
#   Decrease Java thread stack sizes (-Xss)
#   Set larger code cache with -XX:ReservedCodeCacheSize=
#   JVM is running with Unscaled Compressed Oops mode in which the Java heap is
#     placed in the first 4GB address space. The Java Heap base address is the
#     maximum limit for the native heap growth. Please use -XX:HeapBaseMinAddress
#     to set the Java Heap base and to place the Java Heap above 4GB virtual address.
# This output file may be truncated or incomplete.
#
#  Out of Memory Error (arena.cpp:168), pid=17032, tid=26548
#
# JRE version:  (21.0.7+6) (build )
# Java VM: OpenJDK 64-Bit Server VM (21.0.7+6-LTS, mixed mode, tiered, compressed oops, compressed class ptrs, parallel gc, windows-amd64)
# No core dump will be written. Minidumps are not enabled by default on client versions of Windows
#

---------------  S U M M A R Y ------------

Command Line: --add-modules=ALL-SYSTEM --add-opens=java.base/java.util=ALL-UNNAMED --add-opens=java.base/java.lang=ALL-UNNAMED --add-opens=java.base/sun.nio.fs=ALL-UNNAMED -Declipse.application=org.eclipse.jdt.ls.core.id1 -Dosgi.bundles.defaultStartLevel=4 -Declipse.product=org.eclipse.jdt.ls.core.product -Djava.import.generatesMetadataFilesAtProjectRoot=false -DDetectVMInstallationsJob.disabled=true -Dfile.encoding=utf8 -XX:+UseParallelGC -XX:GCTimeRatio=4 -XX:AdaptiveSizePolicyWeight=90 -Dsun.zip.disableMemoryMapping=true -Xmx1G -Xms100m -Xlog:disable -javaagent:c:\Users\senud\.vscode\extensions\redhat.java-1.42.0-win32-x64\lombok\lombok-1.18.36.jar -XX:+HeapDumpOnOutOfMemoryError -XX:HeapDumpPath=c:\Users\senud\AppData\Roaming\Code\User\workspaceStorage\bac58980dab45cc9cd9f1be5cf859002\redhat.java -Daether.dependencyCollector.impl=bf c:\Users\senud\.vscode\extensions\redhat.java-1.42.0-win32-x64\server\plugins\org.eclipse.equinox.launcher_1.7.0.v20250424-1814.jar -configuration c:\Users\senud\AppData\Roaming\Code\User\globalStorage\redhat.java\1.42.0\config_win -data c:\Users\senud\AppData\Roaming\Code\User\workspaceStorage\bac58980dab45cc9cd9f1be5cf859002\redhat.java\jdt_ws --pipe=\\.\pipe\lsp-18b985db256a53f9d34435a948c4a365-sock

Host: 11th Gen Intel(R) Core(TM) i7-1165G7 @ 2.80GHz, 8 cores, 7G,  Windows 11 , 64 bit Build 22621 (10.0.22621.5262)
Time: Sat May 24 20:26:01 2025 Sri Lanka Standard Time elapsed time: 0.129620 seconds (0d 0h 0m 0s)

---------------  T H R E A D  ---------------

Current thread (0x00000258a8c1aec0):  JavaThread "Unknown thread" [_thread_in_vm, id=26548, stack(0x00000092bef00000,0x00000092bf000000) (1024K)]

Stack: [0x00000092bef00000,0x00000092bf000000]
Native frames: (J=compiled Java code, j=interpreted, Vv=VM code, C=native code)
V  [jvm.dll+0x6ce119]
V  [jvm.dll+0x8a84a1]
V  [jvm.dll+0x8aa9ce]
V  [jvm.dll+0x8ab0b3]
V  [jvm.dll+0x27f8a6]
V  [jvm.dll+0xc507d]
V  [jvm.dll+0xc55b3]
V  [jvm.dll+0xd292d]
V  [jvm.dll+0x7248ec]
V  [jvm.dll+0x724e68]
V  [jvm.dll+0x724255]
V  [jvm.dll+0x724def]
V  [jvm.dll+0x3c3d08]
V  [jvm.dll+0x3c3f20]
V  [jvm.dll+0x870297]
V  [jvm.dll+0x871cc9]
V  [jvm.dll+0x3bc47c]
V  [jvm.dll+0x85a848]
V  [jvm.dll+0x45080e]
V  [jvm.dll+0x452451]
C  [jli.dll+0x5278]
C  [ucrtbase.dll+0x29333]
C  [KERNEL32.DLL+0x1259d]
C  [ntdll.dll+0x5af58]


---------------  P R O C E S S  ---------------

Threads class SMR info:
_java_thread_list=0x00000258aaf3fc20, length=1, elements={
0x00000258a8c1aec0
}

Java Threads: ( => current thread )
=>0x00000258a8c1aec0 JavaThread "Unknown thread"             [_thread_in_vm, id=26548, stack(0x00000092bef00000,0x00000092bf000000) (1024K)]
Total: 1

Other Threads:
  0x00000258bf1dc950 WatcherThread "VM Periodic Task Thread"        [id=2112, stack(0x00000092bf100000,0x00000092bf200000) (1024K)]
  0x00000258aaf36130 WorkerThread "GC Thread#0"                     [id=23396, stack(0x00000092bf000000,0x00000092bf100000) (1024K)]
Total: 2

Threads with active compile tasks:
Total: 0

VM state: not at safepoint (normal execution)

VM Mutex/Monitor currently owned by a thread: None

Heap address: 0x00000000c0000000, size: 1024 MB, Compressed Oops mode: 32-bit

CDS archive(s) not mapped
Compressed class space mapped at: 0x0000000100000000-0x0000000140000000, reserved size: 1073741824
Narrow klass base: 0x0000000000000000, Narrow klass shift: 3, Narrow klass range: 0x140000000

GC Precious Log:
 CardTable entry size: 512
 CPUs: 8 total, 8 available
 Memory: 7971M
 Large Page Support: Disabled
 NUMA Support: Disabled
 Compressed Oops: Enabled (32-bit)
 Alignments: Space 512K, Generation 512K, Heap 2M
 Heap Min Capacity: 100M
 Heap Initial Capacity: 100M
 Heap Max Capacity: 1G
 Pre-touch: Disabled
 Parallel Workers: 8

Heap:
 PSYoungGen      total 29696K, used 512K [0x00000000eab00000, 0x00000000ecc00000, 0x0000000100000000)
  eden space 25600K, 2% used [0x00000000eab00000,0x00000000eab80070,0x00000000ec400000)
  from space 4096K, 0% used [0x00000000ec800000,0x00000000ec800000,0x00000000ecc00000)
  to   space 4096K, 0% used [0x00000000ec400000,0x00000000ec400000,0x00000000ec800000)
 ParOldGen       total 68608K, used 0K [0x00000000c0000000, 0x00000000c4300000, 0x00000000eab00000)
  object space 68608K, 0% used [0x00000000c0000000,0x00000000c0000000,0x00000000c4300000)
 Metaspace       used 1374K, committed 1408K, reserved 1114112K
  class space    used 109K, committed 128K, reserved 1048576K

Card table byte_map: [0x00000258aa8b0000,0x00000258aaac0000] _byte_map_base: 0x00000258aa2b0000

Marking Bits: (ParMarkBitMap*) 0x00007ffdb01e31f0
 Begin Bits: [0x00000258bd100000, 0x00000258be100000)
 End Bits:   [0x00000258be100000, 0x00000258bf100000)

Polling page: 0x00000258a8ee0000

Metaspace:

Usage:
  Non-class:      1.24 MB used.
      Class:    109.62 KB used.
       Both:      1.34 MB used.

Virtual space:
  Non-class space:       64.00 MB reserved,       1.25 MB (  2%) committed,  1 nodes.
      Class space:        1.00 GB reserved,     128.00 KB ( <1%) committed,  1 nodes.
             Both:        1.06 GB reserved,       1.38 MB ( <1%) committed. 

Chunk freelists:
   Non-Class:  12.00 MB
       Class:  15.75 MB
        Both:  27.75 MB

MaxMetaspaceSize: unlimited
CompressedClassSpaceSize: 1.00 GB
Initial GC threshold: 21.00 MB
Current GC threshold: 17179869184.00 GB
CDS: off
 - commit_granule_bytes: 65536.
 - commit_granule_words: 8192.
 - virtual_space_node_default_size: 8388608.
 - enlarge_chunks_in_place: 1.
 - use_allocation_guard: 0.


Internal statistics:

num_allocs_failed_limit: 0.
num_arena_births: 2.
num_arena_deaths: 0.
num_vsnodes_births: 2.
num_vsnodes_deaths: 0.
num_space_committed: 22.
num_space_uncommitted: 0.
num_chunks_returned_to_freelist: 0.
num_chunks_taken_from_freelist: 3.
num_chunk_merges: 0.
num_chunk_splits: 2.
num_chunks_enlarged: 0.
num_inconsistent_stats: 0.

CodeHeap 'non-profiled nmethods': size=120000Kb used=0Kb max_used=0Kb free=120000Kb
 bounds [0x00000258b5bd0000, 0x00000258b5e40000, 0x00000258bd100000]
CodeHeap 'profiled nmethods': size=120000Kb used=0Kb max_used=0Kb free=120000Kb
 bounds [0x00000258ae100000, 0x00000258ae370000, 0x00000258b5630000]
CodeHeap 'non-nmethods': size=5760Kb used=170Kb max_used=348Kb free=5589Kb
 bounds [0x00000258b5630000, 0x00000258b58a0000, 0x00000258b5bd0000]
 total_blobs=32 nmethods=0 adapters=10
 compilation: enabled
              stopped_count=0, restarted_count=0
 full_count=0

Compilation events (0 events):
No events

GC Heap History (0 events):
No events

Dll operation events (2 events):
Event: 0.023 Loaded shared library c:\Users\senud\.vscode\extensions\redhat.java-1.42.0-win32-x64\jre\21.0.7-win32-x86_64\bin\java.dll
Event: 0.041 Loaded shared library c:\Users\senud\.vscode\extensions\redhat.java-1.42.0-win32-x64\jre\21.0.7-win32-x86_64\bin\zip.dll

Deoptimization events (0 events):
No events

Classes loaded (20 events):
Event: 0.083 Loading class java/util/Iterator
Event: 0.083 Loading class java/util/Iterator done
Event: 0.083 Loading class java/lang/reflect/RecordComponent
Event: 0.084 Loading class java/lang/reflect/RecordComponent done
Event: 0.084 Loading class jdk/internal/vm/vector/VectorSupport
Event: 0.084 Loading class jdk/internal/vm/vector/VectorSupport done
Event: 0.084 Loading class jdk/internal/vm/vector/VectorSupport$VectorPayload
Event: 0.084 Loading class jdk/internal/vm/vector/VectorSupport$VectorPayload done
Event: 0.084 Loading class jdk/internal/vm/vector/VectorSupport$Vector
Event: 0.084 Loading class jdk/internal/vm/vector/VectorSupport$Vector done
Event: 0.084 Loading class jdk/internal/vm/vector/VectorSupport$VectorMask
Event: 0.084 Loading class jdk/internal/vm/vector/VectorSupport$VectorMask done
Event: 0.084 Loading class jdk/internal/vm/vector/VectorSupport$VectorShuffle
Event: 0.084 Loading class jdk/internal/vm/vector/VectorSupport$VectorShuffle done
Event: 0.084 Loading class jdk/internal/vm/FillerObject
Event: 0.084 Loading class jdk/internal/vm/FillerObject done
Event: 0.092 Loading class java/lang/NullPointerException
Event: 0.092 Loading class java/lang/NullPointerException done
Event: 0.092 Loading class java/lang/ArithmeticException
Event: 0.092 Loading class java/lang/ArithmeticException done

Classes unloaded (0 events):
No events

Classes redefined (0 events):
No events

Internal exceptions (0 events):
No events

ZGC Phase Switch (0 events):
No events

VM Operations (0 events):
No events

Memory protections (0 events):
No events

Nmethod flushes (0 events):
No events

Events (1 events):
Event: 0.039 Thread 0x00000258a8c1aec0 Thread added: 0x00000258a8c1aec0


Dynamic libraries:
0x00007ff752680000 - 0x00007ff75268e000 	c:\Users\senud\.vscode\extensions\redhat.java-1.42.0-win32-x64\jre\21.0.7-win32-x86_64\bin\java.exe
0x00007ffe6bb30000 - 0x00007ffe6bd47000 	C:\WINDOWS\SYSTEM32\ntdll.dll
0x00007ffe24e80000 - 0x00007ffe24e9b000 	C:\Program Files\AVG\Antivirus\aswhook.dll
0x00007ffe699e0000 - 0x00007ffe69aa4000 	C:\WINDOWS\System32\KERNEL32.DLL
0x00007ffe69330000 - 0x00007ffe69703000 	C:\WINDOWS\System32\KERNELBASE.dll
0x00007ffe69000000 - 0x00007ffe69111000 	C:\WINDOWS\System32\ucrtbase.dll
0x00007ffe51260000 - 0x00007ffe51278000 	c:\Users\senud\.vscode\extensions\redhat.java-1.42.0-win32-x64\jre\21.0.7-win32-x86_64\bin\jli.dll
0x00007ffe50810000 - 0x00007ffe5082e000 	c:\Users\senud\.vscode\extensions\redhat.java-1.42.0-win32-x64\jre\21.0.7-win32-x86_64\bin\VCRUNTIME140.dll
0x00007ffe6b8b0000 - 0x00007ffe6ba61000 	C:\WINDOWS\System32\USER32.dll
0x00007ffe4fc00000 - 0x00007ffe4fe9b000 	C:\WINDOWS\WinSxS\amd64_microsoft.windows.common-controls_6595b64144ccf1df_6.0.22621.5262_none_2712bde373830908\COMCTL32.dll
0x00007ffe69790000 - 0x00007ffe697b6000 	C:\WINDOWS\System32\win32u.dll
0x00007ffe6a440000 - 0x00007ffe6a4e7000 	C:\WINDOWS\System32\msvcrt.dll
0x00007ffe69ab0000 - 0x00007ffe69ad9000 	C:\WINDOWS\System32\GDI32.dll
0x00007ffe68c20000 - 0x00007ffe68d42000 	C:\WINDOWS\System32\gdi32full.dll
0x00007ffe69290000 - 0x00007ffe6932a000 	C:\WINDOWS\System32\msvcp_win.dll
0x00007ffe6ac70000 - 0x00007ffe6aca1000 	C:\WINDOWS\System32\IMM32.DLL
0x00007ffe52690000 - 0x00007ffe5269c000 	c:\Users\senud\.vscode\extensions\redhat.java-1.42.0-win32-x64\jre\21.0.7-win32-x86_64\bin\vcruntime140_1.dll
0x00007ffe2b010000 - 0x00007ffe2b09d000 	c:\Users\senud\.vscode\extensions\redhat.java-1.42.0-win32-x64\jre\21.0.7-win32-x86_64\bin\msvcp140.dll
0x00007ffdaf530000 - 0x00007ffdb02c0000 	c:\Users\senud\.vscode\extensions\redhat.java-1.42.0-win32-x64\jre\21.0.7-win32-x86_64\bin\server\jvm.dll
0x00007ffe6afb0000 - 0x00007ffe6b061000 	C:\WINDOWS\System32\ADVAPI32.dll
0x00007ffe6b1a0000 - 0x00007ffe6b247000 	C:\WINDOWS\System32\sechost.dll
0x00007ffe69260000 - 0x00007ffe69288000 	C:\WINDOWS\System32\bcrypt.dll
0x00007ffe6ae90000 - 0x00007ffe6afa4000 	C:\WINDOWS\System32\RPCRT4.dll
0x00007ffe6ae10000 - 0x00007ffe6ae81000 	C:\WINDOWS\System32\WS2_32.dll
0x00007ffe5f2a0000 - 0x00007ffe5f2d4000 	C:\WINDOWS\SYSTEM32\WINMM.dll
0x00007ffe67a80000 - 0x00007ffe67acd000 	C:\WINDOWS\SYSTEM32\POWRPROF.dll
0x00007ffe5bd50000 - 0x00007ffe5bd5a000 	C:\WINDOWS\SYSTEM32\VERSION.dll
0x00007ffe67a60000 - 0x00007ffe67a73000 	C:\WINDOWS\SYSTEM32\UMPDC.dll
0x00007ffe67d30000 - 0x00007ffe67d48000 	C:\WINDOWS\SYSTEM32\kernel.appcore.dll
0x00007ffe50800000 - 0x00007ffe5080a000 	c:\Users\senud\.vscode\extensions\redhat.java-1.42.0-win32-x64\jre\21.0.7-win32-x86_64\bin\jimage.dll
0x00007ffe66610000 - 0x00007ffe66842000 	C:\WINDOWS\SYSTEM32\DBGHELP.DLL
0x00007ffe6a6e0000 - 0x00007ffe6aa73000 	C:\WINDOWS\System32\combase.dll
0x00007ffe6ab20000 - 0x00007ffe6abf7000 	C:\WINDOWS\System32\OLEAUT32.dll
0x00007ffe5b9c0000 - 0x00007ffe5b9f2000 	C:\WINDOWS\SYSTEM32\dbgcore.DLL
0x00007ffe691e0000 - 0x00007ffe6925b000 	C:\WINDOWS\System32\bcryptPrimitives.dll
0x00007ffe507c0000 - 0x00007ffe507cf000 	c:\Users\senud\.vscode\extensions\redhat.java-1.42.0-win32-x64\jre\21.0.7-win32-x86_64\bin\instrument.dll
0x00007ffe48530000 - 0x00007ffe4854f000 	c:\Users\senud\.vscode\extensions\redhat.java-1.42.0-win32-x64\jre\21.0.7-win32-x86_64\bin\java.dll
0x00007ffe44220000 - 0x00007ffe44238000 	c:\Users\senud\.vscode\extensions\redhat.java-1.42.0-win32-x64\jre\21.0.7-win32-x86_64\bin\zip.dll

dbghelp: loaded successfully - version: 4.0.5 - missing functions: none
symbol engine: initialized successfully - sym options: 0x614 - pdb path: .;c:\Users\senud\.vscode\extensions\redhat.java-1.42.0-win32-x64\jre\21.0.7-win32-x86_64\bin;C:\WINDOWS\SYSTEM32;C:\Program Files\AVG\Antivirus;C:\WINDOWS\WinSxS\amd64_microsoft.windows.common-controls_6595b64144ccf1df_6.0.22621.5262_none_2712bde373830908;c:\Users\senud\.vscode\extensions\redhat.java-1.42.0-win32-x64\jre\21.0.7-win32-x86_64\bin\server

VM Arguments:
jvm_args: --add-modules=ALL-SYSTEM --add-opens=java.base/java.util=ALL-UNNAMED --add-opens=java.base/java.lang=ALL-UNNAMED --add-opens=java.base/sun.nio.fs=ALL-UNNAMED -Declipse.application=org.eclipse.jdt.ls.core.id1 -Dosgi.bundles.defaultStartLevel=4 -Declipse.product=org.eclipse.jdt.ls.core.product -Djava.import.generatesMetadataFilesAtProjectRoot=false -DDetectVMInstallationsJob.disabled=true -Dfile.encoding=utf8 -XX:+UseParallelGC -XX:GCTimeRatio=4 -XX:AdaptiveSizePolicyWeight=90 -Dsun.zip.disableMemoryMapping=true -Xmx1G -Xms100m -Xlog:disable -javaagent:c:\Users\senud\.vscode\extensions\redhat.java-1.42.0-win32-x64\lombok\lombok-1.18.36.jar -XX:+HeapDumpOnOutOfMemoryError -XX:HeapDumpPath=c:\Users\senud\AppData\Roaming\Code\User\workspaceStorage\bac58980dab45cc9cd9f1be5cf859002\redhat.java -Daether.dependencyCollector.impl=bf 
java_command: c:\Users\senud\.vscode\extensions\redhat.java-1.42.0-win32-x64\server\plugins\org.eclipse.equinox.launcher_1.7.0.v20250424-1814.jar -configuration c:\Users\senud\AppData\Roaming\Code\User\globalStorage\redhat.java\1.42.0\config_win -data c:\Users\senud\AppData\Roaming\Code\User\workspaceStorage\bac58980dab45cc9cd9f1be5cf859002\redhat.java\jdt_ws --pipe=\\.\pipe\lsp-18b985db256a53f9d34435a948c4a365-sock
java_class_path (initial): c:\Users\senud\.vscode\extensions\redhat.java-1.42.0-win32-x64\server\plugins\org.eclipse.equinox.launcher_1.7.0.v20250424-1814.jar
Launcher Type: SUN_STANDARD

[Global flags]
    uintx AdaptiveSizePolicyWeight                 = 90                                        {product} {command line}
     intx CICompilerCount                          = 4                                         {product} {ergonomic}
    uintx GCTimeRatio                              = 4                                         {product} {command line}
     bool HeapDumpOnOutOfMemoryError               = true                                   {manageable} {command line}
    ccstr HeapDumpPath                             = c:\Users\senud\AppData\Roaming\Code\User\workspaceStorage\bac58980dab45cc9cd9f1be5cf859002\redhat.java         {manageable} {command line}
   size_t InitialHeapSize                          = 104857600                                 {product} {command line}
   size_t MaxHeapSize                              = 1073741824                                {product} {command line}
   size_t MaxNewSize                               = 357564416                                 {product} {ergonomic}
   size_t MinHeapDeltaBytes                        = 524288                                    {product} {ergonomic}
   size_t MinHeapSize                              = 104857600                                 {product} {command line}
   size_t NewSize                                  = 34603008                                  {product} {ergonomic}
    uintx NonNMethodCodeHeapSize                   = 5839372                                {pd product} {ergonomic}
    uintx NonProfiledCodeHeapSize                  = 122909434                              {pd product} {ergonomic}
   size_t OldSize                                  = 70254592                                  {product} {ergonomic}
    uintx ProfiledCodeHeapSize                     = 122909434                              {pd product} {ergonomic}
    uintx ReservedCodeCacheSize                    = 251658240                              {pd product} {ergonomic}
     bool SegmentedCodeCache                       = true                                      {product} {ergonomic}
   size_t SoftMaxHeapSize                          = 1073741824                             {manageable} {ergonomic}
     bool UseCompressedOops                        = true                           {product lp64_product} {ergonomic}
     bool UseLargePagesIndividualAllocation        = false                                  {pd product} {ergonomic}
     bool UseParallelGC                            = true                                      {product} {command line}

Logging:
Log output configuration:
 #0: stdout all=off uptime,level,tags foldmultilines=false
 #1: stderr all=off uptime,level,tags foldmultilines=false

Environment Variables:
JAVA_HOME=C:\Program Files\Microsoft\jdk-17.0.13.11-hotspot\
PATH=C:\Program Files\Microsoft\jdk-17.0.13.11-hotspot\bin;C:\Python312\Scripts\;C:\Python312\;D:\Apps Installations\bin\;C:\Program Files\Common Files\Oracle\Java\javapath;C:\Program Files (x86)\Common Files\Oracle\Java\javapath;C:\Windows\system32;C:\Windows;C:\Windows\System32\Wbem;C:\Windows\System32\WindowsPowerShell\v1.0\;C:\Windows\System32\OpenSSH\;C:\Program Files (x86)\NVIDIA Corporation\PhysX\Common;C:\Program Files\NVIDIA Corporation\NVIDIA NvDLISR;C:\WINDOWS\system32;C:\WINDOWS;C:\WINDOWS\System32\Wbem;C:\WINDOWS\System32\WindowsPowerShell\v1.0\;C:\WINDOWS\System32\OpenSSH\;C:\Program Files\MySQL\MySQL Server 8.0\bin;C:\Program Files\Git\cmd;C:\Maven\apache-maven-3.9.2\bin;C:\ProgramData\chocolatey\bin;C:\Program Files\nodejs\;D:\sdkk\sdk\build-tools;D:\sdkk\sdk\emulator;D:\sdkk\sdk\platform-tools;D:\flutter\flutter\bin;C:\Program Files\MySQL\MySQL Server 8.0\bin;C:\Program Files\Git LFS;C:\Program Files\nodejs\npm;C:\Program Files (x86)\Microsoft SQL Server\160\DTS\Binn\;C:\Program Files (x86)\Microsoft SQL Server\160\Tools\Binn\;C:\Program Files\Microsoft SQL Server\160\Tools\Binn\;C:\Program Files\Microsoft SQL Server\Client SDK\ODBC\170\Tools\Binn\;C:\Program Files\Microsoft SQL Server\160\DTS\Binn\;C:\Program Files\MySQL\MySQL Shell 8.0\bin\;D:\InstallSDK\tools;D:\InstallSDK\tools;C:\Users\senud\AppData\Local\Programs\Python\Python310\Scripts\;C:\Users\senud\AppData\Local\Programs\Python\Python310\;C:\Users\senud\AppData\Local\Microsoft\WindowsApps;C:\Users\senud\AppData\Local\Programs\Microsoft VS Code\bin;C:\Program Files\Java\jdk-19\bin;C:\Program Files\MySQL;C:\msys64\mingw64\bin;C:\Users\senud\AppData\Roaming\npm;C:\Maven\apache-maven-3.9.2\bin
USERNAME=senud
OS=Windows_NT
PROCESSOR_IDENTIFIER=Intel64 Family 6 Model 140 Stepping 1, GenuineIntel
TMP=C:\Users\senud\AppData\Local\Temp
TEMP=C:\Users\senud\AppData\Local\Temp




Periodic native trim disabled

---------------  S Y S T E M  ---------------

OS:
 Windows 11 , 64 bit Build 22621 (10.0.22621.5262)
OS uptime: 0 days 13:22 hours
Hyper-V role detected

CPU: total 8 (initial active 8) (4 cores per cpu, 2 threads per core) family 6 model 140 stepping 1 microcode 0x8a, cx8, cmov, fxsr, ht, mmx, 3dnowpref, sse, sse2, sse3, ssse3, sse4.1, sse4.2, popcnt, lzcnt, tsc, tscinvbit, avx, avx2, aes, erms, clmul, bmi1, bmi2, adx, avx512f, avx512dq, avx512cd, avx512bw, avx512vl, sha, fma, vzeroupper, avx512_vpopcntdq, avx512_vpclmulqdq, avx512_vaes, avx512_vnni, clflush, clflushopt, clwb, avx512_vbmi2, avx512_vbmi, hv, rdtscp, rdpid, fsrm, gfni, avx512_bitalg, f16c, cet_ibt, cet_ss, avx512_ifma
Processor Information for the first 8 processors :
  Max Mhz: 2803, Current Mhz: 2803, Mhz Limit: 2803

Memory: 4k page, system-wide physical 7971M (482M free)
TotalPageFile size 23081M (AvailPageFile size 13M)
current process WorkingSet (physical memory assigned to process): 17M, peak: 17M
current process commit charge ("private bytes"): 149M, peak: 150M

vm_info: OpenJDK 64-Bit Server VM (21.0.7+6-LTS) for windows-amd64 JRE (21.0.7+6-LTS), built on 2025-04-15T00:00:00Z by "admin" with MS VC++ 17.7 (VS2022)

END.
