#
# There is insufficient memory for the Java Runtime Environment to continue.
# Native memory allocation (mmap) failed to map 65536 bytes. Error detail: Failed to commit metaspace.
# Possible reasons:
#   The system is out of physical RAM or swap space
#   This process is running with CompressedOops enabled, and the Java Heap may be blocking the growth of the native heap
# Possible solutions:
#   Reduce memory load on the system
#   Increase physical memory or swap space
#   Check if swap backing store is full
#   Decrease Java heap size (-Xmx/-Xms)
#   Decrease number of Java threads
#   Decrease Java thread stack sizes (-Xss)
#   Set larger code cache with -XX:ReservedCodeCacheSize=
#   JVM is running with Unscaled Compressed Oops mode in which the Java heap is
#     placed in the first 4GB address space. The Java Heap base address is the
#     maximum limit for the native heap growth. Please use -XX:HeapBaseMinAddress
#     to set the Java Heap base and to place the Java Heap above 4GB virtual address.
# This output file may be truncated or incomplete.
#
#  Out of Memory Error (virtualSpaceNode.cpp:113), pid=23748, tid=2620
#
# JRE version: OpenJDK Runtime Environment Temurin-21.0.7+6 (21.0.7+6) (build 21.0.7+6-LTS)
# Java VM: OpenJDK 64-Bit Server VM Temurin-21.0.7+6 (21.0.7+6-LTS, mixed mode, sharing, tiered, compressed oops, compressed class ptrs, parallel gc, windows-amd64)
# No core dump will be written. Minidumps are not enabled by default on client versions of Windows
#

---------------  S U M M A R Y ------------

Command Line: --add-modules=ALL-SYSTEM --add-opens=java.base/java.util=ALL-UNNAMED --add-opens=java.base/java.lang=ALL-UNNAMED --add-opens=java.base/sun.nio.fs=ALL-UNNAMED -Declipse.application=org.eclipse.jdt.ls.core.id1 -Dosgi.bundles.defaultStartLevel=4 -Declipse.product=org.eclipse.jdt.ls.core.product -Djava.import.generatesMetadataFilesAtProjectRoot=false -DDetectVMInstallationsJob.disabled=true -Dfile.encoding=utf8 -XX:+UseParallelGC -XX:GCTimeRatio=4 -XX:AdaptiveSizePolicyWeight=90 -Dsun.zip.disableMemoryMapping=true -Xmx1G -Xms100m -Xlog:disable -javaagent:c:\Users\senud\.vscode\extensions\redhat.java-1.42.0-win32-x64\lombok\lombok-1.18.36.jar -XX:+HeapDumpOnOutOfMemoryError -XX:HeapDumpPath=c:\Users\senud\AppData\Roaming\Code\User\workspaceStorage\66e74ebb197f672106f00fb0d3bd8166\redhat.java -Daether.dependencyCollector.impl=bf c:\Users\senud\.vscode\extensions\redhat.java-1.42.0-win32-x64\server\plugins\org.eclipse.equinox.launcher_1.7.0.v20250424-1814.jar -configuration c:\Users\senud\AppData\Roaming\Code\User\globalStorage\redhat.java\1.42.0\config_win -data c:\Users\senud\AppData\Roaming\Code\User\workspaceStorage\66e74ebb197f672106f00fb0d3bd8166\redhat.java\jdt_ws --pipe=\\.\pipe\lsp-f7b51458bdc187ae27ab2b8900aad805-sock

Host: 11th Gen Intel(R) Core(TM) i7-1165G7 @ 2.80GHz, 8 cores, 7G,  Windows 11 , 64 bit Build 22621 (10.0.22621.5262)
Time: Sat May 24 23:27:22 2025 Sri Lanka Standard Time elapsed time: 8.046674 seconds (0d 0h 0m 8s)

---------------  T H R E A D  ---------------

Current thread (0x000001336777c3b0):  JavaThread "Start Level: Equinox Container: 34f3da81-580c-4781-a031-ee7f7d5580b6" daemon [_thread_in_vm, id=2620, stack(0x0000001da8400000,0x0000001da8500000) (1024K)]

Stack: [0x0000001da8400000,0x0000001da8500000]
Native frames: (J=compiled Java code, j=interpreted, Vv=VM code, C=native code)
V  [jvm.dll+0x6ce119]
V  [jvm.dll+0x8a84a1]
V  [jvm.dll+0x8aa9ce]
V  [jvm.dll+0x8ab0b3]
V  [jvm.dll+0x27f8a6]
V  [jvm.dll+0x8a41ee]
V  [jvm.dll+0x670575]
V  [jvm.dll+0x6705da]
V  [jvm.dll+0x672dc2]
V  [jvm.dll+0x672c92]
V  [jvm.dll+0x670f4e]
V  [jvm.dll+0x2695bf]
V  [jvm.dll+0x67b1b5]
V  [jvm.dll+0x21563d]
V  [jvm.dll+0x215bba]
V  [jvm.dll+0x2165e5]
V  [jvm.dll+0x20bbae]
V  [jvm.dll+0x5ae58c]
V  [jvm.dll+0x21d26a]
V  [jvm.dll+0x820d6c]
V  [jvm.dll+0x821d94]
V  [jvm.dll+0x822580]
V  [jvm.dll+0x2169dc]
V  [jvm.dll+0x20bbc7]
V  [jvm.dll+0x5ae58c]
V  [jvm.dll+0x21d26a]
V  [jvm.dll+0x820d6c]
V  [jvm.dll+0x821d94]
V  [jvm.dll+0x822362]
V  [jvm.dll+0x821fe8]
V  [jvm.dll+0x26cf1b]
V  [jvm.dll+0x3d493e]
C  0x0000013357379274

The last pc belongs to new (printed below).
Java frames: (J=compiled Java code, j=interpreted, Vv=VM code)
j  com.sun.org.apache.xerces.internal.jaxp.DocumentBuilderImpl.newDocument()Lorg/w3c/dom/Document;+0 java.xml@21.0.7
j  org.eclipse.core.internal.runtime.XmlProcessorFactory.newDocumentWithErrorOnDOCTYPE()Lorg/w3c/dom/Document;+3
j  org.eclipse.text.templates.TemplateReaderWriter.save([Lorg/eclipse/text/templates/TemplatePersistenceData;Ljavax/xml/transform/stream/StreamResult;)V+0
j  org.eclipse.text.templates.TemplateReaderWriter.save([Lorg/eclipse/text/templates/TemplatePersistenceData;Ljava/io/Writer;)V+10
j  org.eclipse.jdt.ls.core.internal.preferences.PreferenceManager.reloadTemplateStore()V+84
j  org.eclipse.jdt.ls.core.internal.preferences.PreferenceManager.initialize()V+657
j  org.eclipse.jdt.ls.core.internal.preferences.PreferenceManager.<init>()V+40
j  org.eclipse.jdt.ls.core.internal.preferences.StandardPreferenceManager.<init>()V+1
j  org.eclipse.jdt.ls.core.internal.JavaLanguageServerPlugin.start(Lorg/osgi/framework/BundleContext;)V+79
j  org.eclipse.osgi.internal.framework.BundleContextImpl$2.run()Ljava/lang/Void;+23
j  org.eclipse.osgi.internal.framework.BundleContextImpl$2.run()Ljava/lang/Object;+1
J 1181 c1 java.security.AccessController.executePrivileged(Ljava/security/PrivilegedExceptionAction;Ljava/security/AccessControlContext;Ljava/lang/Class;)Ljava/lang/Object; java.base@21.0.7 (65 bytes) @ 0x000001335000c144 [0x000001335000bfe0+0x0000000000000164]
j  java.security.AccessController.doPrivileged(Ljava/security/PrivilegedExceptionAction;)Ljava/lang/Object;+9 java.base@21.0.7
j  org.eclipse.osgi.internal.framework.BundleContextImpl.startActivator(Lorg/osgi/framework/BundleActivator;)V+9
j  org.eclipse.osgi.internal.framework.BundleContextImpl.start()V+141
j  org.eclipse.osgi.internal.framework.EquinoxBundle.startWorker0()V+35
j  org.eclipse.osgi.internal.framework.EquinoxBundle$EquinoxModule.startWorker()V+4
j  org.eclipse.osgi.container.Module.doStart([Lorg/eclipse/osgi/container/Module$StartOptions;)Lorg/eclipse/osgi/container/ModuleContainerAdaptor$ModuleEvent;+200
j  org.eclipse.osgi.container.Module.start([Lorg/eclipse/osgi/container/Module$StartOptions;)V+460
j  org.eclipse.osgi.container.ModuleContainer$ContainerStartLevel$2.run()V+83
j  org.eclipse.osgi.internal.framework.EquinoxContainerAdaptor$1$1.execute(Ljava/lang/Runnable;)V+1
j  org.eclipse.osgi.container.ModuleContainer$ContainerStartLevel.incStartLevel(ILjava/util/List;Z)V+193
j  org.eclipse.osgi.container.ModuleContainer$ContainerStartLevel.incStartLevel(ILjava/util/List;Ljava/util/List;Ljava/util/List;Ljava/util/List;)V+19
j  org.eclipse.osgi.container.ModuleContainer$ContainerStartLevel.doContainerStartLevel(Lorg/eclipse/osgi/container/Module;I[Lorg/osgi/framework/FrameworkListener;)V+358
j  org.eclipse.osgi.container.ModuleContainer$ContainerStartLevel.dispatchEvent(Lorg/eclipse/osgi/container/Module;[Lorg/osgi/framework/FrameworkListener;ILjava/lang/Integer;)V+32
j  org.eclipse.osgi.container.ModuleContainer$ContainerStartLevel.dispatchEvent(Ljava/lang/Object;Ljava/lang/Object;ILjava/lang/Object;)V+15
j  org.eclipse.osgi.framework.eventmgr.EventManager.dispatchEvent(Ljava/util/Set;Lorg/eclipse/osgi/framework/eventmgr/EventDispatcher;ILjava/lang/Object;)V+48
j  org.eclipse.osgi.framework.eventmgr.EventManager$EventThread.run()V+26
v  ~StubRoutines::call_stub 0x00000133573610e7
new  187 new  [0x00000133573790e0, 0x00000133573792e8]  520 bytes
[MachCode]
  0x00000133573790e0: 4883 ec08 | c5fa 1104 | 24eb 1f48 | 83ec 10c5 | fb11 0424 | eb14 4883 | ec10 4889 | 0424 48c7 
  0x0000013357379100: 4424 0800 | 0000 00eb | 0150 410f | b755 010f | cac1 ea10 | 488b 4de8 | 488b 4908 | 488b 4908 
  0x0000013357379120: 488b 4108 | 807c 1004 | 070f 85d3 | 0000 0066 | 8b54 d148 | 488b 4928 | 488b 4cd1 | 0851 80b9 
  0x0000013357379140: 2101 0000 | 040f 85b6 | 0000 008b | 5108 f6c2 | 010f 85aa | 0000 0049 | 8b87 b801 | 0000 488d 
  0x0000013357379160: 1c10 493b | 9fc8 0100 | 000f 8792 | 0000 0049 | 899f b801 | 0000 4883 | ea10 0f84 | 0f00 0000 
  0x0000013357379180: 33c9 c1ea | 0348 894c | d008 48ff | ca75 f648 | c700 0100 | 0000 5933 | f689 700c | 49ba 0000 
  0x00000133573791a0: 0000 3301 | 0000 492b | ca89 4808 | 49ba 3e5b | 852d fd7f | 0000 4180 | 3a00 0f84 | 3c00 0000 
  0x00000133573791c0: 5048 8bc8 | 4883 ec20 | 40f6 c40f | 0f84 1900 | 0000 4883 | ec08 48b8 | 904b 2f2d | fd7f 0000 
  0x00000133573791e0: ffd0 4883 | c408 e90c | 0000 0048 | b890 4b2f | 2dfd 7f00 | 00ff d048 | 83c4 2058 | e9cb 0000 
  0x0000013357379200: 0059 488b | 55e8 488b | 5208 488b | 5208 450f | b745 0141 | 0fc8 41c1 | e810 e805 | 0000 00e9 
  0x0000013357379220: a800 0000 | 488d 4424 | 084c 896d | c049 8bcf | c5f8 7749 | 89af a803 | 0000 4989 | 8798 0300 
  0x0000013357379240: 0048 83ec | 2040 f6c4 | 0f0f 8419 | 0000 0048 | 83ec 0848 | b8f0 48f9 | 2cfd 7f00 | 00ff d048 
  0x0000013357379260: 83c4 08e9 | 0c00 0000 | 48b8 f048 | f92c fd7f | 0000 ffd0 | 4883 c420 | 49c7 8798 | 0300 0000 
  0x0000013357379280: 0000 0049 | c787 a803 | 0000 0000 | 0000 49c7 | 87a0 0300 | 0000 0000 | 00c5 f877 | 4983 7f08 
  0x00000133573792a0: 000f 8405 | 0000 00e9 | 547c feff | 498b 87f0 | 0300 0049 | c787 f003 | 0000 0000 | 0000 4c8b 
  0x00000133573792c0: 6dc0 4c8b | 75c8 4e8d | 74f5 00c3 | 410f b65d | 0349 83c5 | 0349 bab0 | 2088 2dfd | 7f00 0041 
  0x00000133573792e0: ff24 da0f | 1f44 0000 
[/MachCode]

Compiled method (c1) 8120 1181       3       java.security.AccessController::executePrivileged (65 bytes)
 total in heap  [0x000001335000be10,0x000001335000c400] = 1520
 relocation     [0x000001335000bf70,0x000001335000bfd8] = 104
 main code      [0x000001335000bfe0,0x000001335000c288] = 680
 stub code      [0x000001335000c288,0x000001335000c2e0] = 88
 metadata       [0x000001335000c2e0,0x000001335000c2f0] = 16
 scopes data    [0x000001335000c2f0,0x000001335000c368] = 120
 scopes pcs     [0x000001335000c368,0x000001335000c3e8] = 128
 dependencies   [0x000001335000c3e8,0x000001335000c3f0] = 8
 nul chk table  [0x000001335000c3f0,0x000001335000c400] = 16

[Constant Pool (empty)]

[MachCode]
[Verified Entry Point]
  # {method} {0x000001330046cdc0} 'executePrivileged' '(Ljava/security/PrivilegedExceptionAction;Ljava/security/AccessControlContext;Ljava/lang/Class;)Ljava/lang/Object;' in 'java/security/AccessController'
  # parm0:    rdx:rdx   = 'java/security/PrivilegedExceptionAction'
  # parm1:    r8:r8     = 'java/security/AccessControlContext'
  # parm2:    r9:r9     = 'java/lang/Class'
  #           [sp+0x50]  (sp of caller)
  0x000001335000bfe0: 8984 2400 | 80ff ff55 | 4883 ec40 | 4181 7f20 | 0200 0000 

  0x000001335000bff4: ;   {runtime_call StubRoutines (final stubs)}
  0x000001335000bff4: 7405 e805 | 1839 074c | 8944 2430 

  0x000001335000c000: ;   {metadata(method data for {method} {0x000001330046cdc0} 'executePrivileged' '(Ljava/security/PrivilegedExceptionAction;Ljava/security/AccessControlContext;Ljava/lang/Class;)Ljava/lang/Object;' in 'java/security/AccessController')}
  0x000001335000c000: 48be f86c | 3163 3301 | 0000 8bbe | cc00 0000 | 83c7 0289 | becc 0000 | 0081 e7fe | 0700 0085 
  0x000001335000c020: ff0f 84bf | 0100 004d 

  0x000001335000c028: ;   {metadata(method data for {method} {0x000001330046cdc0} 'executePrivileged' '(Ljava/security/PrivilegedExceptionAction;Ljava/security/AccessControlContext;Ljava/lang/Class;)Ljava/lang/Object;' in 'java/security/AccessController')}
  0x000001335000c028: 85c0 48be | f86c 3163 | 3301 0000 | 48c7 c710 | 0100 0074 | 0748 c7c7 | 2001 0000 | 488b 1c3e 
  0x000001335000c048: 488d 5b01 | 4889 1c3e | 4c89 4c24 | 2848 8954 | 2420 0f84 | 2400 0000 

  0x000001335000c060: ;   {metadata(method data for {method} {0x000001330046cdc0} 'executePrivileged' '(Ljava/security/PrivilegedExceptionAction;Ljava/security/AccessControlContext;Ljava/lang/Class;)Ljava/lang/Object;' in 'java/security/AccessController')}
  0x000001335000c060: 48be f86c | 3163 3301 | 0000 4883 | 8630 0100 | 0001 498b 

  0x000001335000c074: ;   {static_call}
  0x000001335000c074: d066 90e8 

  0x000001335000c078: ; ImmutableOopMap {[32]=Oop [40]=Oop [48]=Oop }
                      ;*invokestatic ensureMaterializedForStackWalk {reexecute=0 rethrow=0 return_oop=0}
                      ; - java.security.AccessController::executePrivileged@5
  0x000001335000c078: e4d9 9607 

  0x000001335000c07c: ;   {other}
  0x000001335000c07c: 0f1f 8400 | 6c02 0000 

  0x000001335000c084: ;   {metadata(method data for {method} {0x000001330046cdc0} 'executePrivileged' '(Ljava/security/PrivilegedExceptionAction;Ljava/security/AccessControlContext;Ljava/lang/Class;)Ljava/lang/Object;' in 'java/security/AccessController')}
  0x000001335000c084: 48ba f86c | 3163 3301 | 0000 ff82 | 4001 0000 | 488b 5424 | 2048 3b02 

  0x000001335000c09c: ;   {metadata(method data for {method} {0x000001330046cdc0} 'executePrivileged' '(Ljava/security/PrivilegedExceptionAction;Ljava/security/AccessControlContext;Ljava/lang/Class;)Ljava/lang/Object;' in 'java/security/AccessController')}
  0x000001335000c09c: 488b f248 | bff8 6c31 | 6333 0100 | 008b 7608 | 49ba 0000 | 0000 3301 | 0000 4903 | f248 3bb7 
  0x000001335000c0bc: b001 0000 | 750d 4883 | 87b8 0100 | 0001 e960 | 0000 0048 | 3bb7 c001 | 0000 750d | 4883 87c8 
  0x000001335000c0dc: 0100 0001 | e94a 0000 | 0048 83bf | b001 0000 | 0075 1748 | 89b7 b001 | 0000 48c7 | 87b8 0100 
  0x000001335000c0fc: 0001 0000 | 00e9 2900 | 0000 4883 | bfc0 0100 | 0000 7517 | 4889 b7c0 | 0100 0048 | c787 c801 
  0x000001335000c11c: 0000 0100 | 0000 e908 | 0000 0048 | 8387 a001 | 0000 0166 | 0f1f 4400 | 0048 b850 | 0726 6733 
  0x000001335000c13c: ;   {virtual_call}
  0x000001335000c13c: 0100 00e8 

  0x000001335000c140: ; ImmutableOopMap {[40]=Oop [48]=Oop }
                      ;*invokeinterface run {reexecute=0 rethrow=0 return_oop=0}
                      ; - java.security.AccessController::executePrivileged@29
  0x000001335000c140: 4ce5 4507 

  0x000001335000c144: ;   {other}
  0x000001335000c144: 0f1f 8400 | 3403 0001 

  0x000001335000c14c: ;   {metadata(method data for {method} {0x000001330046cdc0} 'executePrivileged' '(Ljava/security/PrivilegedExceptionAction;Ljava/security/AccessControlContext;Ljava/lang/Class;)Ljava/lang/Object;' in 'java/security/AccessController')}
  0x000001335000c14c: 48be f86c | 3163 3301 | 0000 ff86 | d801 0000 | 4c8b 4c24 

  0x000001335000c160: ;   {metadata(method data for {method} {0x000001330046cdc0} 'executePrivileged' '(Ljava/security/PrivilegedExceptionAction;Ljava/security/AccessControlContext;Ljava/lang/Class;)Ljava/lang/Object;' in 'java/security/AccessController')}
  0x000001335000c160: 2848 bef8 | 6c31 6333 | 0100 0048 | 8386 3802 

  0x000001335000c170: ;   {metadata(method data for {method} {0x000001330003d050} 'reachabilityFence' '(Ljava/lang/Object;)V' in 'java/lang/ref/Reference')}
  0x000001335000c170: 0000 0148 | be20 fe05 | 6333 0100 | 008b becc | 0000 0083 | c702 89be | cc00 0000 | 81e7 feff 
  0x000001335000c190: 1f00 85ff | 0f84 7200 

  0x000001335000c198: ;   {metadata(method data for {method} {0x000001330046cdc0} 'executePrivileged' '(Ljava/security/PrivilegedExceptionAction;Ljava/security/AccessControlContext;Ljava/lang/Class;)Ljava/lang/Object;' in 'java/security/AccessController')}
  0x000001335000c198: 0000 48be | f86c 3163 | 3301 0000 | 4883 8648 | 0200 0001 

  0x000001335000c1ac: ;   {metadata(method data for {method} {0x000001330003d050} 'reachabilityFence' '(Ljava/lang/Object;)V' in 'java/lang/ref/Reference')}
  0x000001335000c1ac: 48be 20fe | 0563 3301 | 0000 8bbe | cc00 0000 | 83c7 0289 | becc 0000 | 0081 e7fe | ff1f 0085 
  0x000001335000c1cc: ff0f 845a | 0000 0048 | 83c4 405d 

  0x000001335000c1d8: ;   {poll_return}
  0x000001335000c1d8: 493b a748 | 0400 000f | 8766 0000 

  0x000001335000c1e4: ;   {metadata({method} {0x000001330046cdc0} 'executePrivileged' '(Ljava/security/PrivilegedExceptionAction;Ljava/security/AccessControlContext;Ljava/lang/Class;)Ljava/lang/Object;' in 'java/security/AccessController')}
  0x000001335000c1e4: 00c3 49ba | b8cd 4600 | 3301 0000 | 4c89 5424 | 0848 c704 | 24ff ffff 

  0x000001335000c1fc: ;   {runtime_call counter_overflow Runtime1 stub}
  0x000001335000c1fc: ffe8 7e87 

  0x000001335000c200: ; ImmutableOopMap {rdx=Oop r8=Oop r9=Oop [48]=Oop }
                      ;*synchronization entry
                      ; - java.security.AccessController::executePrivileged@-1
  0x000001335000c200: 4507 e920 

  0x000001335000c204: ;   {runtime_call throw_null_pointer_exception Runtime1 stub}
  0x000001335000c204: feff ffe8 

  0x000001335000c208: ; ImmutableOopMap {rdx=Oop [40]=Oop [48]=Oop }
                      ;*invokeinterface run {reexecute=0 rethrow=0 return_oop=0}
                      ; - java.security.AccessController::executePrivileged@29
  0x000001335000c208: 1425 4507 

  0x000001335000c20c: ;   {metadata({method} {0x000001330003d050} 'reachabilityFence' '(Ljava/lang/Object;)V' in 'java/lang/ref/Reference')}
  0x000001335000c20c: 49ba 48d0 | 0300 3301 | 0000 4c89 | 5424 0848 | c704 24ff 

  0x000001335000c220: ;   {runtime_call counter_overflow Runtime1 stub}
  0x000001335000c220: ffff ffe8 

  0x000001335000c224: ; ImmutableOopMap {rax=Oop r9=Oop }
                      ;*synchronization entry
                      ; - java.lang.ref.Reference::reachabilityFence@-1
                      ; - java.security.AccessController::executePrivileged@56
  0x000001335000c224: 5887 4507 | e96d ffff 

  0x000001335000c22c: ;   {metadata({method} {0x000001330003d050} 'reachabilityFence' '(Ljava/lang/Object;)V' in 'java/lang/ref/Reference')}
  0x000001335000c22c: ff49 ba48 | d003 0033 | 0100 004c | 8954 2408 | 48c7 0424 | ffff ffff 

  0x000001335000c244: ;   {runtime_call counter_overflow Runtime1 stub}
  0x000001335000c244: e837 8745 

  0x000001335000c248: ; ImmutableOopMap {rax=Oop }
                      ;*synchronization entry
                      ; - java.lang.ref.Reference::reachabilityFence@-1
                      ; - java.security.AccessController::executePrivileged@60
                      ;   {internal_word}
  0x000001335000c248: 07eb 8849 | bad8 c100 | 5033 0100 | 004d 8997 | 6004 0000 

  0x000001335000c25c: ;   {runtime_call SafepointBlob}
  0x000001335000c25c: e91f 993a | 0749 8b87 | f804 0000 | 49c7 87f8 | 0400 0000 | 0000 0049 | c787 0005 | 0000 0000 
  0x000001335000c27c: 0000 4883 

  0x000001335000c280: ;   {runtime_call unwind_exception Runtime1 stub}
  0x000001335000c280: c440 5de9 | 7815 4507 
[Stub Code]
  0x000001335000c288: ;   {no_reloc}
  0x000001335000c288: 0f1f 4400 

  0x000001335000c28c: ;   {static_stub}
  0x000001335000c28c: 0048 bb00 | 0000 0000 

  0x000001335000c294: ;   {runtime_call nmethod}
  0x000001335000c294: 0000 00e9 | fbff ffff 

  0x000001335000c29c: ;   {static_stub}
  0x000001335000c29c: 48bb 38cc | 4600 3301 

  0x000001335000c2a4: ;   {runtime_call I2C/C2I adapters}
  0x000001335000c2a4: 0000 e938 

  0x000001335000c2a8: ;   {runtime_call handle_exception_from_callee Runtime1 stub}
  0x000001335000c2a8: 193a 07e8 | 504a 4507 

  0x000001335000c2b0: ;   {external_word}
  0x000001335000c2b0: 48b9 907f | 5b2d fd7f | 0000 4883 

  0x000001335000c2bc: ;   {runtime_call}
  0x000001335000c2bc: e4f0 48b8 | e044 1e2d | fd7f 0000 

  0x000001335000c2c8: ;   {section_word}
  0x000001335000c2c8: ffd0 f449 | bacb c200 | 5033 0100 

  0x000001335000c2d4: ;   {runtime_call DeoptimizationBlob}
  0x000001335000c2d4: 0041 52e9 | 44ad 3a07 | f4f4 f4f4 
[/MachCode]


---------------  P R O C E S S  ---------------

Threads class SMR info:
_java_thread_list=0x0000013367066ba0, length=25, elements={
0x000001334a918df0, 0x0000013360ffbc50, 0x0000013360ffd230, 0x0000013360ffea90,
0x0000013360fffa90, 0x0000013361000e10, 0x0000013361003b70, 0x000001336100ad10,
0x000001336100c5d0, 0x0000013362a88070, 0x0000013362cd4210, 0x00000133677ea220,
0x00000133677cefc0, 0x000001336777d4a0, 0x000001336777c3b0, 0x0000013367e6f340,
0x0000013367f73710, 0x0000013367df1810, 0x00000133677fa020, 0x00000133677f85e0,
0x00000133677fad40, 0x00000133681b87b0, 0x00000133677f8c70, 0x00000133677fa6b0,
0x00000133677fb3d0
}

Java Threads: ( => current thread )
  0x000001334a918df0 JavaThread "main"                              [_thread_blocked, id=23372, stack(0x0000001da6b00000,0x0000001da6c00000) (1024K)]
  0x0000013360ffbc50 JavaThread "Reference Handler"          daemon [_thread_blocked, id=17844, stack(0x0000001da6f00000,0x0000001da7000000) (1024K)]
  0x0000013360ffd230 JavaThread "Finalizer"                  daemon [_thread_blocked, id=21080, stack(0x0000001da7000000,0x0000001da7100000) (1024K)]
  0x0000013360ffea90 JavaThread "Signal Dispatcher"          daemon [_thread_blocked, id=18048, stack(0x0000001da7100000,0x0000001da7200000) (1024K)]
  0x0000013360fffa90 JavaThread "Attach Listener"            daemon [_thread_blocked, id=23596, stack(0x0000001da7200000,0x0000001da7300000) (1024K)]
  0x0000013361000e10 JavaThread "Service Thread"             daemon [_thread_blocked, id=8584, stack(0x0000001da7300000,0x0000001da7400000) (1024K)]
  0x0000013361003b70 JavaThread "Monitor Deflation Thread"   daemon [_thread_blocked, id=24036, stack(0x0000001da7400000,0x0000001da7500000) (1024K)]
  0x000001336100ad10 JavaThread "C2 CompilerThread0"         daemon [_thread_in_native, id=22280, stack(0x0000001da7500000,0x0000001da7600000) (1024K)]
  0x000001336100c5d0 JavaThread "C1 CompilerThread0"         daemon [_thread_in_vm, id=12884, stack(0x0000001da7600000,0x0000001da7700000) (1024K)]
  0x0000013362a88070 JavaThread "Common-Cleaner"             daemon [_thread_blocked, id=12908, stack(0x0000001da7700000,0x0000001da7800000) (1024K)]
  0x0000013362cd4210 JavaThread "Notification Thread"        daemon [_thread_blocked, id=15208, stack(0x0000001da7800000,0x0000001da7900000) (1024K)]
  0x00000133677ea220 JavaThread "Active Thread: Equinox Container: 34f3da81-580c-4781-a031-ee7f7d5580b6"        [_thread_blocked, id=12272, stack(0x0000001da8000000,0x0000001da8100000) (1024K)]
  0x00000133677cefc0 JavaThread "Refresh Thread: Equinox Container: 34f3da81-580c-4781-a031-ee7f7d5580b6" daemon [_thread_blocked, id=21964, stack(0x0000001da8100000,0x0000001da8200000) (1024K)]
  0x000001336777d4a0 JavaThread "Framework Event Dispatcher: Equinox Container: 34f3da81-580c-4781-a031-ee7f7d5580b6" daemon [_thread_blocked, id=23360, stack(0x0000001da8300000,0x0000001da8400000) (1024K)]
=>0x000001336777c3b0 JavaThread "Start Level: Equinox Container: 34f3da81-580c-4781-a031-ee7f7d5580b6" daemon [_thread_in_vm, id=2620, stack(0x0000001da8400000,0x0000001da8500000) (1024K)]
  0x0000013367e6f340 JavaThread "Bundle File Closer"         daemon [_thread_blocked, id=3700, stack(0x0000001da8500000,0x0000001da8600000) (1024K)]
  0x0000013367f73710 JavaThread "SCR Component Actor"        daemon [_thread_blocked, id=6584, stack(0x0000001da8600000,0x0000001da8700000) (1024K)]
  0x0000013367df1810 JavaThread "SCR Component Registry"     daemon [_thread_blocked, id=23536, stack(0x0000001da8700000,0x0000001da8800000) (1024K)]
  0x00000133677fa020 JavaThread "Worker-JM"                         [_thread_blocked, id=8780, stack(0x0000001da7900000,0x0000001da7a00000) (1024K)]
  0x00000133677f85e0 JavaThread "Worker-0: Updating Maven Dependencies"        [_thread_in_vm, id=18644, stack(0x0000001da8800000,0x0000001da8900000) (1024K)]
  0x00000133677fad40 JavaThread "Worker-1: Repository registry initialization"        [_thread_blocked, id=11892, stack(0x0000001da8900000,0x0000001da8a00000) (1024K)]
  0x00000133681b87b0 JavaThread "C2 CompilerThread1"         daemon [_thread_in_native, id=22668, stack(0x0000001da8a00000,0x0000001da8b00000) (1024K)]
  0x00000133677f8c70 JavaThread "Java indexing"              daemon [_thread_blocked, id=24244, stack(0x0000001da8b00000,0x0000001da8c00000) (1024K)]
  0x00000133677fa6b0 JavaThread "Worker-2"                          [_thread_blocked, id=13436, stack(0x0000001da8c00000,0x0000001da8d00000) (1024K)]
  0x00000133677fb3d0 JavaThread "Worker-3"                          [_thread_blocked, id=4828, stack(0x0000001da8d00000,0x0000001da8e00000) (1024K)]
Total: 25

Other Threads:
  0x000001334cce7810 VMThread "VM Thread"                           [id=2228, stack(0x0000001da6e00000,0x0000001da6f00000) (1024K)]
  0x0000013360f0c950 WatcherThread "VM Periodic Task Thread"        [id=20396, stack(0x0000001da6d00000,0x0000001da6e00000) (1024K)]
  0x000001334cc661e0 WorkerThread "GC Thread#0"                     [id=7424, stack(0x0000001da6c00000,0x0000001da6d00000) (1024K)]
  0x000001336707d470 WorkerThread "GC Thread#1"                     [id=12720, stack(0x0000001da7a00000,0x0000001da7b00000) (1024K)]
  0x00000133671b8460 WorkerThread "GC Thread#2"                     [id=18656, stack(0x0000001da7b00000,0x0000001da7c00000) (1024K)]
  0x0000013367253af0 WorkerThread "GC Thread#3"                     [id=9724, stack(0x0000001da7c00000,0x0000001da7d00000) (1024K)]
  0x0000013367253e90 WorkerThread "GC Thread#4"                     [id=3232, stack(0x0000001da7d00000,0x0000001da7e00000) (1024K)]
  0x0000013367254230 WorkerThread "GC Thread#5"                     [id=22276, stack(0x0000001da7e00000,0x0000001da7f00000) (1024K)]
  0x00000133672545d0 WorkerThread "GC Thread#6"                     [id=11364, stack(0x0000001da7f00000,0x0000001da8000000) (1024K)]
  0x0000013367910540 WorkerThread "GC Thread#7"                     [id=7648, stack(0x0000001da8200000,0x0000001da8300000) (1024K)]
Total: 10

Threads with active compile tasks:
C2 CompilerThread0  8144 4072   !   4       org.eclipse.osgi.internal.loader.classpath.ClasspathManager::findClassImpl (343 bytes)
C1 CompilerThread0  8144 4109       3       java.util.Collections::emptyEnumeration (4 bytes)
C2 CompilerThread1  8144 3857       4       org.lombokweb.asm.ClassReader::readMethod (1070 bytes)
Total: 3

VM state: not at safepoint (normal execution)

VM Mutex/Monitor currently owned by a thread:  ([mutex/lock_event])
[0x00007ffd2d86c308] Metaspace_lock - owner thread: 0x000001336777c3b0

Heap address: 0x00000000c0000000, size: 1024 MB, Compressed Oops mode: 32-bit

CDS archive(s) mapped at: [0x0000013300000000-0x0000013300ba0000-0x0000013300ba0000), size 12189696, SharedBaseAddress: 0x0000013300000000, ArchiveRelocationMode: 1.
Compressed class space mapped at: 0x0000013301000000-0x0000013341000000, reserved size: 1073741824
Narrow klass base: 0x0000013300000000, Narrow klass shift: 0, Narrow klass range: 0x100000000

GC Precious Log:
 CardTable entry size: 512
 CPUs: 8 total, 8 available
 Memory: 7971M
 Large Page Support: Disabled
 NUMA Support: Disabled
 Compressed Oops: Enabled (32-bit)
 Alignments: Space 512K, Generation 512K, Heap 2M
 Heap Min Capacity: 100M
 Heap Initial Capacity: 100M
 Heap Max Capacity: 1G
 Pre-touch: Disabled
 Parallel Workers: 8

Heap:
 PSYoungGen      total 25088K, used 15912K [0x00000000eab00000, 0x00000000eca00000, 0x0000000100000000)
  eden space 23040K, 60% used [0x00000000eab00000,0x00000000eb8a7698,0x00000000ec180000)
  from space 2048K, 94% used [0x00000000ec800000,0x00000000ec9e2a70,0x00000000eca00000)
  to   space 2560K, 0% used [0x00000000ec500000,0x00000000ec500000,0x00000000ec780000)
 ParOldGen       total 68608K, used 13365K [0x00000000c0000000, 0x00000000c4300000, 0x00000000eab00000)
  object space 68608K, 19% used [0x00000000c0000000,0x00000000c0d0d510,0x00000000c4300000)
 Metaspace       used 27841K, committed 28736K, reserved 1114112K
  class space    used 2664K, committed 3072K, reserved 1048576K

Card table byte_map: [0x000001334c610000,0x000001334c820000] _byte_map_base: 0x000001334c010000

Marking Bits: (ParMarkBitMap*) 0x00007ffd2d8731f0
 Begin Bits: [0x000001335ee30000, 0x000001335fe30000)
 End Bits:   [0x000001335fe30000, 0x0000013360e30000)

Polling page: 0x000001334c400000

Metaspace:

Usage:
  Non-class:     24.59 MB used.
      Class:      2.60 MB used.
       Both:     27.19 MB used.

Virtual space:
  Non-class space:       64.00 MB reserved,      25.06 MB ( 39%) committed,  1 nodes.
      Class space:        1.00 GB reserved,       3.00 MB ( <1%) committed,  1 nodes.
             Both:        1.06 GB reserved,      28.06 MB (  3%) committed. 

Chunk freelists:
   Non-Class:  6.09 MB
       Class:  12.89 MB
        Both:  18.98 MB

MaxMetaspaceSize: unlimited
CompressedClassSpaceSize: 1.00 GB
Initial GC threshold: 21.00 MB
Current GC threshold: 35.00 MB
CDS: on
 - commit_granule_bytes: 65536.
 - commit_granule_words: 8192.
 - virtual_space_node_default_size: 8388608.
 - enlarge_chunks_in_place: 1.
 - use_allocation_guard: 0.


Internal statistics:

num_allocs_failed_limit: 3.
num_arena_births: 704.
num_arena_deaths: 14.
num_vsnodes_births: 2.
num_vsnodes_deaths: 0.
num_space_committed: 449.
num_space_uncommitted: 0.
num_chunks_returned_to_freelist: 17.
num_chunks_taken_from_freelist: 1820.
num_chunk_merges: 9.
num_chunk_splits: 1185.
num_chunks_enlarged: 731.
num_inconsistent_stats: 0.

CodeHeap 'non-profiled nmethods': size=120000Kb used=1904Kb max_used=1904Kb free=118095Kb
 bounds [0x0000013357900000, 0x0000013357b70000, 0x000001335ee30000]
CodeHeap 'profiled nmethods': size=120000Kb used=8660Kb max_used=8660Kb free=111339Kb
 bounds [0x000001334fe30000, 0x00000133506b0000, 0x0000013357360000]
CodeHeap 'non-nmethods': size=5760Kb used=1334Kb max_used=1357Kb free=4425Kb
 bounds [0x0000013357360000, 0x00000133575d0000, 0x0000013357900000]
 total_blobs=4713 nmethods=4102 adapters=517
 compilation: enabled
              stopped_count=0, restarted_count=0
 full_count=0

Compilation events (20 events):
Event: 7.963 Thread 0x000001336100c5d0 nmethod 4098 0x000001335069d810 code [0x000001335069d9e0, 0x000001335069dcb0]
Event: 7.963 Thread 0x000001336100c5d0 4099       3       org.eclipse.core.runtime.Assert::isTrue (20 bytes)
Event: 7.964 Thread 0x000001336100c5d0 nmethod 4099 0x000001335069de10 code [0x000001335069dfe0, 0x000001335069e250]
Event: 7.964 Thread 0x000001336100c5d0 4101       3       org.eclipse.core.runtime.Assert::isTrue (7 bytes)
Event: 7.964 Thread 0x000001336100c5d0 nmethod 4101 0x000001335069e390 code [0x000001335069e560, 0x000001335069e838]
Event: 7.964 Thread 0x000001336100c5d0 4100       1       org.eclipse.jface.text.templates.TemplateVariableResolver::getType (5 bytes)
Event: 7.964 Thread 0x000001336100c5d0 nmethod 4100 0x0000013357ad2c10 code [0x0000013357ad2da0, 0x0000013357ad2e68]
Event: 7.969 Thread 0x000001336100c5d0 4102       3       java.security.MessageDigest::digest (12 bytes)
Event: 7.969 Thread 0x000001336100c5d0 nmethod 4102 0x000001335069e990 code [0x000001335069eb40, 0x000001335069ee00]
Event: 7.969 Thread 0x000001336100c5d0 4104       3       java.util.Arrays::fill (21 bytes)
Event: 7.970 Thread 0x000001336100c5d0 nmethod 4104 0x000001335069ef10 code [0x000001335069f0c0, 0x000001335069f258]
Event: 7.970 Thread 0x000001336100c5d0 4103       3       java.security.MessageDigest$Delegate::engineDigest (8 bytes)
Event: 7.970 Thread 0x000001336100c5d0 nmethod 4103 0x000001335069f390 code [0x000001335069f540, 0x000001335069f718]
Event: 7.983 Thread 0x000001336100c5d0 4105       3       jdk.internal.loader.AbstractClassLoaderValue::map (20 bytes)
Event: 7.983 Thread 0x000001336100c5d0 nmethod 4105 0x000001335069f810 code [0x000001335069f9e0, 0x000001335069fcb0]
Event: 7.984 Thread 0x000001336100c5d0 4106       3       jdk.internal.loader.AbstractClassLoaderValue::extractValue (17 bytes)
Event: 7.984 Thread 0x000001336100c5d0 nmethod 4106 0x000001335069fe10 code [0x000001335069ffe0, 0x00000133506a0368]
Event: 7.984 Thread 0x000001336100c5d0 4107   !   3       jdk.xml.internal.SecuritySupport::readConfig (150 bytes)
Event: 7.987 Thread 0x000001336100c5d0 nmethod 4107 0x00000133506a0490 code [0x00000133506a09e0, 0x00000133506a3828]
Event: 7.987 Thread 0x000001336100c5d0 4108       3       com.sun.org.apache.xerces.internal.utils.XMLSecurityManager::readSystemProperties (61 bytes)

GC Heap History (20 events):
Event: 3.016 GC heap before
{Heap before GC invocations=2 (full 0):
 PSYoungGen      total 29696K, used 28886K [0x00000000eab00000, 0x00000000ecc00000, 0x0000000100000000)
  eden space 25600K, 100% used [0x00000000eab00000,0x00000000ec400000,0x00000000ec400000)
  from space 4096K, 80% used [0x00000000ec400000,0x00000000ec735880,0x00000000ec800000)
  to   space 4096K, 0% used [0x00000000ec800000,0x00000000ec800000,0x00000000ecc00000)
 ParOldGen       total 68608K, used 16K [0x00000000c0000000, 0x00000000c4300000, 0x00000000eab00000)
  object space 68608K, 0% used [0x00000000c0000000,0x00000000c0004000,0x00000000c4300000)
 Metaspace       used 8070K, committed 8384K, reserved 1114112K
  class space    used 815K, committed 960K, reserved 1048576K
}
Event: 3.025 GC heap after
{Heap after GC invocations=2 (full 0):
 PSYoungGen      total 29696K, used 4082K [0x00000000eab00000, 0x00000000ecc00000, 0x0000000100000000)
  eden space 25600K, 0% used [0x00000000eab00000,0x00000000eab00000,0x00000000ec400000)
  from space 4096K, 99% used [0x00000000ec800000,0x00000000ecbfcb30,0x00000000ecc00000)
  to   space 4096K, 0% used [0x00000000ec400000,0x00000000ec400000,0x00000000ec800000)
 ParOldGen       total 68608K, used 1805K [0x00000000c0000000, 0x00000000c4300000, 0x00000000eab00000)
  object space 68608K, 2% used [0x00000000c0000000,0x00000000c01c3768,0x00000000c4300000)
 Metaspace       used 8070K, committed 8384K, reserved 1114112K
  class space    used 815K, committed 960K, reserved 1048576K
}
Event: 3.451 GC heap before
{Heap before GC invocations=3 (full 0):
 PSYoungGen      total 29696K, used 29680K [0x00000000eab00000, 0x00000000ecc00000, 0x0000000100000000)
  eden space 25600K, 99% used [0x00000000eab00000,0x00000000ec3ff700,0x00000000ec400000)
  from space 4096K, 99% used [0x00000000ec800000,0x00000000ecbfcb30,0x00000000ecc00000)
  to   space 4096K, 0% used [0x00000000ec400000,0x00000000ec400000,0x00000000ec800000)
 ParOldGen       total 68608K, used 1805K [0x00000000c0000000, 0x00000000c4300000, 0x00000000eab00000)
  object space 68608K, 2% used [0x00000000c0000000,0x00000000c01c3768,0x00000000c4300000)
 Metaspace       used 9342K, committed 9728K, reserved 1114112K
  class space    used 962K, committed 1152K, reserved 1048576K
}
Event: 3.459 GC heap after
{Heap after GC invocations=3 (full 0):
 PSYoungGen      total 29696K, used 4077K [0x00000000eab00000, 0x00000000ecc00000, 0x0000000100000000)
  eden space 25600K, 0% used [0x00000000eab00000,0x00000000eab00000,0x00000000ec400000)
  from space 4096K, 99% used [0x00000000ec400000,0x00000000ec7fb5d8,0x00000000ec800000)
  to   space 4096K, 0% used [0x00000000ec800000,0x00000000ec800000,0x00000000ecc00000)
 ParOldGen       total 68608K, used 5279K [0x00000000c0000000, 0x00000000c4300000, 0x00000000eab00000)
  object space 68608K, 7% used [0x00000000c0000000,0x00000000c0527f68,0x00000000c4300000)
 Metaspace       used 9342K, committed 9728K, reserved 1114112K
  class space    used 962K, committed 1152K, reserved 1048576K
}
Event: 4.430 GC heap before
{Heap before GC invocations=4 (full 0):
 PSYoungGen      total 29696K, used 29677K [0x00000000eab00000, 0x00000000ecc00000, 0x0000000100000000)
  eden space 25600K, 100% used [0x00000000eab00000,0x00000000ec400000,0x00000000ec400000)
  from space 4096K, 99% used [0x00000000ec400000,0x00000000ec7fb5d8,0x00000000ec800000)
  to   space 4096K, 0% used [0x00000000ec800000,0x00000000ec800000,0x00000000ecc00000)
 ParOldGen       total 68608K, used 5279K [0x00000000c0000000, 0x00000000c4300000, 0x00000000eab00000)
  object space 68608K, 7% used [0x00000000c0000000,0x00000000c0527f68,0x00000000c4300000)
 Metaspace       used 12220K, committed 12608K, reserved 1114112K
  class space    used 1247K, committed 1472K, reserved 1048576K
}
Event: 4.439 GC heap after
{Heap after GC invocations=4 (full 0):
 PSYoungGen      total 29696K, used 4086K [0x00000000eab00000, 0x00000000ecc00000, 0x0000000100000000)
  eden space 25600K, 0% used [0x00000000eab00000,0x00000000eab00000,0x00000000ec400000)
  from space 4096K, 99% used [0x00000000ec800000,0x00000000ecbfd960,0x00000000ecc00000)
  to   space 4096K, 0% used [0x00000000ec400000,0x00000000ec400000,0x00000000ec800000)
 ParOldGen       total 68608K, used 6961K [0x00000000c0000000, 0x00000000c4300000, 0x00000000eab00000)
  object space 68608K, 10% used [0x00000000c0000000,0x00000000c06cc5e0,0x00000000c4300000)
 Metaspace       used 12220K, committed 12608K, reserved 1114112K
  class space    used 1247K, committed 1472K, reserved 1048576K
}
Event: 5.609 GC heap before
{Heap before GC invocations=5 (full 0):
 PSYoungGen      total 29696K, used 29686K [0x00000000eab00000, 0x00000000ecc00000, 0x0000000100000000)
  eden space 25600K, 100% used [0x00000000eab00000,0x00000000ec400000,0x00000000ec400000)
  from space 4096K, 99% used [0x00000000ec800000,0x00000000ecbfd960,0x00000000ecc00000)
  to   space 4096K, 0% used [0x00000000ec400000,0x00000000ec400000,0x00000000ec800000)
 ParOldGen       total 68608K, used 6961K [0x00000000c0000000, 0x00000000c4300000, 0x00000000eab00000)
  object space 68608K, 10% used [0x00000000c0000000,0x00000000c06cc5e0,0x00000000c4300000)
 Metaspace       used 15446K, committed 16000K, reserved 1114112K
  class space    used 1544K, committed 1792K, reserved 1048576K
}
Event: 5.620 GC heap after
{Heap after GC invocations=5 (full 0):
 PSYoungGen      total 29184K, used 4075K [0x00000000eab00000, 0x00000000ece80000, 0x0000000100000000)
  eden space 25088K, 0% used [0x00000000eab00000,0x00000000eab00000,0x00000000ec380000)
  from space 4096K, 99% used [0x00000000ec400000,0x00000000ec7fac50,0x00000000ec800000)
  to   space 5632K, 0% used [0x00000000ec900000,0x00000000ec900000,0x00000000ece80000)
 ParOldGen       total 68608K, used 7920K [0x00000000c0000000, 0x00000000c4300000, 0x00000000eab00000)
  object space 68608K, 11% used [0x00000000c0000000,0x00000000c07bc220,0x00000000c4300000)
 Metaspace       used 15446K, committed 16000K, reserved 1114112K
  class space    used 1544K, committed 1792K, reserved 1048576K
}
Event: 6.166 GC heap before
{Heap before GC invocations=6 (full 0):
 PSYoungGen      total 29184K, used 29163K [0x00000000eab00000, 0x00000000ece80000, 0x0000000100000000)
  eden space 25088K, 100% used [0x00000000eab00000,0x00000000ec380000,0x00000000ec380000)
  from space 4096K, 99% used [0x00000000ec400000,0x00000000ec7fac50,0x00000000ec800000)
  to   space 5632K, 0% used [0x00000000ec900000,0x00000000ec900000,0x00000000ece80000)
 ParOldGen       total 68608K, used 7920K [0x00000000c0000000, 0x00000000c4300000, 0x00000000eab00000)
  object space 68608K, 11% used [0x00000000c0000000,0x00000000c07bc220,0x00000000c4300000)
 Metaspace       used 17890K, committed 18624K, reserved 1114112K
  class space    used 1812K, committed 2112K, reserved 1048576K
}
Event: 6.172 GC heap after
{Heap after GC invocations=6 (full 0):
 PSYoungGen      total 28672K, used 4057K [0x00000000eab00000, 0x00000000ecd00000, 0x0000000100000000)
  eden space 24576K, 0% used [0x00000000eab00000,0x00000000eab00000,0x00000000ec300000)
  from space 4096K, 99% used [0x00000000ec900000,0x00000000eccf67d8,0x00000000ecd00000)
  to   space 4608K, 0% used [0x00000000ec400000,0x00000000ec400000,0x00000000ec880000)
 ParOldGen       total 68608K, used 7928K [0x00000000c0000000, 0x00000000c4300000, 0x00000000eab00000)
  object space 68608K, 11% used [0x00000000c0000000,0x00000000c07be220,0x00000000c4300000)
 Metaspace       used 17890K, committed 18624K, reserved 1114112K
  class space    used 1812K, committed 2112K, reserved 1048576K
}
Event: 6.905 GC heap before
{Heap before GC invocations=7 (full 0):
 PSYoungGen      total 28672K, used 28633K [0x00000000eab00000, 0x00000000ecd00000, 0x0000000100000000)
  eden space 24576K, 100% used [0x00000000eab00000,0x00000000ec300000,0x00000000ec300000)
  from space 4096K, 99% used [0x00000000ec900000,0x00000000eccf67d8,0x00000000ecd00000)
  to   space 4608K, 0% used [0x00000000ec400000,0x00000000ec400000,0x00000000ec880000)
 ParOldGen       total 68608K, used 7928K [0x00000000c0000000, 0x00000000c4300000, 0x00000000eab00000)
  object space 68608K, 11% used [0x00000000c0000000,0x00000000c07be220,0x00000000c4300000)
 Metaspace       used 20243K, committed 21120K, reserved 1114112K
  class space    used 2026K, committed 2432K, reserved 1048576K
}
Event: 6.913 GC heap after
{Heap after GC invocations=7 (full 0):
 PSYoungGen      total 28672K, used 4598K [0x00000000eab00000, 0x00000000ed080000, 0x0000000100000000)
  eden space 24064K, 0% used [0x00000000eab00000,0x00000000eab00000,0x00000000ec280000)
  from space 4608K, 99% used [0x00000000ec400000,0x00000000ec87dbc8,0x00000000ec880000)
  to   space 7168K, 0% used [0x00000000ec980000,0x00000000ec980000,0x00000000ed080000)
 ParOldGen       total 68608K, used 9946K [0x00000000c0000000, 0x00000000c4300000, 0x00000000eab00000)
  object space 68608K, 14% used [0x00000000c0000000,0x00000000c09b68a8,0x00000000c4300000)
 Metaspace       used 20243K, committed 21120K, reserved 1114112K
  class space    used 2026K, committed 2432K, reserved 1048576K
}
Event: 6.962 GC heap before
{Heap before GC invocations=8 (full 0):
 PSYoungGen      total 28672K, used 9424K [0x00000000eab00000, 0x00000000ed080000, 0x0000000100000000)
  eden space 24064K, 20% used [0x00000000eab00000,0x00000000eafb6818,0x00000000ec280000)
  from space 4608K, 99% used [0x00000000ec400000,0x00000000ec87dbc8,0x00000000ec880000)
  to   space 7168K, 0% used [0x00000000ec980000,0x00000000ec980000,0x00000000ed080000)
 ParOldGen       total 68608K, used 9946K [0x00000000c0000000, 0x00000000c4300000, 0x00000000eab00000)
  object space 68608K, 14% used [0x00000000c0000000,0x00000000c09b68a8,0x00000000c4300000)
 Metaspace       used 20676K, committed 21504K, reserved 1114112K
  class space    used 2056K, committed 2432K, reserved 1048576K
}
Event: 6.967 GC heap after
{Heap after GC invocations=8 (full 0):
 PSYoungGen      total 28672K, used 4202K [0x00000000eab00000, 0x00000000ece00000, 0x0000000100000000)
  eden space 24064K, 0% used [0x00000000eab00000,0x00000000eab00000,0x00000000ec280000)
  from space 4608K, 91% used [0x00000000ec980000,0x00000000ecd9a980,0x00000000ece00000)
  to   space 5120K, 0% used [0x00000000ec400000,0x00000000ec400000,0x00000000ec900000)
 ParOldGen       total 68608K, used 10273K [0x00000000c0000000, 0x00000000c4300000, 0x00000000eab00000)
  object space 68608K, 14% used [0x00000000c0000000,0x00000000c0a08638,0x00000000c4300000)
 Metaspace       used 20676K, committed 21504K, reserved 1114112K
  class space    used 2056K, committed 2432K, reserved 1048576K
}
Event: 6.967 GC heap before
{Heap before GC invocations=9 (full 1):
 PSYoungGen      total 28672K, used 4202K [0x00000000eab00000, 0x00000000ece00000, 0x0000000100000000)
  eden space 24064K, 0% used [0x00000000eab00000,0x00000000eab00000,0x00000000ec280000)
  from space 4608K, 91% used [0x00000000ec980000,0x00000000ecd9a980,0x00000000ece00000)
  to   space 5120K, 0% used [0x00000000ec400000,0x00000000ec400000,0x00000000ec900000)
 ParOldGen       total 68608K, used 10273K [0x00000000c0000000, 0x00000000c4300000, 0x00000000eab00000)
  object space 68608K, 14% used [0x00000000c0000000,0x00000000c0a08638,0x00000000c4300000)
 Metaspace       used 20676K, committed 21504K, reserved 1114112K
  class space    used 2056K, committed 2432K, reserved 1048576K
}
Event: 7.018 GC heap after
{Heap after GC invocations=9 (full 1):
 PSYoungGen      total 28672K, used 0K [0x00000000eab00000, 0x00000000ece00000, 0x0000000100000000)
  eden space 24064K, 0% used [0x00000000eab00000,0x00000000eab00000,0x00000000ec280000)
  from space 4608K, 0% used [0x00000000ec980000,0x00000000ec980000,0x00000000ece00000)
  to   space 5120K, 0% used [0x00000000ec400000,0x00000000ec400000,0x00000000ec900000)
 ParOldGen       total 68608K, used 12576K [0x00000000c0000000, 0x00000000c4300000, 0x00000000eab00000)
  object space 68608K, 18% used [0x00000000c0000000,0x00000000c0c48000,0x00000000c4300000)
 Metaspace       used 20663K, committed 21504K, reserved 1114112K
  class space    used 2053K, committed 2432K, reserved 1048576K
}
Event: 7.385 GC heap before
{Heap before GC invocations=10 (full 1):
 PSYoungGen      total 28672K, used 24063K [0x00000000eab00000, 0x00000000ece00000, 0x0000000100000000)
  eden space 24064K, 99% used [0x00000000eab00000,0x00000000ec27fee0,0x00000000ec280000)
  from space 4608K, 0% used [0x00000000ec980000,0x00000000ec980000,0x00000000ece00000)
  to   space 5120K, 0% used [0x00000000ec400000,0x00000000ec400000,0x00000000ec900000)
 ParOldGen       total 68608K, used 12576K [0x00000000c0000000, 0x00000000c4300000, 0x00000000eab00000)
  object space 68608K, 18% used [0x00000000c0000000,0x00000000c0c48000,0x00000000c4300000)
 Metaspace       used 24376K, committed 25216K, reserved 1114112K
  class space    used 2325K, committed 2688K, reserved 1048576K
}
Event: 7.387 GC heap after
{Heap after GC invocations=10 (full 1):
 PSYoungGen      total 24064K, used 288K [0x00000000eab00000, 0x00000000eca00000, 0x0000000100000000)
  eden space 23552K, 0% used [0x00000000eab00000,0x00000000eab00000,0x00000000ec200000)
  from space 512K, 56% used [0x00000000ec400000,0x00000000ec448000,0x00000000ec480000)
  to   space 2048K, 0% used [0x00000000ec800000,0x00000000ec800000,0x00000000eca00000)
 ParOldGen       total 68608K, used 12576K [0x00000000c0000000, 0x00000000c4300000, 0x00000000eab00000)
  object space 68608K, 18% used [0x00000000c0000000,0x00000000c0c48000,0x00000000c4300000)
 Metaspace       used 24376K, committed 25216K, reserved 1114112K
  class space    used 2325K, committed 2688K, reserved 1048576K
}
Event: 7.797 GC heap before
{Heap before GC invocations=11 (full 1):
 PSYoungGen      total 24064K, used 23840K [0x00000000eab00000, 0x00000000eca00000, 0x0000000100000000)
  eden space 23552K, 100% used [0x00000000eab00000,0x00000000ec200000,0x00000000ec200000)
  from space 512K, 56% used [0x00000000ec400000,0x00000000ec448000,0x00000000ec480000)
  to   space 2048K, 0% used [0x00000000ec800000,0x00000000ec800000,0x00000000eca00000)
 ParOldGen       total 68608K, used 12576K [0x00000000c0000000, 0x00000000c4300000, 0x00000000eab00000)
  object space 68608K, 18% used [0x00000000c0000000,0x00000000c0c48000,0x00000000c4300000)
 Metaspace       used 25708K, committed 26496K, reserved 1114112K
  class space    used 2416K, committed 2752K, reserved 1048576K
}
Event: 7.802 GC heap after
{Heap after GC invocations=11 (full 1):
 PSYoungGen      total 25088K, used 1930K [0x00000000eab00000, 0x00000000eca00000, 0x0000000100000000)
  eden space 23040K, 0% used [0x00000000eab00000,0x00000000eab00000,0x00000000ec180000)
  from space 2048K, 94% used [0x00000000ec800000,0x00000000ec9e2a70,0x00000000eca00000)
  to   space 2560K, 0% used [0x00000000ec500000,0x00000000ec500000,0x00000000ec780000)
 ParOldGen       total 68608K, used 13365K [0x00000000c0000000, 0x00000000c4300000, 0x00000000eab00000)
  object space 68608K, 19% used [0x00000000c0000000,0x00000000c0d0d510,0x00000000c4300000)
 Metaspace       used 25708K, committed 26496K, reserved 1114112K
  class space    used 2416K, committed 2752K, reserved 1048576K
}

Dll operation events (11 events):
Event: 0.019 Loaded shared library c:\Users\senud\.vscode\extensions\redhat.java-1.42.0-win32-x64\jre\21.0.7-win32-x86_64\bin\java.dll
Event: 0.190 Loaded shared library c:\Users\senud\.vscode\extensions\redhat.java-1.42.0-win32-x64\jre\21.0.7-win32-x86_64\bin\zip.dll
Event: 0.267 Loaded shared library C:\Users\senud\.vscode\extensions\redhat.java-1.42.0-win32-x64\jre\21.0.7-win32-x86_64\bin\instrument.dll
Event: 0.289 Loaded shared library C:\Users\senud\.vscode\extensions\redhat.java-1.42.0-win32-x64\jre\21.0.7-win32-x86_64\bin\net.dll
Event: 0.303 Loaded shared library C:\Users\senud\.vscode\extensions\redhat.java-1.42.0-win32-x64\jre\21.0.7-win32-x86_64\bin\nio.dll
Event: 0.313 Loaded shared library C:\Users\senud\.vscode\extensions\redhat.java-1.42.0-win32-x64\jre\21.0.7-win32-x86_64\bin\zip.dll
Event: 0.367 Loaded shared library C:\Users\senud\.vscode\extensions\redhat.java-1.42.0-win32-x64\jre\21.0.7-win32-x86_64\bin\jimage.dll
Event: 0.599 Loaded shared library c:\Users\senud\.vscode\extensions\redhat.java-1.42.0-win32-x64\jre\21.0.7-win32-x86_64\bin\verify.dll
Event: 3.030 Loaded shared library C:\Users\senud\AppData\Roaming\Code\User\globalStorage\redhat.java\1.42.0\config_win\org.eclipse.equinox.launcher\org.eclipse.equinox.launcher.win32.win32.x86_64_1.2.1300.v20250331-1702\eclipse_11911.dll
Event: 7.898 Loaded shared library C:\Users\senud\.vscode\extensions\redhat.java-1.42.0-win32-x64\jre\21.0.7-win32-x86_64\bin\management.dll
Event: 7.904 Loaded shared library C:\Users\senud\.vscode\extensions\redhat.java-1.42.0-win32-x64\jre\21.0.7-win32-x86_64\bin\management_ext.dll

Deoptimization events (20 events):
Event: 7.837 Thread 0x00000133677f85e0 Uncommon trap: trap_request=0xffffffde fr.pc=0x0000013357ab35b8 relative=0x00000000000000f8
Event: 7.838 Thread 0x00000133677f85e0 Uncommon trap: reason=class_check action=maybe_recompile pc=0x0000013357ab35b8 method=java.lang.Character.codePointAt(Ljava/lang/CharSequence;I)I @ 2 c2
Event: 7.838 Thread 0x00000133677f85e0 DEOPT PACKING pc=0x0000013357ab35b8 sp=0x0000001da88fe570
Event: 7.838 Thread 0x00000133677f85e0 DEOPT UNPACKING pc=0x00000133573b6da2 sp=0x0000001da88fe4f8 mode 2
Event: 7.838 Thread 0x00000133677f85e0 Uncommon trap: trap_request=0xffffffde fr.pc=0x0000013357ab35b8 relative=0x00000000000000f8
Event: 7.838 Thread 0x00000133677f85e0 Uncommon trap: reason=class_check action=maybe_recompile pc=0x0000013357ab35b8 method=java.lang.Character.codePointAt(Ljava/lang/CharSequence;I)I @ 2 c2
Event: 7.838 Thread 0x00000133677f85e0 DEOPT PACKING pc=0x0000013357ab35b8 sp=0x0000001da88fe570
Event: 7.838 Thread 0x00000133677f85e0 DEOPT UNPACKING pc=0x00000133573b6da2 sp=0x0000001da88fe4f8 mode 2
Event: 7.838 Thread 0x00000133677f85e0 Uncommon trap: trap_request=0xffffffde fr.pc=0x0000013357ab35b8 relative=0x00000000000000f8
Event: 7.838 Thread 0x00000133677f85e0 Uncommon trap: reason=class_check action=maybe_recompile pc=0x0000013357ab35b8 method=java.lang.Character.codePointAt(Ljava/lang/CharSequence;I)I @ 2 c2
Event: 7.838 Thread 0x00000133677f85e0 DEOPT PACKING pc=0x0000013357ab35b8 sp=0x0000001da88fe570
Event: 7.838 Thread 0x00000133677f85e0 DEOPT UNPACKING pc=0x00000133573b6da2 sp=0x0000001da88fe4f8 mode 2
Event: 7.838 Thread 0x00000133677f85e0 Uncommon trap: trap_request=0xffffffde fr.pc=0x0000013357ab35b8 relative=0x00000000000000f8
Event: 7.838 Thread 0x00000133677f85e0 Uncommon trap: reason=class_check action=maybe_recompile pc=0x0000013357ab35b8 method=java.lang.Character.codePointAt(Ljava/lang/CharSequence;I)I @ 2 c2
Event: 7.838 Thread 0x00000133677f85e0 DEOPT PACKING pc=0x0000013357ab35b8 sp=0x0000001da88fe570
Event: 7.838 Thread 0x00000133677f85e0 DEOPT UNPACKING pc=0x00000133573b6da2 sp=0x0000001da88fe4f8 mode 2
Event: 7.838 Thread 0x00000133677f85e0 Uncommon trap: trap_request=0xffffff76 fr.pc=0x0000013357a89200 relative=0x0000000000000380
Event: 7.838 Thread 0x00000133677f85e0 Uncommon trap: reason=predicate action=maybe_recompile pc=0x0000013357a89200 method=java.util.regex.Pattern$BmpCharPropertyGreedy.match(Ljava/util/regex/Matcher;ILjava/lang/CharSequence;)Z @ 12 c2
Event: 7.838 Thread 0x00000133677f85e0 DEOPT PACKING pc=0x0000013357a89200 sp=0x0000001da88fe4b0
Event: 7.838 Thread 0x00000133677f85e0 DEOPT UNPACKING pc=0x00000133573b6da2 sp=0x0000001da88fe458 mode 2

Classes loaded (20 events):
Event: 7.977 Loading class com/sun/org/apache/xerces/internal/jaxp/DocumentBuilderFactoryImpl
Event: 7.977 Loading class com/sun/org/apache/xerces/internal/jaxp/DocumentBuilderFactoryImpl done
Event: 7.977 Loading class com/sun/org/apache/xerces/internal/jaxp/DocumentBuilderImpl
Event: 7.977 Loading class javax/xml/parsers/DocumentBuilder
Event: 7.978 Loading class javax/xml/parsers/DocumentBuilder done
Event: 7.978 Loading class com/sun/org/apache/xerces/internal/jaxp/DocumentBuilderImpl done
Event: 7.978 Loading class com/sun/org/apache/xerces/internal/parsers/DOMParser
Event: 7.978 Loading class com/sun/org/apache/xerces/internal/parsers/AbstractDOMParser
Event: 7.979 Loading class com/sun/org/apache/xerces/internal/parsers/AbstractDOMParser done
Event: 7.980 Loading class com/sun/org/apache/xerces/internal/parsers/DOMParser done
Event: 7.986 Loading class com/sun/org/apache/xerces/internal/dom/DocumentImpl
Event: 7.986 Loading class org/w3c/dom/traversal/DocumentTraversal
Event: 7.986 Loading class org/w3c/dom/traversal/DocumentTraversal done
Event: 7.986 Loading class org/w3c/dom/events/DocumentEvent
Event: 7.986 Loading class org/w3c/dom/events/DocumentEvent done
Event: 7.986 Loading class org/w3c/dom/ranges/DocumentRange
Event: 7.987 Loading class org/w3c/dom/ranges/DocumentRange done
Event: 7.987 Loading class com/sun/org/apache/xerces/internal/dom/CoreDocumentImpl
Event: 7.987 Loading class org/w3c/dom/Document
Event: 7.988 Loading class org/w3c/dom/Document done

Classes unloaded (7 events):
Event: 6.975 Thread 0x000001334cce7810 Unloading class 0x000001330119c400 'java/lang/invoke/LambdaForm$MH+0x000001330119c400'
Event: 6.975 Thread 0x000001334cce7810 Unloading class 0x000001330119c000 'java/lang/invoke/LambdaForm$MH+0x000001330119c000'
Event: 6.975 Thread 0x000001334cce7810 Unloading class 0x000001330119bc00 'java/lang/invoke/LambdaForm$MH+0x000001330119bc00'
Event: 6.975 Thread 0x000001334cce7810 Unloading class 0x000001330119b800 'java/lang/invoke/LambdaForm$MH+0x000001330119b800'
Event: 6.975 Thread 0x000001334cce7810 Unloading class 0x000001330119b400 'java/lang/invoke/LambdaForm$BMH+0x000001330119b400'
Event: 6.975 Thread 0x000001334cce7810 Unloading class 0x000001330119b000 'java/lang/invoke/LambdaForm$DMH+0x000001330119b000'
Event: 6.975 Thread 0x000001334cce7810 Unloading class 0x0000013301199c00 'java/lang/invoke/LambdaForm$DMH+0x0000013301199c00'

Classes redefined (0 events):
No events

Internal exceptions (20 events):
Event: 7.481 Thread 0x000001336777c3b0 Exception <a 'java/lang/NoSuchMethodError'{0x00000000eb6c70d0}: 'java.lang.Object java.lang.invoke.DirectMethodHandle$Holder.newInvokeSpecial(java.lang.Object, int, java.lang.Object, java.lang.Object)'> (0x00000000eb6c70d0) 
thrown [s\src\hotspot\share\interpreter\linkResolver.cpp, line 773]
Event: 7.486 Thread 0x000001336777c3b0 Exception <a 'java/io/FileNotFoundException'{0x00000000eb6e98f8}> (0x00000000eb6e98f8) 
thrown [s\src\hotspot\share\prims\jni.cpp, line 520]
Event: 7.747 Thread 0x000001336777c3b0 Exception <a 'java/lang/NoSuchMethodError'{0x00000000ec041990}: 'java.lang.Object java.lang.invoke.DirectMethodHandle$Holder.invokeStaticInit(java.lang.Object, int, int, int, int)'> (0x00000000ec041990) 
thrown [s\src\hotspot\share\interpreter\linkResolver.cpp, line 773]
Event: 7.787 Thread 0x00000133677fad40 Exception <a 'java/lang/NoSuchMethodError'{0x00000000ec1852b8}: 'java.lang.Object java.lang.invoke.DirectMethodHandle$Holder.invokeStaticInit(java.lang.Object, java.lang.Object, java.lang.Object, java.lang.Object, java.lang.Object, java.lang.Object, java.lang.Object)'> (0x00000000ec1852b8) 
thrown [s\src\hotspot\share\interpreter\linkResolver.cpp, line 773]
Event: 7.788 Thread 0x00000133677fad40 Exception <a 'java/lang/NoSuchMethodError'{0x00000000ec19e0f8}: 'java.lang.Object java.lang.invoke.Invokers$Holder.invoke_MT(java.lang.Object, java.lang.Object, java.lang.Object, java.lang.Object, java.lang.Object, java.lang.Object, java.lang.Object, java.lang.Object, java.lang.Object)'> (0x00000000ec19e0f8) 
thrown [s\src\hotspot\share\interpreter\linkResolver.cpp, line 773]
Event: 7.811 Thread 0x00000133677f85e0 Exception <a 'java/lang/NoSuchMethodError'{0x00000000eabb7f00}: 'int java.lang.invoke.DirectMethodHandle$Holder.invokeVirtual(java.lang.Object, java.lang.Object, java.lang.Object)'> (0x00000000eabb7f00) 
thrown [s\src\hotspot\share\interpreter\linkResolver.cpp, line 773]
Event: 7.812 Thread 0x00000133677f85e0 Exception <a 'java/lang/NoSuchMethodError'{0x00000000eabbc0f8}: 'int java.lang.invoke.DirectMethodHandle$Holder.invokeStaticInit(java.lang.Object, int, int)'> (0x00000000eabbc0f8) 
thrown [s\src\hotspot\share\interpreter\linkResolver.cpp, line 773]
Event: 7.812 Thread 0x00000133677f85e0 Exception <a 'java/lang/NoSuchMethodError'{0x00000000eabc36a0}: 'int java.lang.invoke.DirectMethodHandle$Holder.invokeStaticInit(java.lang.Object, long, long)'> (0x00000000eabc36a0) 
thrown [s\src\hotspot\share\interpreter\linkResolver.cpp, line 773]
Event: 7.815 Thread 0x00000133677f85e0 Exception <a 'java/lang/NoSuchMethodError'{0x00000000eabca320}: 'int java.lang.invoke.DirectMethodHandle$Holder.invokeStaticInit(java.lang.Object, float, float)'> (0x00000000eabca320) 
thrown [s\src\hotspot\share\interpreter\linkResolver.cpp, line 773]
Event: 7.816 Thread 0x00000133677f85e0 Exception <a 'java/lang/NoSuchMethodError'{0x00000000eac3cb60}: 'int java.lang.invoke.DirectMethodHandle$Holder.invokeStaticInit(java.lang.Object, double, double)'> (0x00000000eac3cb60) 
thrown [s\src\hotspot\share\interpreter\linkResolver.cpp, line 773]
Event: 7.816 Thread 0x000001336777c3b0 Exception <a 'java/lang/NoSuchMethodError'{0x00000000eabe32f0}: 'java.lang.Object java.lang.invoke.DirectMethodHandle$Holder.invokeStaticInit(java.lang.Object, java.lang.Object, int, int, int, int)'> (0x00000000eabe32f0) 
thrown [s\src\hotspot\share\interpreter\linkResolver.cpp, line 773]
Event: 7.816 Thread 0x00000133677f85e0 Exception <a 'java/lang/NoSuchMethodError'{0x00000000eac43fb0}: 'int java.lang.invoke.DirectMethodHandle$Holder.invokeStatic(java.lang.Object, long)'> (0x00000000eac43fb0) 
thrown [s\src\hotspot\share\interpreter\linkResolver.cpp, line 773]
Event: 7.819 Thread 0x00000133677fad40 Exception <a 'java/lang/NoSuchMethodError'{0x00000000eaba8238}: 'int java.lang.invoke.DirectMethodHandle$Holder.invokeSpecial(java.lang.Object, java.lang.Object, int, int)'> (0x00000000eaba8238) 
thrown [s\src\hotspot\share\interpreter\linkResolver.cpp, line 773]
Event: 7.820 Thread 0x00000133677f85e0 Exception <a 'java/lang/NoSuchMethodError'{0x00000000eac670e0}: 'int java.lang.invoke.Invokers$Holder.linkToTargetMethod(java.lang.Object, java.lang.Object)'> (0x00000000eac670e0) 
thrown [s\src\hotspot\share\interpreter\linkResolver.cpp, line 773]
Event: 7.820 Thread 0x00000133677fad40 Exception <a 'java/lang/NoSuchMethodError'{0x00000000eac6c638}: 'int java.lang.invoke.Invokers$Holder.linkToTargetMethod(java.lang.Object, java.lang.Object)'> (0x00000000eac6c638) 
thrown [s\src\hotspot\share\interpreter\linkResolver.cpp, line 773]
Event: 7.821 Thread 0x00000133677fad40 Exception <a 'java/lang/NoSuchMethodError'{0x00000000eac7ac60}: 'int java.lang.invoke.DirectMethodHandle$Holder.invokeSpecial(java.lang.Object, java.lang.Object, java.lang.Object, java.lang.Object)'> (0x00000000eac7ac60) 
thrown [s\src\hotspot\share\interpreter\linkResolver.cpp, line 773]
Event: 7.823 Thread 0x00000133677fad40 Exception <a 'java/lang/NoSuchMethodError'{0x00000000eac9d088}: 'java.lang.Object java.lang.invoke.DirectMethodHandle$Holder.invokeStatic(java.lang.Object, int, java.lang.Object, java.lang.Object)'> (0x00000000eac9d088) 
thrown [s\src\hotspot\share\interpreter\linkResolver.cpp, line 773]
Event: 7.823 Thread 0x00000133677fad40 Exception <a 'java/lang/NoSuchMethodError'{0x00000000eaca0b10}: 'java.lang.Object java.lang.invoke.DelegatingMethodHandle$Holder.delegate(java.lang.Object, int, java.lang.Object, java.lang.Object)'> (0x00000000eaca0b10) 
thrown [s\src\hotspot\share\interpreter\linkResolver.cpp, line 773]
Event: 7.831 Thread 0x00000133677fad40 Exception <a 'java/lang/NoSuchMethodError'{0x00000000eacefea8}: 'int java.lang.invoke.Invokers$Holder.linkToTargetMethod(java.lang.Object, java.lang.Object, java.lang.Object)'> (0x00000000eacefea8) 
thrown [s\src\hotspot\share\interpreter\linkResolver.cpp, line 773]
Event: 7.863 Thread 0x00000133677f85e0 Exception <a 'java/lang/NoSuchMethodError'{0x00000000eaf2da48}: 'java.lang.Object java.lang.invoke.DirectMethodHandle$Holder.invokeSpecialIFC(java.lang.Object, java.lang.Object, java.lang.Object, java.lang.Object)'> (0x00000000eaf2da48) 
thrown [s\src\hotspot\share\interpreter\linkResolver.cpp, line 773]

ZGC Phase Switch (0 events):
No events

VM Operations (20 events):
Event: 6.905 Executing VM operation: ParallelGCFailedAllocation (Allocation Failure)
Event: 6.913 Executing VM operation: ParallelGCFailedAllocation (Allocation Failure) done
Event: 6.962 Executing VM operation: CollectForMetadataAllocation (Metadata GC Threshold)
Event: 7.018 Executing VM operation: CollectForMetadataAllocation (Metadata GC Threshold) done
Event: 7.385 Executing VM operation: ParallelGCFailedAllocation (Allocation Failure)
Event: 7.387 Executing VM operation: ParallelGCFailedAllocation (Allocation Failure) done
Event: 7.665 Executing VM operation: HandshakeAllThreads (Deoptimize)
Event: 7.665 Executing VM operation: HandshakeAllThreads (Deoptimize) done
Event: 7.726 Executing VM operation: HandshakeAllThreads (Deoptimize)
Event: 7.726 Executing VM operation: HandshakeAllThreads (Deoptimize) done
Event: 7.757 Executing VM operation: HandshakeAllThreads (Deoptimize)
Event: 7.757 Executing VM operation: HandshakeAllThreads (Deoptimize) done
Event: 7.787 Executing VM operation: HandshakeAllThreads (Deoptimize)
Event: 7.788 Executing VM operation: HandshakeAllThreads (Deoptimize) done
Event: 7.794 Executing VM operation: ParallelGCFailedAllocation (Allocation Failure)
Event: 7.802 Executing VM operation: ParallelGCFailedAllocation (Allocation Failure) done
Event: 7.827 Executing VM operation: HandshakeAllThreads (Deoptimize)
Event: 7.827 Executing VM operation: HandshakeAllThreads (Deoptimize) done
Event: 7.981 Executing VM operation: HandshakeAllThreads (Deoptimize)
Event: 7.981 Executing VM operation: HandshakeAllThreads (Deoptimize) done

Memory protections (0 events):
No events

Nmethod flushes (0 events):
No events

Events (20 events):
Event: 0.840 Thread 0x000001334a918df0 Thread added: 0x0000013362cd4210
Event: 0.847 Thread 0x000001336100c5d0 Thread added: 0x0000013362c58a60
Event: 0.989 Thread 0x0000013362c58a60 Thread exited: 0x0000013362c58a60
Event: 1.088 Thread 0x000001336100c5d0 Thread added: 0x0000013362c58c90
Event: 2.700 Thread 0x000001334a918df0 Thread added: 0x00000133677ea220
Event: 3.012 Thread 0x000001334a918df0 Thread added: 0x00000133677cefc0
Event: 3.065 Thread 0x00000133677cefc0 Thread added: 0x000001336777d4a0
Event: 3.069 Thread 0x000001334a918df0 Thread added: 0x000001336777c3b0
Event: 3.482 Thread 0x000001336777c3b0 Thread added: 0x0000013367e6f340
Event: 3.817 Thread 0x000001336777c3b0 Thread added: 0x0000013367f73710
Event: 4.006 Thread 0x000001336777c3b0 Thread added: 0x0000013367df1810
Event: 4.012 Thread 0x0000013362c58c90 Thread exited: 0x0000013362c58c90
Event: 4.544 Thread 0x000001336100ad10 Thread added: 0x0000013367cdc130
Event: 4.897 Thread 0x0000013367cdc130 Thread exited: 0x0000013367cdc130
Event: 5.264 Thread 0x000001336777c3b0 Thread added: 0x00000133677fa020
Event: 5.642 Thread 0x000001336777c3b0 Thread added: 0x00000133677f85e0
Event: 5.670 Thread 0x000001336777c3b0 Thread added: 0x00000133677fad40
Event: 6.744 Thread 0x000001336100c5d0 Thread added: 0x00000133681b87b0
Event: 7.699 Thread 0x000001336777c3b0 Thread added: 0x00000133677f8c70
Event: 7.783 Thread 0x00000133677fad40 Thread added: 0x00000133677fa6b0


Dynamic libraries:
0x00007ff71bf10000 - 0x00007ff71bf1e000 	c:\Users\senud\.vscode\extensions\redhat.java-1.42.0-win32-x64\jre\21.0.7-win32-x86_64\bin\java.exe
0x00007ffd8af30000 - 0x00007ffd8b147000 	C:\WINDOWS\SYSTEM32\ntdll.dll
0x00007ffd765a0000 - 0x00007ffd765bb000 	C:\Program Files\AVG\Antivirus\aswhook.dll
0x00007ffd89e90000 - 0x00007ffd89f54000 	C:\WINDOWS\System32\KERNEL32.DLL
0x00007ffd88340000 - 0x00007ffd88713000 	C:\WINDOWS\System32\KERNELBASE.dll
0x00007ffd88750000 - 0x00007ffd88861000 	C:\WINDOWS\System32\ucrtbase.dll
0x00007ffd6ff90000 - 0x00007ffd6ffa8000 	c:\Users\senud\.vscode\extensions\redhat.java-1.42.0-win32-x64\jre\21.0.7-win32-x86_64\bin\jli.dll
0x00007ffd88d20000 - 0x00007ffd88ed1000 	C:\WINDOWS\System32\USER32.dll
0x00007ffd889b0000 - 0x00007ffd889d6000 	C:\WINDOWS\System32\win32u.dll
0x00007ffd89db0000 - 0x00007ffd89dd9000 	C:\WINDOWS\System32\GDI32.dll
0x00007ffd88020000 - 0x00007ffd88142000 	C:\WINDOWS\System32\gdi32full.dll
0x00007ffd88b20000 - 0x00007ffd88bba000 	C:\WINDOWS\System32\msvcp_win.dll
0x00007ffd54140000 - 0x00007ffd5415e000 	c:\Users\senud\.vscode\extensions\redhat.java-1.42.0-win32-x64\jre\21.0.7-win32-x86_64\bin\VCRUNTIME140.dll
0x00007ffd6c600000 - 0x00007ffd6c89b000 	C:\WINDOWS\WinSxS\amd64_microsoft.windows.common-controls_6595b64144ccf1df_6.0.22621.5262_none_2712bde373830908\COMCTL32.dll
0x00007ffd89b10000 - 0x00007ffd89bb7000 	C:\WINDOWS\System32\msvcrt.dll
0x00007ffd89c40000 - 0x00007ffd89c71000 	C:\WINDOWS\System32\IMM32.DLL
0x00007ffd75c80000 - 0x00007ffd75c8c000 	c:\Users\senud\.vscode\extensions\redhat.java-1.42.0-win32-x64\jre\21.0.7-win32-x86_64\bin\vcruntime140_1.dll
0x00007ffd4e4c0000 - 0x00007ffd4e54d000 	c:\Users\senud\.vscode\extensions\redhat.java-1.42.0-win32-x64\jre\21.0.7-win32-x86_64\bin\msvcp140.dll
0x00007ffd2cbc0000 - 0x00007ffd2d950000 	c:\Users\senud\.vscode\extensions\redhat.java-1.42.0-win32-x64\jre\21.0.7-win32-x86_64\bin\server\jvm.dll
0x00007ffd8aa10000 - 0x00007ffd8aac1000 	C:\WINDOWS\System32\ADVAPI32.dll
0x00007ffd88ee0000 - 0x00007ffd88f87000 	C:\WINDOWS\System32\sechost.dll
0x00007ffd88720000 - 0x00007ffd88748000 	C:\WINDOWS\System32\bcrypt.dll
0x00007ffd89830000 - 0x00007ffd89944000 	C:\WINDOWS\System32\RPCRT4.dll
0x00007ffd89bc0000 - 0x00007ffd89c31000 	C:\WINDOWS\System32\WS2_32.dll
0x00007ffd86e90000 - 0x00007ffd86edd000 	C:\WINDOWS\SYSTEM32\POWRPROF.dll
0x00007ffd7fe60000 - 0x00007ffd7fe94000 	C:\WINDOWS\SYSTEM32\WINMM.dll
0x00007ffd7cc80000 - 0x00007ffd7cc8a000 	C:\WINDOWS\SYSTEM32\VERSION.dll
0x00007ffd86e60000 - 0x00007ffd86e73000 	C:\WINDOWS\SYSTEM32\UMPDC.dll
0x00007ffd87150000 - 0x00007ffd87168000 	C:\WINDOWS\SYSTEM32\kernel.appcore.dll
0x00007ffd6ff80000 - 0x00007ffd6ff8a000 	c:\Users\senud\.vscode\extensions\redhat.java-1.42.0-win32-x64\jre\21.0.7-win32-x86_64\bin\jimage.dll
0x00007ffd85a70000 - 0x00007ffd85ca2000 	C:\WINDOWS\SYSTEM32\DBGHELP.DLL
0x00007ffd8a060000 - 0x00007ffd8a3f3000 	C:\WINDOWS\System32\combase.dll
0x00007ffd89f70000 - 0x00007ffd8a047000 	C:\WINDOWS\System32\OLEAUT32.dll
0x00007ffd75710000 - 0x00007ffd75742000 	C:\WINDOWS\SYSTEM32\dbgcore.DLL
0x00007ffd88150000 - 0x00007ffd881cb000 	C:\WINDOWS\System32\bcryptPrimitives.dll
0x00007ffd603a0000 - 0x00007ffd603af000 	c:\Users\senud\.vscode\extensions\redhat.java-1.42.0-win32-x64\jre\21.0.7-win32-x86_64\bin\instrument.dll
0x00007ffd4d500000 - 0x00007ffd4d51f000 	c:\Users\senud\.vscode\extensions\redhat.java-1.42.0-win32-x64\jre\21.0.7-win32-x86_64\bin\java.dll
0x00007ffd88f90000 - 0x00007ffd8982d000 	C:\WINDOWS\System32\SHELL32.dll
0x00007ffd889e0000 - 0x00007ffd88b1f000 	C:\WINDOWS\System32\wintypes.dll
0x00007ffd85f20000 - 0x00007ffd8683d000 	C:\WINDOWS\SYSTEM32\windows.storage.dll
0x00007ffd8a900000 - 0x00007ffd8aa0b000 	C:\WINDOWS\System32\SHCORE.dll
0x00007ffd89c80000 - 0x00007ffd89ce6000 	C:\WINDOWS\System32\shlwapi.dll
0x00007ffd87f50000 - 0x00007ffd87f7b000 	C:\WINDOWS\SYSTEM32\profapi.dll
0x00007ffd46640000 - 0x00007ffd46658000 	c:\Users\senud\.vscode\extensions\redhat.java-1.42.0-win32-x64\jre\21.0.7-win32-x86_64\bin\zip.dll
0x00007ffd5ffe0000 - 0x00007ffd5fff0000 	C:\Users\senud\.vscode\extensions\redhat.java-1.42.0-win32-x64\jre\21.0.7-win32-x86_64\bin\net.dll
0x00007ffd81410000 - 0x00007ffd8153c000 	C:\WINDOWS\SYSTEM32\WINHTTP.dll
0x00007ffd875d0000 - 0x00007ffd8763a000 	C:\WINDOWS\system32\mswsock.dll
0x00007ffd43560000 - 0x00007ffd43576000 	C:\Users\senud\.vscode\extensions\redhat.java-1.42.0-win32-x64\jre\21.0.7-win32-x86_64\bin\nio.dll
0x00007ffd5ffa0000 - 0x00007ffd5ffb0000 	c:\Users\senud\.vscode\extensions\redhat.java-1.42.0-win32-x64\jre\21.0.7-win32-x86_64\bin\verify.dll
0x00007ffd71670000 - 0x00007ffd716b5000 	C:\Users\senud\AppData\Roaming\Code\User\globalStorage\redhat.java\1.42.0\config_win\org.eclipse.equinox.launcher\org.eclipse.equinox.launcher.win32.win32.x86_64_1.2.1300.v20250331-1702\eclipse_11911.dll
0x00007ffd89950000 - 0x00007ffd89af1000 	C:\WINDOWS\System32\ole32.dll
0x00007ffd87830000 - 0x00007ffd8784b000 	C:\WINDOWS\SYSTEM32\CRYPTSP.dll
0x00007ffd870b0000 - 0x00007ffd870e7000 	C:\WINDOWS\system32\rsaenh.dll
0x00007ffd876c0000 - 0x00007ffd876e8000 	C:\WINDOWS\SYSTEM32\USERENV.dll
0x00007ffd87820000 - 0x00007ffd8782c000 	C:\WINDOWS\SYSTEM32\CRYPTBASE.dll
0x00007ffd86b10000 - 0x00007ffd86b3d000 	C:\WINDOWS\SYSTEM32\IPHLPAPI.DLL
0x00007ffd8a050000 - 0x00007ffd8a059000 	C:\WINDOWS\System32\NSI.dll
0x00007ffd7da90000 - 0x00007ffd7da9a000 	C:\Users\senud\.vscode\extensions\redhat.java-1.42.0-win32-x64\jre\21.0.7-win32-x86_64\bin\management.dll
0x00007ffd7da80000 - 0x00007ffd7da8b000 	C:\Users\senud\.vscode\extensions\redhat.java-1.42.0-win32-x64\jre\21.0.7-win32-x86_64\bin\management_ext.dll
0x00007ffd89b00000 - 0x00007ffd89b08000 	C:\WINDOWS\System32\PSAPI.DLL

dbghelp: loaded successfully - version: 4.0.5 - missing functions: none
symbol engine: initialized successfully - sym options: 0x614 - pdb path: .;c:\Users\senud\.vscode\extensions\redhat.java-1.42.0-win32-x64\jre\21.0.7-win32-x86_64\bin;C:\WINDOWS\SYSTEM32;C:\Program Files\AVG\Antivirus;C:\WINDOWS\WinSxS\amd64_microsoft.windows.common-controls_6595b64144ccf1df_6.0.22621.5262_none_2712bde373830908;c:\Users\senud\.vscode\extensions\redhat.java-1.42.0-win32-x64\jre\21.0.7-win32-x86_64\bin\server;C:\Users\senud\AppData\Roaming\Code\User\globalStorage\redhat.java\1.42.0\config_win\org.eclipse.equinox.launcher\org.eclipse.equinox.launcher.win32.win32.x86_64_1.2.1300.v20250331-1702

VM Arguments:
jvm_args: --add-modules=ALL-SYSTEM --add-opens=java.base/java.util=ALL-UNNAMED --add-opens=java.base/java.lang=ALL-UNNAMED --add-opens=java.base/sun.nio.fs=ALL-UNNAMED -Declipse.application=org.eclipse.jdt.ls.core.id1 -Dosgi.bundles.defaultStartLevel=4 -Declipse.product=org.eclipse.jdt.ls.core.product -Djava.import.generatesMetadataFilesAtProjectRoot=false -DDetectVMInstallationsJob.disabled=true -Dfile.encoding=utf8 -XX:+UseParallelGC -XX:GCTimeRatio=4 -XX:AdaptiveSizePolicyWeight=90 -Dsun.zip.disableMemoryMapping=true -Xmx1G -Xms100m -Xlog:disable -javaagent:c:\Users\senud\.vscode\extensions\redhat.java-1.42.0-win32-x64\lombok\lombok-1.18.36.jar -XX:+HeapDumpOnOutOfMemoryError -XX:HeapDumpPath=c:\Users\senud\AppData\Roaming\Code\User\workspaceStorage\66e74ebb197f672106f00fb0d3bd8166\redhat.java -Daether.dependencyCollector.impl=bf 
java_command: c:\Users\senud\.vscode\extensions\redhat.java-1.42.0-win32-x64\server\plugins\org.eclipse.equinox.launcher_1.7.0.v20250424-1814.jar -configuration c:\Users\senud\AppData\Roaming\Code\User\globalStorage\redhat.java\1.42.0\config_win -data c:\Users\senud\AppData\Roaming\Code\User\workspaceStorage\66e74ebb197f672106f00fb0d3bd8166\redhat.java\jdt_ws --pipe=\\.\pipe\lsp-f7b51458bdc187ae27ab2b8900aad805-sock
java_class_path (initial): c:\Users\senud\.vscode\extensions\redhat.java-1.42.0-win32-x64\server\plugins\org.eclipse.equinox.launcher_1.7.0.v20250424-1814.jar
Launcher Type: SUN_STANDARD

[Global flags]
    uintx AdaptiveSizePolicyWeight                 = 90                                        {product} {command line}
     intx CICompilerCount                          = 4                                         {product} {ergonomic}
    uintx GCTimeRatio                              = 4                                         {product} {command line}
     bool HeapDumpOnOutOfMemoryError               = true                                   {manageable} {command line}
    ccstr HeapDumpPath                             = c:\Users\senud\AppData\Roaming\Code\User\workspaceStorage\66e74ebb197f672106f00fb0d3bd8166\redhat.java         {manageable} {command line}
   size_t InitialHeapSize                          = 104857600                                 {product} {command line}
   size_t MaxHeapSize                              = 1073741824                                {product} {command line}
   size_t MaxNewSize                               = 357564416                                 {product} {ergonomic}
   size_t MinHeapDeltaBytes                        = 524288                                    {product} {ergonomic}
   size_t MinHeapSize                              = 104857600                                 {product} {command line}
   size_t NewSize                                  = 34603008                                  {product} {ergonomic}
    uintx NonNMethodCodeHeapSize                   = 5839372                                {pd product} {ergonomic}
    uintx NonProfiledCodeHeapSize                  = 122909434                              {pd product} {ergonomic}
   size_t OldSize                                  = 70254592                                  {product} {ergonomic}
    uintx ProfiledCodeHeapSize                     = 122909434                              {pd product} {ergonomic}
    uintx ReservedCodeCacheSize                    = 251658240                              {pd product} {ergonomic}
     bool SegmentedCodeCache                       = true                                      {product} {ergonomic}
   size_t SoftMaxHeapSize                          = 1073741824                             {manageable} {ergonomic}
     bool UseCompressedOops                        = true                           {product lp64_product} {ergonomic}
     bool UseLargePagesIndividualAllocation        = false                                  {pd product} {ergonomic}
     bool UseParallelGC                            = true                                      {product} {command line}

Logging:
Log output configuration:
 #0: stdout all=off uptime,level,tags foldmultilines=false
 #1: stderr all=off uptime,level,tags foldmultilines=false

Environment Variables:
JAVA_HOME=C:\Program Files\Microsoft\jdk-17.0.13.11-hotspot\
PATH=C:\Program Files\Microsoft\jdk-17.0.13.11-hotspot\bin;C:\Python312\Scripts\;C:\Python312\;D:\Apps Installations\bin\;C:\Program Files\Common Files\Oracle\Java\javapath;C:\Program Files (x86)\Common Files\Oracle\Java\javapath;C:\Windows\system32;C:\Windows;C:\Windows\System32\Wbem;C:\Windows\System32\WindowsPowerShell\v1.0\;C:\Windows\System32\OpenSSH\;C:\Program Files (x86)\NVIDIA Corporation\PhysX\Common;C:\Program Files\NVIDIA Corporation\NVIDIA NvDLISR;C:\WINDOWS\system32;C:\WINDOWS;C:\WINDOWS\System32\Wbem;C:\WINDOWS\System32\WindowsPowerShell\v1.0\;C:\WINDOWS\System32\OpenSSH\;C:\Program Files\MySQL\MySQL Server 8.0\bin;C:\Program Files\Git\cmd;C:\Maven\apache-maven-3.9.2\bin;C:\ProgramData\chocolatey\bin;C:\Program Files\nodejs\;D:\sdkk\sdk\build-tools;D:\sdkk\sdk\emulator;D:\sdkk\sdk\platform-tools;D:\flutter\flutter\bin;C:\Program Files\MySQL\MySQL Server 8.0\bin;C:\Program Files\Git LFS;C:\Program Files\nodejs\npm;C:\Program Files (x86)\Microsoft SQL Server\160\DTS\Binn\;C:\Program Files (x86)\Microsoft SQL Server\160\Tools\Binn\;C:\Program Files\Microsoft SQL Server\160\Tools\Binn\;C:\Program Files\Microsoft SQL Server\Client SDK\ODBC\170\Tools\Binn\;C:\Program Files\Microsoft SQL Server\160\DTS\Binn\;C:\Program Files\MySQL\MySQL Shell 8.0\bin\;D:\InstallSDK\tools;D:\InstallSDK\tools;C:\Users\senud\AppData\Local\Programs\Python\Python310\Scripts\;C:\Users\senud\AppData\Local\Programs\Python\Python310\;C:\Users\senud\AppData\Local\Microsoft\WindowsApps;C:\Users\senud\AppData\Local\Programs\Microsoft VS Code\bin;C:\Program Files\Java\jdk-19\bin;C:\Program Files\MySQL;C:\msys64\mingw64\bin;C:\Users\senud\AppData\Roaming\npm;C:\Maven\apache-maven-3.9.2\bin
USERNAME=senud
OS=Windows_NT
PROCESSOR_IDENTIFIER=Intel64 Family 6 Model 140 Stepping 1, GenuineIntel
TMP=C:\Users\senud\AppData\Local\Temp
TEMP=C:\Users\senud\AppData\Local\Temp




Periodic native trim disabled

---------------  S Y S T E M  ---------------

OS:
 Windows 11 , 64 bit Build 22621 (10.0.22621.5262)
OS uptime: 0 days 2:47 hours
Hyper-V role detected

CPU: total 8 (initial active 8) (4 cores per cpu, 2 threads per core) family 6 model 140 stepping 1 microcode 0x8a, cx8, cmov, fxsr, ht, mmx, 3dnowpref, sse, sse2, sse3, ssse3, sse4.1, sse4.2, popcnt, lzcnt, tsc, tscinvbit, avx, avx2, aes, erms, clmul, bmi1, bmi2, adx, avx512f, avx512dq, avx512cd, avx512bw, avx512vl, sha, fma, vzeroupper, avx512_vpopcntdq, avx512_vpclmulqdq, avx512_vaes, avx512_vnni, clflush, clflushopt, clwb, avx512_vbmi2, avx512_vbmi, hv, rdtscp, rdpid, fsrm, gfni, avx512_bitalg, f16c, cet_ibt, cet_ss, avx512_ifma
Processor Information for the first 8 processors :
  Max Mhz: 2803, Current Mhz: 2803, Mhz Limit: 2803

Memory: 4k page, system-wide physical 7971M (369M free)
TotalPageFile size 23081M (AvailPageFile size 14M)
current process WorkingSet (physical memory assigned to process): 168M, peak: 168M
current process commit charge ("private bytes"): 264M, peak: 265M

vm_info: OpenJDK 64-Bit Server VM (21.0.7+6-LTS) for windows-amd64 JRE (21.0.7+6-LTS), built on 2025-04-15T00:00:00Z by "admin" with MS VC++ 17.7 (VS2022)

END.
