#
# There is insufficient memory for the Java Runtime Environment to continue.
# Native memory allocation (malloc) failed to allocate 2058512 bytes. Error detail: Chunk::new
# Possible reasons:
#   The system is out of physical RAM or swap space
#   This process is running with CompressedOops enabled, and the Java Heap may be blocking the growth of the native heap
# Possible solutions:
#   Reduce memory load on the system
#   Increase physical memory or swap space
#   Check if swap backing store is full
#   Decrease Java heap size (-Xmx/-Xms)
#   Decrease number of Java threads
#   Decrease Java thread stack sizes (-Xss)
#   Set larger code cache with -XX:ReservedCodeCacheSize=
#   JVM is running with Unscaled Compressed Oops mode in which the Java heap is
#     placed in the first 4GB address space. The Java Heap base address is the
#     maximum limit for the native heap growth. Please use -XX:HeapBaseMinAddress
#     to set the Java Heap base and to place the Java Heap above 4GB virtual address.
# This output file may be truncated or incomplete.
#
#  Out of Memory Error (arena.cpp:168), pid=27884, tid=24080
#
# JRE version: OpenJDK Runtime Environment Temurin-21.0.7+6 (21.0.7+6) (build 21.0.7+6-LTS)
# Java VM: OpenJDK 64-Bit Server VM Temurin-21.0.7+6 (21.0.7+6-LTS, mixed mode, sharing, tiered, compressed oops, compressed class ptrs, parallel gc, windows-amd64)
# No core dump will be written. Minidumps are not enabled by default on client versions of Windows
#

---------------  S U M M A R Y ------------

Command Line: --add-modules=ALL-SYSTEM --add-opens=java.base/java.util=ALL-UNNAMED --add-opens=java.base/java.lang=ALL-UNNAMED --add-opens=java.base/sun.nio.fs=ALL-UNNAMED -Declipse.application=org.eclipse.jdt.ls.core.id1 -Dosgi.bundles.defaultStartLevel=4 -Declipse.product=org.eclipse.jdt.ls.core.product -Djava.import.generatesMetadataFilesAtProjectRoot=false -DDetectVMInstallationsJob.disabled=true -Dfile.encoding=utf8 -XX:+UseParallelGC -XX:GCTimeRatio=4 -XX:AdaptiveSizePolicyWeight=90 -Dsun.zip.disableMemoryMapping=true -Xmx1G -Xms100m -Xlog:disable -javaagent:c:\Users\senud\.vscode\extensions\redhat.java-1.42.0-win32-x64\lombok\lombok-1.18.36.jar -XX:+HeapDumpOnOutOfMemoryError -XX:HeapDumpPath=c:\Users\senud\AppData\Roaming\Code\User\workspaceStorage\bac58980dab45cc9cd9f1be5cf859002\redhat.java -Daether.dependencyCollector.impl=bf c:\Users\senud\.vscode\extensions\redhat.java-1.42.0-win32-x64\server\plugins\org.eclipse.equinox.launcher_1.7.0.v20250424-1814.jar -configuration c:\Users\senud\AppData\Roaming\Code\User\globalStorage\redhat.java\1.42.0\config_win -data c:\Users\senud\AppData\Roaming\Code\User\workspaceStorage\bac58980dab45cc9cd9f1be5cf859002\redhat.java\jdt_ws --pipe=\\.\pipe\lsp-43c33d79578e9d25e0e1939c03dd3962-sock

Host: 11th Gen Intel(R) Core(TM) i7-1165G7 @ 2.80GHz, 8 cores, 7G,  Windows 11 , 64 bit Build 22621 (10.0.22621.5262)
Time: Sat May 24 12:28:20 2025 Sri Lanka Standard Time elapsed time: 2161.722292 seconds (0d 0h 36m 1s)

---------------  T H R E A D  ---------------

Current thread (0x000001c56c591660):  JavaThread "C2 CompilerThread0" daemon [_thread_in_native, id=24080, stack(0x000000569d800000,0x000000569d900000) (1024K)]


Current CompileTask:
C2:2165718 26020       4       org.eclipse.jdt.internal.compiler.lookup.InferenceContext18::resolve (780 bytes)

Stack: [0x000000569d800000,0x000000569d900000]
Native frames: (J=compiled Java code, j=interpreted, Vv=VM code, C=native code)
V  [jvm.dll+0x6ce119]
V  [jvm.dll+0x8a84a1]
V  [jvm.dll+0x8aa9ce]
V  [jvm.dll+0x8ab0b3]
V  [jvm.dll+0x27f8a6]
V  [jvm.dll+0xc507d]
V  [jvm.dll+0xc55b3]
V  [jvm.dll+0x3b692c]
V  [jvm.dll+0x382aa5]
V  [jvm.dll+0x381f0a]
V  [jvm.dll+0x247af0]
V  [jvm.dll+0x2470cf]
V  [jvm.dll+0x1c760e]
V  [jvm.dll+0x25695a]
V  [jvm.dll+0x254efa]
V  [jvm.dll+0x3f03f6]
V  [jvm.dll+0x851f6b]
V  [jvm.dll+0x6cc7dd]
C  [ucrtbase.dll+0x29333]
C  [KERNEL32.DLL+0x1259d]
C  [ntdll.dll+0x5af58]


---------------  P R O C E S S  ---------------

Threads class SMR info:
_java_thread_list=0x000001c573bfbe90, length=53, elements={
0x000001c555ed9140, 0x000001c56c5883d0, 0x000001c55828d540, 0x000001c56c5899d0,
0x000001c56c58a9d0, 0x000001c56c58b9d0, 0x000001c56c58e730, 0x000001c56c591660,
0x000001c57203b970, 0x000001c5720bffe0, 0x000001c572316bf0, 0x000001c57290df90,
0x000001c572b14330, 0x000001c5728f4770, 0x000001c572abdd70, 0x000001c57327a2d0,
0x000001c573356dd0, 0x000001c572de7190, 0x000001c572de6470, 0x000001c572de50c0,
0x000001c574d39500, 0x000001c574d36710, 0x000001c574d33fb0, 0x000001c574d39b90,
0x000001c574d37ac0, 0x000001c574d3a220, 0x000001c574d3a8b0, 0x000001c574d38150,
0x000001c574d36da0, 0x000001c574d37430, 0x000001c574d387e0, 0x000001c574d3af40,
0x000001c573c05450, 0x000001c541b8ef60, 0x000001c541b8e240, 0x000001c541b8a0a0,
0x000001c541b8fc80, 0x000001c541b8bae0, 0x000001c541b909a0, 0x000001c541b8ce90,
0x000001c541b8d520, 0x000001c541b89380, 0x000001c541b8b450, 0x000001c541b8e8d0,
0x000001c57678ea50, 0x000001c57678dd30, 0x000001c576791ed0, 0x000001c57678f770,
0x000001c57678c2f0, 0x000001c57678c980, 0x000001c576790b20, 0x000001c57678d010,
0x000001c57678af40
}

Java Threads: ( => current thread )
  0x000001c555ed9140 JavaThread "main"                              [_thread_blocked, id=10872, stack(0x000000569ce00000,0x000000569cf00000) (1024K)]
  0x000001c56c5883d0 JavaThread "Reference Handler"          daemon [_thread_blocked, id=15584, stack(0x000000569d200000,0x000000569d300000) (1024K)]
  0x000001c55828d540 JavaThread "Finalizer"                  daemon [_thread_blocked, id=22788, stack(0x000000569d300000,0x000000569d400000) (1024K)]
  0x000001c56c5899d0 JavaThread "Signal Dispatcher"          daemon [_thread_blocked, id=14764, stack(0x000000569d400000,0x000000569d500000) (1024K)]
  0x000001c56c58a9d0 JavaThread "Attach Listener"            daemon [_thread_blocked, id=25836, stack(0x000000569d500000,0x000000569d600000) (1024K)]
  0x000001c56c58b9d0 JavaThread "Service Thread"             daemon [_thread_blocked, id=6972, stack(0x000000569d600000,0x000000569d700000) (1024K)]
  0x000001c56c58e730 JavaThread "Monitor Deflation Thread"   daemon [_thread_blocked, id=9304, stack(0x000000569d700000,0x000000569d800000) (1024K)]
=>0x000001c56c591660 JavaThread "C2 CompilerThread0"         daemon [_thread_in_native, id=24080, stack(0x000000569d800000,0x000000569d900000) (1024K)]
  0x000001c57203b970 JavaThread "C1 CompilerThread0"         daemon [_thread_blocked, id=11944, stack(0x000000569d900000,0x000000569da00000) (1024K)]
  0x000001c5720bffe0 JavaThread "Common-Cleaner"             daemon [_thread_blocked, id=28580, stack(0x000000569da00000,0x000000569db00000) (1024K)]
  0x000001c572316bf0 JavaThread "Notification Thread"        daemon [_thread_blocked, id=24156, stack(0x000000569db00000,0x000000569dc00000) (1024K)]
  0x000001c57290df90 JavaThread "Active Thread: Equinox Container: e3139673-a9a2-4be5-92e6-249414fec681"        [_thread_blocked, id=16060, stack(0x000000569e300000,0x000000569e400000) (1024K)]
  0x000001c572b14330 JavaThread "Refresh Thread: Equinox Container: e3139673-a9a2-4be5-92e6-249414fec681" daemon [_thread_blocked, id=25284, stack(0x000000569e400000,0x000000569e500000) (1024K)]
  0x000001c5728f4770 JavaThread "Framework Event Dispatcher: Equinox Container: e3139673-a9a2-4be5-92e6-249414fec681" daemon [_thread_blocked, id=14572, stack(0x000000569e600000,0x000000569e700000) (1024K)]
  0x000001c572abdd70 JavaThread "Start Level: Equinox Container: e3139673-a9a2-4be5-92e6-249414fec681" daemon [_thread_blocked, id=3452, stack(0x000000569e700000,0x000000569e800000) (1024K)]
  0x000001c57327a2d0 JavaThread "Bundle File Closer"         daemon [_thread_blocked, id=15104, stack(0x000000569e800000,0x000000569e900000) (1024K)]
  0x000001c573356dd0 JavaThread "SCR Component Actor"        daemon [_thread_blocked, id=21720, stack(0x000000569e900000,0x000000569ea00000) (1024K)]
  0x000001c572de7190 JavaThread "Worker-JM"                         [_thread_blocked, id=24460, stack(0x000000569eb00000,0x000000569ec00000) (1024K)]
  0x000001c572de6470 JavaThread "Java indexing"              daemon [_thread_in_native, id=26416, stack(0x000000569ee00000,0x000000569ef00000) (1024K)]
  0x000001c572de50c0 JavaThread "JNA Cleaner"                daemon [_thread_blocked, id=25300, stack(0x000000569f100000,0x000000569f200000) (1024K)]
  0x000001c574d39500 JavaThread "Thread-2"                   daemon [_thread_in_native, id=516, stack(0x000000569f400000,0x000000569f500000) (1024K)]
  0x000001c574d36710 JavaThread "Thread-3"                   daemon [_thread_in_native, id=14828, stack(0x000000569f500000,0x000000569f600000) (1024K)]
  0x000001c574d33fb0 JavaThread "Thread-4"                   daemon [_thread_in_native, id=8748, stack(0x000000569f600000,0x000000569f700000) (1024K)]
  0x000001c574d39b90 JavaThread "Thread-5"                   daemon [_thread_in_native, id=28100, stack(0x000000569f700000,0x000000569f800000) (1024K)]
  0x000001c574d37ac0 JavaThread "Thread-6"                   daemon [_thread_in_native, id=23324, stack(0x000000569f800000,0x000000569f900000) (1024K)]
  0x000001c574d3a220 JavaThread "Thread-7"                   daemon [_thread_in_native, id=692, stack(0x000000569f900000,0x000000569fa00000) (1024K)]
  0x000001c574d3a8b0 JavaThread "Thread-8"                   daemon [_thread_in_native, id=27052, stack(0x000000569fa00000,0x000000569fb00000) (1024K)]
  0x000001c574d38150 JavaThread "Thread-9"                   daemon [_thread_in_native, id=12336, stack(0x000000569fb00000,0x000000569fc00000) (1024K)]
  0x000001c574d36da0 JavaThread "Thread-10"                  daemon [_thread_in_native, id=16532, stack(0x000000569fc00000,0x000000569fd00000) (1024K)]
  0x000001c574d37430 JavaThread "pool-2-thread-1"                   [_thread_blocked, id=26780, stack(0x000000569fd00000,0x000000569fe00000) (1024K)]
  0x000001c574d387e0 JavaThread "WorkspaceEventsHandler"            [_thread_blocked, id=18312, stack(0x000000569fe00000,0x000000569ff00000) (1024K)]
  0x000001c574d3af40 JavaThread "pool-1-thread-1"                   [_thread_blocked, id=22080, stack(0x000000569ff00000,0x00000056a0000000) (1024K)]
  0x000001c573c05450 JavaThread "Cleaner-0"                  daemon [_thread_blocked, id=21276, stack(0x00000056a0800000,0x00000056a0900000) (1024K)]
  0x000001c541b8ef60 JavaThread "Java Debug Server"          daemon [_thread_in_native, id=12928, stack(0x000000569cc00000,0x000000569cd00000) (1024K)]
  0x000001c541b8e240 JavaThread "RxSchedulerPurge-1"         daemon [_thread_blocked, id=21848, stack(0x000000569f000000,0x000000569f100000) (1024K)]
  0x000001c541b8a0a0 JavaThread "RxCachedWorkerPoolEvictor-1" daemon [_thread_blocked, id=24680, stack(0x00000056a0000000,0x00000056a0100000) (1024K)]
  0x000001c541b8fc80 JavaThread "Worker-21"                         [_thread_blocked, id=11356, stack(0x000000569cb00000,0x000000569cc00000) (1024K)]
  0x000001c541b8bae0 JavaThread "ForkJoinPool.commonPool-worker-18" daemon [_thread_blocked, id=27812, stack(0x000000569f200000,0x000000569f300000) (1024K)]
  0x000001c541b909a0 JavaThread "ForkJoinPool.commonPool-worker-19" daemon [_thread_blocked, id=25580, stack(0x00000056a0100000,0x00000056a0200000) (1024K)]
  0x000001c541b8ce90 JavaThread "Worker-25"                         [_thread_blocked, id=21580, stack(0x000000569f300000,0x000000569f400000) (1024K)]
  0x000001c541b8d520 JavaThread "ForkJoinPool.commonPool-worker-20" daemon [_thread_blocked, id=22568, stack(0x000000569cd00000,0x000000569ce00000) (1024K)]
  0x000001c541b89380 JavaThread "ForkJoinPool.commonPool-worker-21" daemon [_thread_blocked, id=8576, stack(0x000000569dc00000,0x000000569dd00000) (1024K)]
  0x000001c541b8b450 JavaThread "Worker-26"                         [_thread_blocked, id=3948, stack(0x000000569ea00000,0x000000569eb00000) (1024K)]
  0x000001c541b8e8d0 JavaThread "Worker-27"                         [_thread_blocked, id=9308, stack(0x000000569ec00000,0x000000569ed00000) (1024K)]
  0x000001c57678ea50 JavaThread "Compiler Source File Reader" daemon [_thread_blocked, id=19536, stack(0x000000569ed00000,0x000000569ee00000) (1024K)]
  0x000001c57678dd30 JavaThread "Compiler Processing Task"   daemon [_thread_blocked, id=28152, stack(0x000000569ef00000,0x000000569f000000) (1024K)]
  0x000001c576791ed0 JavaThread "Worker-28"                         [_thread_blocked, id=27868, stack(0x00000056a0200000,0x00000056a0300000) (1024K)]
  0x000001c57678f770 JavaThread "Compiler Source File Reader" daemon [_thread_blocked, id=19520, stack(0x00000056a0300000,0x00000056a0400000) (1024K)]
  0x000001c57678c2f0 JavaThread "Compiler Source File Reader" daemon [_thread_blocked, id=27616, stack(0x00000056a0400000,0x00000056a0500000) (1024K)]
  0x000001c57678c980 JavaThread "Compiler Source File Reader" daemon [_thread_blocked, id=5916, stack(0x00000056a0500000,0x00000056a0600000) (1024K)]
  0x000001c576790b20 JavaThread "Compiler Source File Reader" daemon [_thread_blocked, id=10464, stack(0x00000056a0600000,0x00000056a0700000) (1024K)]
  0x000001c57678d010 JavaThread "Compiler Source File Reader" daemon [_thread_blocked, id=27204, stack(0x00000056a0700000,0x00000056a0800000) (1024K)]
  0x000001c57678af40 JavaThread "Worker-29"                         [_thread_blocked, id=1744, stack(0x00000056a0900000,0x00000056a0a00000) (1024K)]
Total: 53

Other Threads:
  0x000001c56c5830a0 VMThread "VM Thread"                           [id=16424, stack(0x000000569d100000,0x000000569d200000) (1024K)]
  0x000001c56c49c950 WatcherThread "VM Periodic Task Thread"        [id=19656, stack(0x000000569d000000,0x000000569d100000) (1024K)]
  0x000001c5581f64e0 WorkerThread "GC Thread#0"                     [id=28132, stack(0x000000569cf00000,0x000000569d000000) (1024K)]
  0x000001c57242f880 WorkerThread "GC Thread#1"                     [id=5416, stack(0x000000569dd00000,0x000000569de00000) (1024K)]
  0x000001c57242df70 WorkerThread "GC Thread#2"                     [id=808, stack(0x000000569de00000,0x000000569df00000) (1024K)]
  0x000001c57242e310 WorkerThread "GC Thread#3"                     [id=11024, stack(0x000000569df00000,0x000000569e000000) (1024K)]
  0x000001c57242e6b0 WorkerThread "GC Thread#4"                     [id=22696, stack(0x000000569e000000,0x000000569e100000) (1024K)]
  0x000001c57294e520 WorkerThread "GC Thread#5"                     [id=26904, stack(0x000000569e100000,0x000000569e200000) (1024K)]
  0x000001c57294e8c0 WorkerThread "GC Thread#6"                     [id=17604, stack(0x000000569e200000,0x000000569e300000) (1024K)]
  0x000001c572ab9950 WorkerThread "GC Thread#7"                     [id=10744, stack(0x000000569e500000,0x000000569e600000) (1024K)]
Total: 10

Threads with active compile tasks:
C2 CompilerThread0  2171297 26020       4       org.eclipse.jdt.internal.compiler.lookup.InferenceContext18::resolve (780 bytes)
Total: 1

VM state: not at safepoint (normal execution)

VM Mutex/Monitor currently owned by a thread: None

Heap address: 0x00000000c0000000, size: 1024 MB, Compressed Oops mode: 32-bit

CDS archive(s) mapped at: [0x000001c500000000-0x000001c500ba0000-0x000001c500ba0000), size 12189696, SharedBaseAddress: 0x000001c500000000, ArchiveRelocationMode: 1.
Compressed class space mapped at: 0x000001c501000000-0x000001c541000000, reserved size: 1073741824
Narrow klass base: 0x000001c500000000, Narrow klass shift: 0, Narrow klass range: 0x100000000

GC Precious Log:
 CardTable entry size: 512
 CPUs: 8 total, 8 available
 Memory: 7971M
 Large Page Support: Disabled
 NUMA Support: Disabled
 Compressed Oops: Enabled (32-bit)
 Alignments: Space 512K, Generation 512K, Heap 2M
 Heap Min Capacity: 100M
 Heap Initial Capacity: 100M
 Heap Max Capacity: 1G
 Pre-touch: Disabled
 Parallel Workers: 8

Heap:
 PSYoungGen      total 6656K, used 4184K [0x00000000eab00000, 0x00000000eb280000, 0x0000000100000000)
  eden space 5632K, 63% used [0x00000000eab00000,0x00000000eae7a220,0x00000000eb080000)
  from space 1024K, 60% used [0x00000000eb180000,0x00000000eb21c010,0x00000000eb280000)
  to   space 1024K, 0% used [0x00000000eb080000,0x00000000eb080000,0x00000000eb180000)
 ParOldGen       total 545792K, used 545581K [0x00000000c0000000, 0x00000000e1500000, 0x00000000eab00000)
  object space 545792K, 99% used [0x00000000c0000000,0x00000000e14cb6c8,0x00000000e1500000)
 Metaspace       used 93861K, committed 95680K, reserved 1179648K
  class space    used 9430K, committed 10240K, reserved 1048576K

Card table byte_map: [0x000001c557ba0000,0x000001c557db0000] _byte_map_base: 0x000001c5575a0000

Marking Bits: (ParMarkBitMap*) 0x00007ffdb01e31f0
 Begin Bits: [0x000001c56a3c0000, 0x000001c56b3c0000)
 End Bits:   [0x000001c56b3c0000, 0x000001c56c3c0000)

Polling page: 0x000001c557990000

Metaspace:

Usage:
  Non-class:     82.45 MB used.
      Class:      9.21 MB used.
       Both:     91.66 MB used.

Virtual space:
  Non-class space:      128.00 MB reserved,      83.44 MB ( 65%) committed,  2 nodes.
      Class space:        1.00 GB reserved,      10.00 MB ( <1%) committed,  1 nodes.
             Both:        1.12 GB reserved,      93.44 MB (  8%) committed. 

Chunk freelists:
   Non-Class:  12.04 MB
       Class:  5.87 MB
        Both:  17.91 MB

MaxMetaspaceSize: unlimited
CompressedClassSpaceSize: 1.00 GB
Initial GC threshold: 21.00 MB
Current GC threshold: 153.06 MB
CDS: on
 - commit_granule_bytes: 65536.
 - commit_granule_words: 8192.
 - virtual_space_node_default_size: 8388608.
 - enlarge_chunks_in_place: 1.
 - use_allocation_guard: 0.


Internal statistics:

num_allocs_failed_limit: 9.
num_arena_births: 1874.
num_arena_deaths: 356.
num_vsnodes_births: 3.
num_vsnodes_deaths: 0.
num_space_committed: 1501.
num_space_uncommitted: 5.
num_chunks_returned_to_freelist: 451.
num_chunks_taken_from_freelist: 6567.
num_chunk_merges: 106.
num_chunk_splits: 3863.
num_chunks_enlarged: 2204.
num_inconsistent_stats: 0.

CodeHeap 'non-profiled nmethods': size=120000Kb used=19197Kb max_used=21323Kb free=100802Kb
 bounds [0x000001c562e90000, 0x000001c564370000, 0x000001c56a3c0000]
CodeHeap 'profiled nmethods': size=120000Kb used=38282Kb max_used=44117Kb free=81717Kb
 bounds [0x000001c55b3c0000, 0x000001c55dee0000, 0x000001c5628f0000]
CodeHeap 'non-nmethods': size=5760Kb used=1563Kb max_used=1622Kb free=4196Kb
 bounds [0x000001c5628f0000, 0x000001c562b60000, 0x000001c562e90000]
 total_blobs=16768 nmethods=15889 adapters=778
 compilation: enabled
              stopped_count=0, restarted_count=0
 full_count=0

Compilation events (20 events):
Event: 2160.290 Thread 0x000001c57203b970 26026       3       org.eclipse.m2e.core.internal.project.registry.MavenProjectCache$CacheKey::hashCode (7 bytes)
Event: 2160.295 Thread 0x000001c57203b970 nmethod 26026 0x000001c55c973810 code [0x000001c55c973b40, 0x000001c55c974e60]
Event: 2160.295 Thread 0x000001c57203b970 26027       3       com.google.common.cache.LocalCache$AccessQueue::offer (38 bytes)
Event: 2160.297 Thread 0x000001c57203b970 nmethod 26027 0x000001c55d349290 code [0x000001c55d349500, 0x000001c55d349e80]
Event: 2160.300 Thread 0x000001c57203b970 26028       3       org.eclipse.m2e.core.internal.project.registry.MavenProjectCache$CacheKey::equals (8 bytes)
Event: 2160.307 Thread 0x000001c57203b970 nmethod 26028 0x000001c55cf50c90 code [0x000001c55cf51060, 0x000001c55cf52998]
Event: 2160.443 Thread 0x000001c57203b970 26029       3       org.eclipse.m2e.core.internal.builder.MavenBuilderImpl$$Lambda/0x000001c50165cb70::accept (64 bytes)
Event: 2160.445 Thread 0x000001c57203b970 nmethod 26029 0x000001c55d317f90 code [0x000001c55d318160, 0x000001c55d318598]
Event: 2160.445 Thread 0x000001c57203b970 26030   !   3       org.eclipse.m2e.core.internal.builder.MavenBuilderImpl::lambda$2 (596 bytes)
Event: 2160.460 Thread 0x000001c57203b970 nmethod 26030 0x000001c55bf64610 code [0x000001c55bf64ee0, 0x000001c55bf6b858]
Event: 2160.460 Thread 0x000001c57203b970 26031       3       org.codehaus.plexus.component.configurator.converters.basic.FileConverter::canConvert (7 bytes)
Event: 2160.461 Thread 0x000001c57203b970 nmethod 26031 0x000001c55c3aac90 code [0x000001c55c3aae40, 0x000001c55c3ab088]
Event: 2160.461 Thread 0x000001c57203b970 26032       3       org.eclipse.sisu.inject.MildKeys::put (20 bytes)
Event: 2160.462 Thread 0x000001c57203b970 nmethod 26032 0x000001c55c5b9b90 code [0x000001c55c5b9de0, 0x000001c55c5ba678]
Event: 2160.462 Thread 0x000001c57203b970 26033       3       org.eclipse.sisu.inject.MildKeys::compact (27 bytes)
Event: 2160.462 Thread 0x000001c57203b970 nmethod 26033 0x000001c55cffdc90 code [0x000001c55cffde60, 0x000001c55cffe1b0]
Event: 2160.462 Thread 0x000001c57203b970 26034       3       org.eclipse.sisu.inject.MildKeys::mildKey (35 bytes)
Event: 2160.462 Thread 0x000001c57203b970 nmethod 26034 0x000001c55c113410 code [0x000001c55c113600, 0x000001c55c113ba8]
Event: 2160.510 Thread 0x000001c57203b970 26035   !   2       org.eclipse.core.internal.localstore.UnifiedTree::addChildren (479 bytes)
Event: 2160.514 Thread 0x000001c57203b970 nmethod 26035 0x000001c55b746b10 code [0x000001c55b746f20, 0x000001c55b748288]

GC Heap History (20 events):
Event: 2157.944 GC heap before
{Heap before GC invocations=3738 (full 8):
 PSYoungGen      total 5632K, used 5595K [0x00000000eab00000, 0x00000000eb880000, 0x0000000100000000)
  eden space 3584K, 99% used [0x00000000eab00000,0x00000000eae7d6e0,0x00000000eae80000)
  from space 2048K, 98% used [0x00000000eae80000,0x00000000eb079720,0x00000000eb080000)
  to   space 4608K, 0% used [0x00000000eb400000,0x00000000eb400000,0x00000000eb880000)
 ParOldGen       total 500224K, used 499825K [0x00000000c0000000, 0x00000000de880000, 0x00000000eab00000)
  object space 500224K, 99% used [0x00000000c0000000,0x00000000de81c5e8,0x00000000de880000)
 Metaspace       used 93838K, committed 95616K, reserved 1179648K
  class space    used 9430K, committed 10240K, reserved 1048576K
}
Event: 2157.949 GC heap after
{Heap after GC invocations=3738 (full 8):
 PSYoungGen      total 7680K, used 2863K [0x00000000eab00000, 0x00000000eb700000, 0x0000000100000000)
  eden space 4608K, 0% used [0x00000000eab00000,0x00000000eab00000,0x00000000eaf80000)
  from space 3072K, 93% used [0x00000000eb400000,0x00000000eb6cbd88,0x00000000eb700000)
  to   space 3584K, 0% used [0x00000000eb000000,0x00000000eb000000,0x00000000eb380000)
 ParOldGen       total 502272K, used 501857K [0x00000000c0000000, 0x00000000dea80000, 0x00000000eab00000)
  object space 502272K, 99% used [0x00000000c0000000,0x00000000dea187a8,0x00000000dea80000)
 Metaspace       used 93838K, committed 95616K, reserved 1179648K
  class space    used 9430K, committed 10240K, reserved 1048576K
}
Event: 2159.824 GC heap before
{Heap before GC invocations=3739 (full 8):
 PSYoungGen      total 7680K, used 7471K [0x00000000eab00000, 0x00000000eb700000, 0x0000000100000000)
  eden space 4608K, 100% used [0x00000000eab00000,0x00000000eaf80000,0x00000000eaf80000)
  from space 3072K, 93% used [0x00000000eb400000,0x00000000eb6cbd88,0x00000000eb700000)
  to   space 3584K, 0% used [0x00000000eb000000,0x00000000eb000000,0x00000000eb380000)
 ParOldGen       total 502272K, used 501857K [0x00000000c0000000, 0x00000000dea80000, 0x00000000eab00000)
  object space 502272K, 99% used [0x00000000c0000000,0x00000000dea187a8,0x00000000dea80000)
 Metaspace       used 93838K, committed 95616K, reserved 1179648K
  class space    used 9430K, committed 10240K, reserved 1048576K
}
Event: 2159.830 GC heap after
{Heap after GC invocations=3739 (full 8):
 PSYoungGen      total 5632K, used 900K [0x00000000eab00000, 0x00000000eb480000, 0x0000000100000000)
  eden space 4608K, 0% used [0x00000000eab00000,0x00000000eab00000,0x00000000eaf80000)
  from space 1024K, 87% used [0x00000000eb000000,0x00000000eb0e1230,0x00000000eb100000)
  to   space 2048K, 0% used [0x00000000eb280000,0x00000000eb280000,0x00000000eb480000)
 ParOldGen       total 504832K, used 504590K [0x00000000c0000000, 0x00000000ded00000, 0x00000000eab00000)
  object space 504832K, 99% used [0x00000000c0000000,0x00000000decc3b10,0x00000000ded00000)
 Metaspace       used 93838K, committed 95616K, reserved 1179648K
  class space    used 9430K, committed 10240K, reserved 1048576K
}
Event: 2159.855 GC heap before
{Heap before GC invocations=3740 (full 8):
 PSYoungGen      total 5632K, used 5508K [0x00000000eab00000, 0x00000000eb480000, 0x0000000100000000)
  eden space 4608K, 100% used [0x00000000eab00000,0x00000000eaf80000,0x00000000eaf80000)
  from space 1024K, 87% used [0x00000000eb000000,0x00000000eb0e1230,0x00000000eb100000)
  to   space 2048K, 0% used [0x00000000eb280000,0x00000000eb280000,0x00000000eb480000)
 ParOldGen       total 504832K, used 504590K [0x00000000c0000000, 0x00000000ded00000, 0x00000000eab00000)
  object space 504832K, 99% used [0x00000000c0000000,0x00000000decc3b10,0x00000000ded00000)
 Metaspace       used 93838K, committed 95616K, reserved 1179648K
  class space    used 9430K, committed 10240K, reserved 1048576K
}
Event: 2159.859 GC heap after
{Heap after GC invocations=3740 (full 8):
 PSYoungGen      total 5632K, used 672K [0x00000000eab00000, 0x00000000eb380000, 0x0000000100000000)
  eden space 4608K, 0% used [0x00000000eab00000,0x00000000eab00000,0x00000000eaf80000)
  from space 1024K, 65% used [0x00000000eb280000,0x00000000eb328000,0x00000000eb380000)
  to   space 1024K, 0% used [0x00000000eb000000,0x00000000eb000000,0x00000000eb100000)
 ParOldGen       total 505856K, used 505350K [0x00000000c0000000, 0x00000000dee00000, 0x00000000eab00000)
  object space 505856K, 99% used [0x00000000c0000000,0x00000000ded81848,0x00000000dee00000)
 Metaspace       used 93838K, committed 95616K, reserved 1179648K
  class space    used 9430K, committed 10240K, reserved 1048576K
}
Event: 2159.865 GC heap before
{Heap before GC invocations=3741 (full 8):
 PSYoungGen      total 5632K, used 5280K [0x00000000eab00000, 0x00000000eb380000, 0x0000000100000000)
  eden space 4608K, 100% used [0x00000000eab00000,0x00000000eaf80000,0x00000000eaf80000)
  from space 1024K, 65% used [0x00000000eb280000,0x00000000eb328000,0x00000000eb380000)
  to   space 1024K, 0% used [0x00000000eb000000,0x00000000eb000000,0x00000000eb100000)
 ParOldGen       total 505856K, used 505350K [0x00000000c0000000, 0x00000000dee00000, 0x00000000eab00000)
  object space 505856K, 99% used [0x00000000c0000000,0x00000000ded81848,0x00000000dee00000)
 Metaspace       used 93838K, committed 95616K, reserved 1179648K
  class space    used 9430K, committed 10240K, reserved 1048576K
}
Event: 2159.871 GC heap after
{Heap after GC invocations=3741 (full 8):
 PSYoungGen      total 6144K, used 544K [0x00000000eab00000, 0x00000000eb300000, 0x0000000100000000)
  eden space 5120K, 0% used [0x00000000eab00000,0x00000000eab00000,0x00000000eb000000)
  from space 1024K, 53% used [0x00000000eb000000,0x00000000eb088000,0x00000000eb100000)
  to   space 1024K, 0% used [0x00000000eb200000,0x00000000eb200000,0x00000000eb300000)
 ParOldGen       total 506368K, used 505874K [0x00000000c0000000, 0x00000000dee80000, 0x00000000eab00000)
  object space 506368K, 99% used [0x00000000c0000000,0x00000000dee04898,0x00000000dee80000)
 Metaspace       used 93838K, committed 95616K, reserved 1179648K
  class space    used 9430K, committed 10240K, reserved 1048576K
}
Event: 2159.890 GC heap before
{Heap before GC invocations=3742 (full 8):
 PSYoungGen      total 6144K, used 5664K [0x00000000eab00000, 0x00000000eb300000, 0x0000000100000000)
  eden space 5120K, 100% used [0x00000000eab00000,0x00000000eb000000,0x00000000eb000000)
  from space 1024K, 53% used [0x00000000eb000000,0x00000000eb088000,0x00000000eb100000)
  to   space 1024K, 0% used [0x00000000eb200000,0x00000000eb200000,0x00000000eb300000)
 ParOldGen       total 506368K, used 505874K [0x00000000c0000000, 0x00000000dee80000, 0x00000000eab00000)
  object space 506368K, 99% used [0x00000000c0000000,0x00000000dee04898,0x00000000dee80000)
 Metaspace       used 93838K, committed 95616K, reserved 1179648K
  class space    used 9430K, committed 10240K, reserved 1048576K
}
Event: 2159.894 GC heap after
{Heap after GC invocations=3742 (full 8):
 PSYoungGen      total 7168K, used 688K [0x00000000eab00000, 0x00000000eb300000, 0x0000000100000000)
  eden space 6144K, 0% used [0x00000000eab00000,0x00000000eab00000,0x00000000eb100000)
  from space 1024K, 67% used [0x00000000eb200000,0x00000000eb2ac030,0x00000000eb300000)
  to   space 1024K, 0% used [0x00000000eb100000,0x00000000eb100000,0x00000000eb200000)
 ParOldGen       total 506368K, used 506270K [0x00000000c0000000, 0x00000000dee80000, 0x00000000eab00000)
  object space 506368K, 99% used [0x00000000c0000000,0x00000000dee678c8,0x00000000dee80000)
 Metaspace       used 93838K, committed 95616K, reserved 1179648K
  class space    used 9430K, committed 10240K, reserved 1048576K
}
Event: 2159.937 GC heap before
{Heap before GC invocations=3743 (full 8):
 PSYoungGen      total 7168K, used 6832K [0x00000000eab00000, 0x00000000eb300000, 0x0000000100000000)
  eden space 6144K, 100% used [0x00000000eab00000,0x00000000eb100000,0x00000000eb100000)
  from space 1024K, 67% used [0x00000000eb200000,0x00000000eb2ac030,0x00000000eb300000)
  to   space 1024K, 0% used [0x00000000eb100000,0x00000000eb100000,0x00000000eb200000)
 ParOldGen       total 506368K, used 506270K [0x00000000c0000000, 0x00000000dee80000, 0x00000000eab00000)
  object space 506368K, 99% used [0x00000000c0000000,0x00000000dee678c8,0x00000000dee80000)
 Metaspace       used 93838K, committed 95616K, reserved 1179648K
  class space    used 9430K, committed 10240K, reserved 1048576K
}
Event: 2159.944 GC heap after
{Heap after GC invocations=3743 (full 8):
 PSYoungGen      total 7168K, used 1012K [0x00000000eab00000, 0x00000000eb500000, 0x0000000100000000)
  eden space 6144K, 0% used [0x00000000eab00000,0x00000000eab00000,0x00000000eb100000)
  from space 1024K, 98% used [0x00000000eb100000,0x00000000eb1fd200,0x00000000eb200000)
  to   space 2048K, 0% used [0x00000000eb300000,0x00000000eb300000,0x00000000eb500000)
 ParOldGen       total 506880K, used 506862K [0x00000000c0000000, 0x00000000def00000, 0x00000000eab00000)
  object space 506880K, 99% used [0x00000000c0000000,0x00000000deefb9a0,0x00000000def00000)
 Metaspace       used 93838K, committed 95616K, reserved 1179648K
  class space    used 9430K, committed 10240K, reserved 1048576K
}
Event: 2159.961 GC heap before
{Heap before GC invocations=3744 (full 8):
 PSYoungGen      total 7168K, used 7156K [0x00000000eab00000, 0x00000000eb500000, 0x0000000100000000)
  eden space 6144K, 100% used [0x00000000eab00000,0x00000000eb100000,0x00000000eb100000)
  from space 1024K, 98% used [0x00000000eb100000,0x00000000eb1fd200,0x00000000eb200000)
  to   space 2048K, 0% used [0x00000000eb300000,0x00000000eb300000,0x00000000eb500000)
 ParOldGen       total 506880K, used 506862K [0x00000000c0000000, 0x00000000def00000, 0x00000000eab00000)
  object space 506880K, 99% used [0x00000000c0000000,0x00000000deefb9a0,0x00000000def00000)
 Metaspace       used 93838K, committed 95616K, reserved 1179648K
  class space    used 9430K, committed 10240K, reserved 1048576K
}
Event: 2159.966 GC heap after
{Heap after GC invocations=3744 (full 8):
 PSYoungGen      total 7168K, used 672K [0x00000000eab00000, 0x00000000eb400000, 0x0000000100000000)
  eden space 6144K, 0% used [0x00000000eab00000,0x00000000eab00000,0x00000000eb100000)
  from space 1024K, 65% used [0x00000000eb300000,0x00000000eb3a8020,0x00000000eb400000)
  to   space 1024K, 0% used [0x00000000eb100000,0x00000000eb100000,0x00000000eb200000)
 ParOldGen       total 507904K, used 507874K [0x00000000c0000000, 0x00000000df000000, 0x00000000eab00000)
  object space 507904K, 99% used [0x00000000c0000000,0x00000000deff8a50,0x00000000df000000)
 Metaspace       used 93838K, committed 95616K, reserved 1179648K
  class space    used 9430K, committed 10240K, reserved 1048576K
}
Event: 2159.979 GC heap before
{Heap before GC invocations=3745 (full 8):
 PSYoungGen      total 7168K, used 6816K [0x00000000eab00000, 0x00000000eb400000, 0x0000000100000000)
  eden space 6144K, 100% used [0x00000000eab00000,0x00000000eb100000,0x00000000eb100000)
  from space 1024K, 65% used [0x00000000eb300000,0x00000000eb3a8020,0x00000000eb400000)
  to   space 1024K, 0% used [0x00000000eb100000,0x00000000eb100000,0x00000000eb200000)
 ParOldGen       total 507904K, used 507874K [0x00000000c0000000, 0x00000000df000000, 0x00000000eab00000)
  object space 507904K, 99% used [0x00000000c0000000,0x00000000deff8a50,0x00000000df000000)
 Metaspace       used 93838K, committed 95616K, reserved 1179648K
  class space    used 9430K, committed 10240K, reserved 1048576K
}
Event: 2159.980 GC heap after
{Heap after GC invocations=3745 (full 8):
 PSYoungGen      total 7168K, used 560K [0x00000000eab00000, 0x00000000eb380000, 0x0000000100000000)
  eden space 6144K, 0% used [0x00000000eab00000,0x00000000eab00000,0x00000000eb100000)
  from space 1024K, 54% used [0x00000000eb100000,0x00000000eb18c010,0x00000000eb200000)
  to   space 1024K, 0% used [0x00000000eb280000,0x00000000eb280000,0x00000000eb380000)
 ParOldGen       total 508928K, used 508474K [0x00000000c0000000, 0x00000000df100000, 0x00000000eab00000)
  object space 508928K, 99% used [0x00000000c0000000,0x00000000df08eab0,0x00000000df100000)
 Metaspace       used 93838K, committed 95616K, reserved 1179648K
  class space    used 9430K, committed 10240K, reserved 1048576K
}
Event: 2160.087 GC heap before
{Heap before GC invocations=3746 (full 8):
 PSYoungGen      total 7168K, used 6704K [0x00000000eab00000, 0x00000000eb380000, 0x0000000100000000)
  eden space 6144K, 100% used [0x00000000eab00000,0x00000000eb100000,0x00000000eb100000)
  from space 1024K, 54% used [0x00000000eb100000,0x00000000eb18c010,0x00000000eb200000)
  to   space 1024K, 0% used [0x00000000eb280000,0x00000000eb280000,0x00000000eb380000)
 ParOldGen       total 508928K, used 508474K [0x00000000c0000000, 0x00000000df100000, 0x00000000eab00000)
  object space 508928K, 99% used [0x00000000c0000000,0x00000000df08eab0,0x00000000df100000)
 Metaspace       used 93838K, committed 95616K, reserved 1179648K
  class space    used 9430K, committed 10240K, reserved 1048576K
}
Event: 2160.092 GC heap after
{Heap after GC invocations=3746 (full 8):
 PSYoungGen      total 6656K, used 1009K [0x00000000eab00000, 0x00000000eb500000, 0x0000000100000000)
  eden space 5632K, 0% used [0x00000000eab00000,0x00000000eab00000,0x00000000eb080000)
  from space 1024K, 98% used [0x00000000eb280000,0x00000000eb37c638,0x00000000eb380000)
  to   space 2048K, 0% used [0x00000000eb080000,0x00000000eb080000,0x00000000eb280000)
 ParOldGen       total 509440K, used 509130K [0x00000000c0000000, 0x00000000df180000, 0x00000000eab00000)
  object space 509440K, 99% used [0x00000000c0000000,0x00000000df132bb8,0x00000000df180000)
 Metaspace       used 93838K, committed 95616K, reserved 1179648K
  class space    used 9430K, committed 10240K, reserved 1048576K
}
Event: 2160.231 GC heap before
{Heap before GC invocations=3747 (full 8):
 PSYoungGen      total 6656K, used 6641K [0x00000000eab00000, 0x00000000eb500000, 0x0000000100000000)
  eden space 5632K, 100% used [0x00000000eab00000,0x00000000eb080000,0x00000000eb080000)
  from space 1024K, 98% used [0x00000000eb280000,0x00000000eb37c638,0x00000000eb380000)
  to   space 2048K, 0% used [0x00000000eb080000,0x00000000eb080000,0x00000000eb280000)
 ParOldGen       total 509440K, used 509130K [0x00000000c0000000, 0x00000000df180000, 0x00000000eab00000)
  object space 509440K, 99% used [0x00000000c0000000,0x00000000df132bb8,0x00000000df180000)
 Metaspace       used 93842K, committed 95616K, reserved 1179648K
  class space    used 9430K, committed 10240K, reserved 1048576K
}
Event: 2160.240 GC heap after
{Heap after GC invocations=3747 (full 8):
 PSYoungGen      total 7168K, used 1088K [0x00000000eab00000, 0x00000000eb380000, 0x0000000100000000)
  eden space 5632K, 0% used [0x00000000eab00000,0x00000000eab00000,0x00000000eb080000)
  from space 1536K, 70% used [0x00000000eb080000,0x00000000eb190000,0x00000000eb200000)
  to   space 1536K, 0% used [0x00000000eb200000,0x00000000eb200000,0x00000000eb380000)
 ParOldGen       total 510464K, used 510141K [0x00000000c0000000, 0x00000000df280000, 0x00000000eab00000)
  object space 510464K, 99% used [0x00000000c0000000,0x00000000df22f648,0x00000000df280000)
 Metaspace       used 93842K, committed 95616K, reserved 1179648K
  class space    used 9430K, committed 10240K, reserved 1048576K
}

Dll operation events (14 events):
Event: 0.021 Loaded shared library c:\Users\senud\.vscode\extensions\redhat.java-1.42.0-win32-x64\jre\21.0.7-win32-x86_64\bin\java.dll
Event: 0.175 Loaded shared library c:\Users\senud\.vscode\extensions\redhat.java-1.42.0-win32-x64\jre\21.0.7-win32-x86_64\bin\zip.dll
Event: 0.216 Loaded shared library C:\Users\senud\.vscode\extensions\redhat.java-1.42.0-win32-x64\jre\21.0.7-win32-x86_64\bin\instrument.dll
Event: 0.222 Loaded shared library C:\Users\senud\.vscode\extensions\redhat.java-1.42.0-win32-x64\jre\21.0.7-win32-x86_64\bin\net.dll
Event: 0.225 Loaded shared library C:\Users\senud\.vscode\extensions\redhat.java-1.42.0-win32-x64\jre\21.0.7-win32-x86_64\bin\nio.dll
Event: 0.231 Loaded shared library C:\Users\senud\.vscode\extensions\redhat.java-1.42.0-win32-x64\jre\21.0.7-win32-x86_64\bin\zip.dll
Event: 0.260 Loaded shared library C:\Users\senud\.vscode\extensions\redhat.java-1.42.0-win32-x64\jre\21.0.7-win32-x86_64\bin\jimage.dll
Event: 0.406 Loaded shared library c:\Users\senud\.vscode\extensions\redhat.java-1.42.0-win32-x64\jre\21.0.7-win32-x86_64\bin\verify.dll
Event: 2.591 Loaded shared library C:\Users\senud\AppData\Roaming\Code\User\globalStorage\redhat.java\1.42.0\config_win\org.eclipse.equinox.launcher\org.eclipse.equinox.launcher.win32.win32.x86_64_1.2.1300.v20250331-1702\eclipse_11911.dll
Event: 5.030 Loaded shared library C:\Users\senud\.vscode\extensions\redhat.java-1.42.0-win32-x64\jre\21.0.7-win32-x86_64\bin\management.dll
Event: 5.035 Loaded shared library C:\Users\senud\.vscode\extensions\redhat.java-1.42.0-win32-x64\jre\21.0.7-win32-x86_64\bin\management_ext.dll
Event: 7.453 Loaded shared library C:\Users\senud\AppData\Local\Temp\jna-109323243\jna3934479478325071281.dll
Event: 7.640 Loaded shared library C:\Users\senud\.vscode\extensions\redhat.java-1.42.0-win32-x64\jre\21.0.7-win32-x86_64\bin\sunmscapi.dll
Event: 8.326 Loaded shared library C:\Users\senud\.vscode\extensions\redhat.java-1.42.0-win32-x64\jre\21.0.7-win32-x86_64\bin\extnet.dll

Deoptimization events (20 events):
Event: 2157.898 Thread 0x000001c541b8d520 Uncommon trap: trap_request=0xffffffc6 fr.pc=0x000001c5641c85ec relative=0x0000000000001c8c
Event: 2157.898 Thread 0x000001c541b8d520 Uncommon trap: reason=bimorphic_or_optimized_type_check action=maybe_recompile pc=0x000001c5641c85ec method=org.eclipse.jdt.internal.compiler.lookup.TypeBinding.findSuperTypeOriginatingFrom(Lorg/eclipse/jdt/internal/compiler/lookup/TypeBinding;)Lorg/eclip
Event: 2157.898 Thread 0x000001c541b8d520 DEOPT PACKING pc=0x000001c5641c85ec sp=0x000000569cdfd390
Event: 2157.898 Thread 0x000001c541b8d520 DEOPT UNPACKING pc=0x000001c562946da2 sp=0x000000569cdfd338 mode 2
Event: 2159.913 Thread 0x000001c57678af40 Uncommon trap: trap_request=0xffffffc6 fr.pc=0x000001c5641c85ec relative=0x0000000000001c8c
Event: 2159.913 Thread 0x000001c57678af40 Uncommon trap: reason=bimorphic_or_optimized_type_check action=maybe_recompile pc=0x000001c5641c85ec method=org.eclipse.jdt.internal.compiler.lookup.TypeBinding.findSuperTypeOriginatingFrom(Lorg/eclipse/jdt/internal/compiler/lookup/TypeBinding;)Lorg/eclip
Event: 2159.913 Thread 0x000001c57678af40 DEOPT PACKING pc=0x000001c5641c85ec sp=0x00000056a09fd8c0
Event: 2159.913 Thread 0x000001c57678af40 DEOPT UNPACKING pc=0x000001c562946da2 sp=0x00000056a09fd868 mode 2
Event: 2159.913 Thread 0x000001c57678af40 Uncommon trap: trap_request=0xffffffc6 fr.pc=0x000001c5641c85ec relative=0x0000000000001c8c
Event: 2159.913 Thread 0x000001c57678af40 Uncommon trap: reason=bimorphic_or_optimized_type_check action=maybe_recompile pc=0x000001c5641c85ec method=org.eclipse.jdt.internal.compiler.lookup.TypeBinding.findSuperTypeOriginatingFrom(Lorg/eclipse/jdt/internal/compiler/lookup/TypeBinding;)Lorg/eclip
Event: 2159.913 Thread 0x000001c57678af40 DEOPT PACKING pc=0x000001c5641c85ec sp=0x00000056a09fd8c0
Event: 2159.913 Thread 0x000001c57678af40 DEOPT UNPACKING pc=0x000001c562946da2 sp=0x00000056a09fd868 mode 2
Event: 2159.934 Thread 0x000001c57678af40 Uncommon trap: trap_request=0xffffff6e fr.pc=0x000001c5639fb86c relative=0x0000000000000a0c
Event: 2159.934 Thread 0x000001c57678af40 Uncommon trap: reason=loop_limit_check action=maybe_recompile pc=0x000001c5639fb86c method=org.eclipse.jdt.internal.compiler.util.HashtableOfModule.rehash()V @ 50 c2
Event: 2159.934 Thread 0x000001c57678af40 DEOPT PACKING pc=0x000001c5639fb86c sp=0x00000056a09fdd80
Event: 2159.934 Thread 0x000001c57678af40 DEOPT UNPACKING pc=0x000001c562946da2 sp=0x00000056a09fdd30 mode 2
Event: 2160.490 Thread 0x000001c541b8b450 Uncommon trap: trap_request=0xffffff76 fr.pc=0x000001c56313807c relative=0x000000000000655c
Event: 2160.490 Thread 0x000001c541b8b450 Uncommon trap: reason=predicate action=maybe_recompile pc=0x000001c56313807c method=java.util.ComparableTimSort.binarySort([Ljava/lang/Object;III)V @ 34 c2
Event: 2160.490 Thread 0x000001c541b8b450 DEOPT PACKING pc=0x000001c56313807c sp=0x000000569eafddd0
Event: 2160.490 Thread 0x000001c541b8b450 DEOPT UNPACKING pc=0x000001c562946da2 sp=0x000000569eafdb78 mode 2

Classes loaded (20 events):
Event: 905.831 Loading class jdk/internal/reflect/MethodHandleByteFieldAccessorImpl
Event: 905.832 Loading class jdk/internal/reflect/MethodHandleByteFieldAccessorImpl done
Event: 932.200 Loading class java/util/concurrent/CompletableFuture$AsyncRun
Event: 932.200 Loading class java/util/concurrent/CompletableFuture$AsyncRun done
Event: 1001.070 Loading class java/lang/ProcessHandleImpl$ExitCompletion
Event: 1001.070 Loading class java/lang/ProcessHandleImpl$ExitCompletion done
Event: 1001.070 Loading class java/lang/ProcessHandleImpl$1
Event: 1001.070 Loading class java/lang/ProcessHandleImpl$1 done
Event: 1001.077 Loading class java/util/concurrent/CompletableFuture$UniHandle
Event: 1001.079 Loading class java/util/concurrent/CompletableFuture$UniHandle done
Event: 2057.649 Loading class jdk/internal/module/IllegalAccessLogger
Event: 2057.650 Loading class jdk/internal/module/IllegalAccessLogger done
Event: 2076.184 Loading class jdk/internal/module/IllegalAccessLogger
Event: 2076.184 Loading class jdk/internal/module/IllegalAccessLogger done
Event: 2084.771 Loading class jdk/internal/module/IllegalAccessLogger
Event: 2084.771 Loading class jdk/internal/module/IllegalAccessLogger done
Event: 2121.545 Loading class jdk/internal/module/IllegalAccessLogger
Event: 2121.545 Loading class jdk/internal/module/IllegalAccessLogger done
Event: 2159.838 Loading class jdk/internal/module/IllegalAccessLogger
Event: 2159.838 Loading class jdk/internal/module/IllegalAccessLogger done

Classes unloaded (20 events):
Event: 1510.464 Thread 0x000001c56c5830a0 Unloading class 0x000001c501017400 'java/lang/invoke/LambdaForm$MH+0x000001c501017400'
Event: 1510.464 Thread 0x000001c56c5830a0 Unloading class 0x000001c501016400 'java/lang/invoke/LambdaForm$MH+0x000001c501016400'
Event: 1510.526 Thread 0x000001c56c5830a0 Unloading class 0x000001c50100d800 'java/lang/invoke/LambdaForm$MH+0x000001c50100d800'
Event: 1510.526 Thread 0x000001c56c5830a0 Unloading class 0x000001c50100d400 'java/lang/invoke/LambdaForm$MH+0x000001c50100d400'
Event: 1510.526 Thread 0x000001c56c5830a0 Unloading class 0x000001c50100d000 'java/lang/invoke/LambdaForm$MH+0x000001c50100d000'
Event: 1510.526 Thread 0x000001c56c5830a0 Unloading class 0x000001c50100cc00 'java/lang/invoke/LambdaForm$MH+0x000001c50100cc00'
Event: 1510.526 Thread 0x000001c56c5830a0 Unloading class 0x000001c50100c800 'java/lang/invoke/LambdaForm$BMH+0x000001c50100c800'
Event: 1510.526 Thread 0x000001c56c5830a0 Unloading class 0x000001c50100c000 'java/lang/invoke/LambdaForm$DMH+0x000001c50100c000'
Event: 1510.526 Thread 0x000001c56c5830a0 Unloading class 0x000001c501008400 'java/lang/invoke/LambdaForm$MH+0x000001c501008400'
Event: 1510.526 Thread 0x000001c56c5830a0 Unloading class 0x000001c501008000 'java/lang/invoke/LambdaForm$MH+0x000001c501008000'
Event: 1510.526 Thread 0x000001c56c5830a0 Unloading class 0x000001c501007c00 'java/lang/invoke/LambdaForm$MH+0x000001c501007c00'
Event: 1510.526 Thread 0x000001c56c5830a0 Unloading class 0x000001c501006800 'java/lang/invoke/LambdaForm$MH+0x000001c501006800'
Event: 1510.526 Thread 0x000001c56c5830a0 Unloading class 0x000001c501006000 'java/lang/invoke/LambdaForm$MH+0x000001c501006000'
Event: 1510.526 Thread 0x000001c56c5830a0 Unloading class 0x000001c501005c00 'java/lang/invoke/LambdaForm$MH+0x000001c501005c00'
Event: 1510.526 Thread 0x000001c56c5830a0 Unloading class 0x000001c501005800 'java/lang/invoke/LambdaForm$MH+0x000001c501005800'
Event: 1510.526 Thread 0x000001c56c5830a0 Unloading class 0x000001c501005400 'java/lang/invoke/LambdaForm$BMH+0x000001c501005400'
Event: 1510.526 Thread 0x000001c56c5830a0 Unloading class 0x000001c501004000 'java/lang/invoke/LambdaForm$DMH+0x000001c501004000'
Event: 1510.526 Thread 0x000001c56c5830a0 Unloading class 0x000001c501002400 'java/lang/invoke/LambdaForm$MH+0x000001c501002400'
Event: 1510.526 Thread 0x000001c56c5830a0 Unloading class 0x000001c501002000 'java/lang/invoke/LambdaForm$MH+0x000001c501002000'
Event: 1510.526 Thread 0x000001c56c5830a0 Unloading class 0x000001c501001800 'java/lang/invoke/LambdaForm$MH+0x000001c501001800'

Classes redefined (0 events):
No events

Internal exceptions (20 events):
Event: 1635.391 Thread 0x000001c541b8ce90 Exception <a 'sun/nio/fs/WindowsException'{0x00000000eaebd140}> (0x00000000eaebd140) 
thrown [s\src\hotspot\share\prims\jni.cpp, line 520]
Event: 1635.420 Thread 0x000001c541b8ce90 Exception <a 'sun/nio/fs/WindowsException'{0x00000000eb11d7a8}> (0x00000000eb11d7a8) 
thrown [s\src\hotspot\share\prims\jni.cpp, line 520]
Event: 1635.420 Thread 0x000001c541b8ce90 Exception <a 'sun/nio/fs/WindowsException'{0x00000000eb11e3b0}> (0x00000000eb11e3b0) 
thrown [s\src\hotspot\share\prims\jni.cpp, line 520]
Event: 1687.164 Thread 0x000001c541b8adc0 Implicit null exception at 0x000001c56400f5bc to 0x000001c564011348
Event: 1687.165 Thread 0x000001c541b8adc0 Implicit null exception at 0x000001c56348e939 to 0x000001c56348ebad
Event: 1687.166 Thread 0x000001c541b8adc0 Implicit null exception at 0x000001c5631dc00e to 0x000001c5631dc0a8
Event: 1689.063 Thread 0x000001c541b8e8d0 Exception <a 'java/lang/NoSuchMethodError'{0x00000000eac4a178}: 'void java.lang.invoke.DirectMethodHandle$Holder.invokeSpecial(java.lang.Object, java.lang.Object, int)'> (0x00000000eac4a178) 
thrown [s\src\hotspot\share\interpreter\linkResolver.cpp, line 773]
Event: 1970.663 Thread 0x000001c541b8bae0 Exception <a 'java/lang/NoSuchMethodError'{0x00000000eace3878}: 'java.lang.Object java.lang.invoke.DirectMethodHandle$Holder.invokeStatic(java.lang.Object, int, java.lang.Object)'> (0x00000000eace3878) 
thrown [s\src\hotspot\share\interpreter\linkResolver.cpp, line 773]
Event: 2057.267 Thread 0x000001c572de6470 Exception <a 'sun/nio/fs/WindowsException'{0x00000000eacc13c8}> (0x00000000eacc13c8) 
thrown [s\src\hotspot\share\prims\jni.cpp, line 520]
Event: 2057.640 Thread 0x000001c541b8ce90 Implicit null exception at 0x000001c563316db5 to 0x000001c563316ff4
Event: 2060.119 Thread 0x000001c541b8d520 Exception <a 'java/lang/ArrayIndexOutOfBoundsException'{0x00000000eab4c970}: Index 1248 out of bounds for length 1247> (0x00000000eab4c970) 
thrown [s\src\hotspot\share\interpreter\interpreterRuntime.cpp, line 439]
Event: 2061.205 Thread 0x000001c572de6470 Exception <a 'sun/nio/fs/WindowsException'{0x00000000eabe2f08}> (0x00000000eabe2f08) 
thrown [s\src\hotspot\share\prims\jni.cpp, line 520]
Event: 2075.652 Thread 0x000001c572de6470 Exception <a 'sun/nio/fs/WindowsException'{0x00000000eab92fa0}> (0x00000000eab92fa0) 
thrown [s\src\hotspot\share\prims\jni.cpp, line 520]
Event: 2080.157 Thread 0x000001c572de6470 Exception <a 'sun/nio/fs/WindowsException'{0x00000000eac55968}> (0x00000000eac55968) 
thrown [s\src\hotspot\share\prims\jni.cpp, line 520]
Event: 2080.170 Thread 0x000001c572de6470 Implicit null exception at 0x000001c5633b23e7 to 0x000001c5633b24d8
Event: 2084.593 Thread 0x000001c572de6470 Exception <a 'sun/nio/fs/WindowsException'{0x00000000eab440e8}> (0x00000000eab440e8) 
thrown [s\src\hotspot\share\prims\jni.cpp, line 520]
Event: 2086.591 Thread 0x000001c572de6470 Exception <a 'sun/nio/fs/WindowsException'{0x00000000eac537c0}> (0x00000000eac537c0) 
thrown [s\src\hotspot\share\prims\jni.cpp, line 520]
Event: 2121.313 Thread 0x000001c572de6470 Exception <a 'sun/nio/fs/WindowsException'{0x00000000eab001c0}> (0x00000000eab001c0) 
thrown [s\src\hotspot\share\prims\jni.cpp, line 520]
Event: 2128.197 Thread 0x000001c572de6470 Exception <a 'sun/nio/fs/WindowsException'{0x00000000eaca4610}> (0x00000000eaca4610) 
thrown [s\src\hotspot\share\prims\jni.cpp, line 520]
Event: 2157.758 Thread 0x000001c572de6470 Exception <a 'sun/nio/fs/WindowsException'{0x00000000eab00810}> (0x00000000eab00810) 
thrown [s\src\hotspot\share\prims\jni.cpp, line 520]

ZGC Phase Switch (0 events):
No events

VM Operations (20 events):
Event: 2157.944 Executing VM operation: ParallelGCFailedAllocation (Allocation Failure)
Event: 2157.949 Executing VM operation: ParallelGCFailedAllocation (Allocation Failure) done
Event: 2158.515 Executing VM operation: ParallelGCFailedAllocation (Allocation Failure)
Event: 2159.830 Executing VM operation: ParallelGCFailedAllocation (Allocation Failure) done
Event: 2159.847 Executing VM operation: ParallelGCFailedAllocation (Allocation Failure)
Event: 2159.859 Executing VM operation: ParallelGCFailedAllocation (Allocation Failure) done
Event: 2159.865 Executing VM operation: ParallelGCFailedAllocation (Allocation Failure)
Event: 2159.872 Executing VM operation: ParallelGCFailedAllocation (Allocation Failure) done
Event: 2159.890 Executing VM operation: ParallelGCFailedAllocation (Allocation Failure)
Event: 2159.894 Executing VM operation: ParallelGCFailedAllocation (Allocation Failure) done
Event: 2159.937 Executing VM operation: ParallelGCFailedAllocation (Allocation Failure)
Event: 2159.944 Executing VM operation: ParallelGCFailedAllocation (Allocation Failure) done
Event: 2159.961 Executing VM operation: ParallelGCFailedAllocation (Allocation Failure)
Event: 2159.966 Executing VM operation: ParallelGCFailedAllocation (Allocation Failure) done
Event: 2159.979 Executing VM operation: ParallelGCFailedAllocation (Allocation Failure)
Event: 2159.981 Executing VM operation: ParallelGCFailedAllocation (Allocation Failure) done
Event: 2160.087 Executing VM operation: ParallelGCFailedAllocation (Allocation Failure)
Event: 2160.092 Executing VM operation: ParallelGCFailedAllocation (Allocation Failure) done
Event: 2160.231 Executing VM operation: ParallelGCFailedAllocation (Allocation Failure)
Event: 2160.240 Executing VM operation: ParallelGCFailedAllocation (Allocation Failure) done

Memory protections (0 events):
No events

Nmethod flushes (20 events):
Event: 1512.021 Thread 0x000001c56c5830a0 flushing  nmethod 0x000001c55dcd1a90
Event: 1512.021 Thread 0x000001c56c5830a0 flushing  nmethod 0x000001c55dcd4290
Event: 1512.021 Thread 0x000001c56c5830a0 flushing  nmethod 0x000001c55dcd6710
Event: 1512.021 Thread 0x000001c56c5830a0 flushing  nmethod 0x000001c55dcf1110
Event: 1512.022 Thread 0x000001c56c5830a0 flushing  nmethod 0x000001c55dd0fc90
Event: 1512.022 Thread 0x000001c56c5830a0 flushing  nmethod 0x000001c55dd11c90
Event: 1512.022 Thread 0x000001c56c5830a0 flushing  nmethod 0x000001c55dd13210
Event: 1512.022 Thread 0x000001c56c5830a0 flushing  nmethod 0x000001c55dd13a10
Event: 1512.022 Thread 0x000001c56c5830a0 flushing  nmethod 0x000001c55dd14710
Event: 1512.022 Thread 0x000001c56c5830a0 flushing  nmethod 0x000001c55dd23390
Event: 1512.022 Thread 0x000001c56c5830a0 flushing  nmethod 0x000001c55dd24210
Event: 1512.022 Thread 0x000001c56c5830a0 flushing  nmethod 0x000001c55dd32710
Event: 1512.022 Thread 0x000001c56c5830a0 flushing  nmethod 0x000001c55dd33b90
Event: 1512.022 Thread 0x000001c56c5830a0 flushing  nmethod 0x000001c55dd41610
Event: 1512.022 Thread 0x000001c56c5830a0 flushing  nmethod 0x000001c55dd65e10
Event: 1512.022 Thread 0x000001c56c5830a0 flushing  nmethod 0x000001c55dd6a010
Event: 1512.022 Thread 0x000001c56c5830a0 flushing  nmethod 0x000001c55dda1890
Event: 1512.022 Thread 0x000001c56c5830a0 flushing  nmethod 0x000001c55ddb7e90
Event: 1512.022 Thread 0x000001c56c5830a0 flushing  nmethod 0x000001c55ddb9010
Event: 1512.022 Thread 0x000001c56c5830a0 flushing  nmethod 0x000001c55ddf2e90

Events (20 events):
Event: 1890.423 Thread 0x000001c541b8a730 Thread exited: 0x000001c541b8a730
Event: 1891.060 Thread 0x000001c574d3af40 Thread added: 0x000001c541b8d520
Event: 1891.089 Thread 0x000001c541b8d520 Thread added: 0x000001c541b89380
Event: 1952.329 Thread 0x000001c573c012b0 Thread exited: 0x000001c573c012b0
Event: 1984.501 Thread 0x000001c541b8e8d0 Thread exited: 0x000001c541b8e8d0
Event: 2057.241 Thread 0x000001c541b8fc80 Thread added: 0x000001c541b8b450
Event: 2057.252 Thread 0x000001c541b8ce90 Thread added: 0x000001c541b8e8d0
Event: 2057.421 Thread 0x000001c541b8ce90 Thread added: 0x000001c57678ea50
Event: 2057.657 Thread 0x000001c541b8ce90 Thread added: 0x000001c57678dd30
Event: 2075.641 Thread 0x000001c541b8ce90 Thread added: 0x000001c576791ed0
Event: 2075.868 Thread 0x000001c541b8fc80 Thread added: 0x000001c57678f770
Event: 2076.577 Thread 0x000001c541b8fc80 Thread added: 0x000001c57678c2f0
Event: 2076.591 Thread 0x000001c541b8fc80 Thread added: 0x000001c57678c980
Event: 2076.602 Thread 0x000001c541b8fc80 Thread added: 0x000001c576790b20
Event: 2076.619 Thread 0x000001c576790b20 Thread added: 0x000001c57678d010
Event: 2076.902 Thread 0x000001c57203b970 Thread added: 0x000001c572733450
Event: 2077.267 Thread 0x000001c572733450 Thread exited: 0x000001c572733450
Event: 2104.305 Thread 0x000001c576791ed0 Thread added: 0x000001c57678af40
Event: 2104.313 Thread 0x000001c57678af40 Thread exited: 0x000001c57678af40
Event: 2121.274 Thread 0x000001c541b8ce90 Thread added: 0x000001c57678af40


Dynamic libraries:
0x00007ff752680000 - 0x00007ff75268e000 	c:\Users\senud\.vscode\extensions\redhat.java-1.42.0-win32-x64\jre\21.0.7-win32-x86_64\bin\java.exe
0x00007ffe6bb30000 - 0x00007ffe6bd47000 	C:\WINDOWS\SYSTEM32\ntdll.dll
0x00007ffe24e80000 - 0x00007ffe24e9b000 	C:\Program Files\AVG\Antivirus\aswhook.dll
0x00007ffe699e0000 - 0x00007ffe69aa4000 	C:\WINDOWS\System32\KERNEL32.DLL
0x00007ffe69330000 - 0x00007ffe69703000 	C:\WINDOWS\System32\KERNELBASE.dll
0x00007ffe69000000 - 0x00007ffe69111000 	C:\WINDOWS\System32\ucrtbase.dll
0x00007ffe51260000 - 0x00007ffe51278000 	c:\Users\senud\.vscode\extensions\redhat.java-1.42.0-win32-x64\jre\21.0.7-win32-x86_64\bin\jli.dll
0x00007ffe6b8b0000 - 0x00007ffe6ba61000 	C:\WINDOWS\System32\USER32.dll
0x00007ffe69790000 - 0x00007ffe697b6000 	C:\WINDOWS\System32\win32u.dll
0x00007ffe69ab0000 - 0x00007ffe69ad9000 	C:\WINDOWS\System32\GDI32.dll
0x00007ffe68c20000 - 0x00007ffe68d42000 	C:\WINDOWS\System32\gdi32full.dll
0x00007ffe69290000 - 0x00007ffe6932a000 	C:\WINDOWS\System32\msvcp_win.dll
0x00007ffe50810000 - 0x00007ffe5082e000 	c:\Users\senud\.vscode\extensions\redhat.java-1.42.0-win32-x64\jre\21.0.7-win32-x86_64\bin\VCRUNTIME140.dll
0x00007ffe4fc00000 - 0x00007ffe4fe9b000 	C:\WINDOWS\WinSxS\amd64_microsoft.windows.common-controls_6595b64144ccf1df_6.0.22621.5262_none_2712bde373830908\COMCTL32.dll
0x00007ffe6a440000 - 0x00007ffe6a4e7000 	C:\WINDOWS\System32\msvcrt.dll
0x00007ffe6ac70000 - 0x00007ffe6aca1000 	C:\WINDOWS\System32\IMM32.DLL
0x00007ffe52690000 - 0x00007ffe5269c000 	c:\Users\senud\.vscode\extensions\redhat.java-1.42.0-win32-x64\jre\21.0.7-win32-x86_64\bin\vcruntime140_1.dll
0x00007ffe2b010000 - 0x00007ffe2b09d000 	c:\Users\senud\.vscode\extensions\redhat.java-1.42.0-win32-x64\jre\21.0.7-win32-x86_64\bin\msvcp140.dll
0x00007ffdaf530000 - 0x00007ffdb02c0000 	c:\Users\senud\.vscode\extensions\redhat.java-1.42.0-win32-x64\jre\21.0.7-win32-x86_64\bin\server\jvm.dll
0x00007ffe6afb0000 - 0x00007ffe6b061000 	C:\WINDOWS\System32\ADVAPI32.dll
0x00007ffe6b1a0000 - 0x00007ffe6b247000 	C:\WINDOWS\System32\sechost.dll
0x00007ffe69260000 - 0x00007ffe69288000 	C:\WINDOWS\System32\bcrypt.dll
0x00007ffe6ae90000 - 0x00007ffe6afa4000 	C:\WINDOWS\System32\RPCRT4.dll
0x00007ffe6ae10000 - 0x00007ffe6ae81000 	C:\WINDOWS\System32\WS2_32.dll
0x00007ffe5bd50000 - 0x00007ffe5bd5a000 	C:\WINDOWS\SYSTEM32\VERSION.dll
0x00007ffe67a80000 - 0x00007ffe67acd000 	C:\WINDOWS\SYSTEM32\POWRPROF.dll
0x00007ffe5f2a0000 - 0x00007ffe5f2d4000 	C:\WINDOWS\SYSTEM32\WINMM.dll
0x00007ffe67a60000 - 0x00007ffe67a73000 	C:\WINDOWS\SYSTEM32\UMPDC.dll
0x00007ffe67d30000 - 0x00007ffe67d48000 	C:\WINDOWS\SYSTEM32\kernel.appcore.dll
0x00007ffe50800000 - 0x00007ffe5080a000 	c:\Users\senud\.vscode\extensions\redhat.java-1.42.0-win32-x64\jre\21.0.7-win32-x86_64\bin\jimage.dll
0x00007ffe66610000 - 0x00007ffe66842000 	C:\WINDOWS\SYSTEM32\DBGHELP.DLL
0x00007ffe6a6e0000 - 0x00007ffe6aa73000 	C:\WINDOWS\System32\combase.dll
0x00007ffe6ab20000 - 0x00007ffe6abf7000 	C:\WINDOWS\System32\OLEAUT32.dll
0x00007ffe5b9c0000 - 0x00007ffe5b9f2000 	C:\WINDOWS\SYSTEM32\dbgcore.DLL
0x00007ffe691e0000 - 0x00007ffe6925b000 	C:\WINDOWS\System32\bcryptPrimitives.dll
0x00007ffe507c0000 - 0x00007ffe507cf000 	c:\Users\senud\.vscode\extensions\redhat.java-1.42.0-win32-x64\jre\21.0.7-win32-x86_64\bin\instrument.dll
0x00007ffe48530000 - 0x00007ffe4854f000 	c:\Users\senud\.vscode\extensions\redhat.java-1.42.0-win32-x64\jre\21.0.7-win32-x86_64\bin\java.dll
0x00007ffe69ae0000 - 0x00007ffe6a37d000 	C:\WINDOWS\System32\SHELL32.dll
0x00007ffe68ec0000 - 0x00007ffe68fff000 	C:\WINDOWS\System32\wintypes.dll
0x00007ffe66b10000 - 0x00007ffe6742d000 	C:\WINDOWS\SYSTEM32\windows.storage.dll
0x00007ffe6a560000 - 0x00007ffe6a66b000 	C:\WINDOWS\System32\SHCORE.dll
0x00007ffe6a4f0000 - 0x00007ffe6a556000 	C:\WINDOWS\System32\shlwapi.dll
0x00007ffe68b50000 - 0x00007ffe68b7b000 	C:\WINDOWS\SYSTEM32\profapi.dll
0x00007ffe44220000 - 0x00007ffe44238000 	c:\Users\senud\.vscode\extensions\redhat.java-1.42.0-win32-x64\jre\21.0.7-win32-x86_64\bin\zip.dll
0x00007ffe507b0000 - 0x00007ffe507c0000 	C:\Users\senud\.vscode\extensions\redhat.java-1.42.0-win32-x64\jre\21.0.7-win32-x86_64\bin\net.dll
0x00007ffe610a0000 - 0x00007ffe611cc000 	C:\WINDOWS\SYSTEM32\WINHTTP.dll
0x00007ffe681d0000 - 0x00007ffe6823a000 	C:\WINDOWS\system32\mswsock.dll
0x00007ffe44200000 - 0x00007ffe44216000 	C:\Users\senud\.vscode\extensions\redhat.java-1.42.0-win32-x64\jre\21.0.7-win32-x86_64\bin\nio.dll
0x00007ffe1b3c0000 - 0x00007ffe1b3d0000 	c:\Users\senud\.vscode\extensions\redhat.java-1.42.0-win32-x64\jre\21.0.7-win32-x86_64\bin\verify.dll
0x00007ffdfcbc0000 - 0x00007ffdfcc05000 	C:\Users\senud\AppData\Roaming\Code\User\globalStorage\redhat.java\1.42.0\config_win\org.eclipse.equinox.launcher\org.eclipse.equinox.launcher.win32.win32.x86_64_1.2.1300.v20250331-1702\eclipse_11911.dll
0x00007ffe69830000 - 0x00007ffe699d1000 	C:\WINDOWS\System32\ole32.dll
0x00007ffe63370000 - 0x00007ffe6337a000 	C:\Users\senud\.vscode\extensions\redhat.java-1.42.0-win32-x64\jre\21.0.7-win32-x86_64\bin\management.dll
0x00007ffe62570000 - 0x00007ffe6257b000 	C:\Users\senud\.vscode\extensions\redhat.java-1.42.0-win32-x64\jre\21.0.7-win32-x86_64\bin\management_ext.dll
0x00007ffe6a430000 - 0x00007ffe6a438000 	C:\WINDOWS\System32\PSAPI.DLL
0x00007ffe68430000 - 0x00007ffe6844b000 	C:\WINDOWS\SYSTEM32\CRYPTSP.dll
0x00007ffe67c90000 - 0x00007ffe67cc7000 	C:\WINDOWS\system32\rsaenh.dll
0x00007ffe682c0000 - 0x00007ffe682e8000 	C:\WINDOWS\SYSTEM32\USERENV.dll
0x00007ffe68420000 - 0x00007ffe6842c000 	C:\WINDOWS\SYSTEM32\CRYPTBASE.dll
0x00007ffe67710000 - 0x00007ffe6773d000 	C:\WINDOWS\SYSTEM32\IPHLPAPI.DLL
0x00007ffe6aa80000 - 0x00007ffe6aa89000 	C:\WINDOWS\System32\NSI.dll
0x00007ffe4d810000 - 0x00007ffe4d859000 	C:\Users\senud\AppData\Local\Temp\jna-109323243\jna3934479478325071281.dll
0x00007ffe60f70000 - 0x00007ffe60f89000 	C:\WINDOWS\SYSTEM32\dhcpcsvc6.DLL
0x00007ffe60b60000 - 0x00007ffe60b7f000 	C:\WINDOWS\SYSTEM32\dhcpcsvc.DLL
0x00007ffe56550000 - 0x00007ffe5655e000 	C:\Users\senud\.vscode\extensions\redhat.java-1.42.0-win32-x64\jre\21.0.7-win32-x86_64\bin\sunmscapi.dll
0x00007ffe68d50000 - 0x00007ffe68eb7000 	C:\WINDOWS\System32\CRYPT32.dll
0x00007ffe685e0000 - 0x00007ffe6860d000 	C:\WINDOWS\SYSTEM32\ncrypt.dll
0x00007ffe685a0000 - 0x00007ffe685d7000 	C:\WINDOWS\SYSTEM32\NTASN1.dll
0x00007ffe67780000 - 0x00007ffe67878000 	C:\WINDOWS\SYSTEM32\DNSAPI.dll
0x00007ffe5cfd0000 - 0x00007ffe5cfda000 	C:\Windows\System32\rasadhlp.dll
0x00007ffe5e280000 - 0x00007ffe5e303000 	C:\WINDOWS\System32\fwpuclnt.dll
0x00007ffe5ed60000 - 0x00007ffe5ed69000 	C:\Users\senud\.vscode\extensions\redhat.java-1.42.0-win32-x64\jre\21.0.7-win32-x86_64\bin\extnet.dll
0x00007ffe67e60000 - 0x00007ffe67e94000 	C:\WINDOWS\SYSTEM32\ntmarta.dll

dbghelp: loaded successfully - version: 4.0.5 - missing functions: none
symbol engine: initialized successfully - sym options: 0x614 - pdb path: .;c:\Users\senud\.vscode\extensions\redhat.java-1.42.0-win32-x64\jre\21.0.7-win32-x86_64\bin;C:\WINDOWS\SYSTEM32;C:\Program Files\AVG\Antivirus;C:\WINDOWS\WinSxS\amd64_microsoft.windows.common-controls_6595b64144ccf1df_6.0.22621.5262_none_2712bde373830908;c:\Users\senud\.vscode\extensions\redhat.java-1.42.0-win32-x64\jre\21.0.7-win32-x86_64\bin\server;C:\Users\senud\AppData\Roaming\Code\User\globalStorage\redhat.java\1.42.0\config_win\org.eclipse.equinox.launcher\org.eclipse.equinox.launcher.win32.win32.x86_64_1.2.1300.v20250331-1702;C:\Users\senud\AppData\Local\Temp\jna-109323243

VM Arguments:
jvm_args: --add-modules=ALL-SYSTEM --add-opens=java.base/java.util=ALL-UNNAMED --add-opens=java.base/java.lang=ALL-UNNAMED --add-opens=java.base/sun.nio.fs=ALL-UNNAMED -Declipse.application=org.eclipse.jdt.ls.core.id1 -Dosgi.bundles.defaultStartLevel=4 -Declipse.product=org.eclipse.jdt.ls.core.product -Djava.import.generatesMetadataFilesAtProjectRoot=false -DDetectVMInstallationsJob.disabled=true -Dfile.encoding=utf8 -XX:+UseParallelGC -XX:GCTimeRatio=4 -XX:AdaptiveSizePolicyWeight=90 -Dsun.zip.disableMemoryMapping=true -Xmx1G -Xms100m -Xlog:disable -javaagent:c:\Users\senud\.vscode\extensions\redhat.java-1.42.0-win32-x64\lombok\lombok-1.18.36.jar -XX:+HeapDumpOnOutOfMemoryError -XX:HeapDumpPath=c:\Users\senud\AppData\Roaming\Code\User\workspaceStorage\bac58980dab45cc9cd9f1be5cf859002\redhat.java -Daether.dependencyCollector.impl=bf 
java_command: c:\Users\senud\.vscode\extensions\redhat.java-1.42.0-win32-x64\server\plugins\org.eclipse.equinox.launcher_1.7.0.v20250424-1814.jar -configuration c:\Users\senud\AppData\Roaming\Code\User\globalStorage\redhat.java\1.42.0\config_win -data c:\Users\senud\AppData\Roaming\Code\User\workspaceStorage\bac58980dab45cc9cd9f1be5cf859002\redhat.java\jdt_ws --pipe=\\.\pipe\lsp-43c33d79578e9d25e0e1939c03dd3962-sock
java_class_path (initial): c:\Users\senud\.vscode\extensions\redhat.java-1.42.0-win32-x64\server\plugins\org.eclipse.equinox.launcher_1.7.0.v20250424-1814.jar
Launcher Type: SUN_STANDARD

[Global flags]
    uintx AdaptiveSizePolicyWeight                 = 90                                        {product} {command line}
     intx CICompilerCount                          = 4                                         {product} {ergonomic}
    uintx GCTimeRatio                              = 4                                         {product} {command line}
     bool HeapDumpOnOutOfMemoryError               = true                                   {manageable} {command line}
    ccstr HeapDumpPath                             = c:\Users\senud\AppData\Roaming\Code\User\workspaceStorage\bac58980dab45cc9cd9f1be5cf859002\redhat.java         {manageable} {command line}
   size_t InitialHeapSize                          = 104857600                                 {product} {command line}
   size_t MaxHeapSize                              = 1073741824                                {product} {command line}
   size_t MaxNewSize                               = 357564416                                 {product} {ergonomic}
   size_t MinHeapDeltaBytes                        = 524288                                    {product} {ergonomic}
   size_t MinHeapSize                              = 104857600                                 {product} {command line}
   size_t NewSize                                  = 34603008                                  {product} {ergonomic}
    uintx NonNMethodCodeHeapSize                   = 5839372                                {pd product} {ergonomic}
    uintx NonProfiledCodeHeapSize                  = 122909434                              {pd product} {ergonomic}
   size_t OldSize                                  = 70254592                                  {product} {ergonomic}
    uintx ProfiledCodeHeapSize                     = 122909434                              {pd product} {ergonomic}
    uintx ReservedCodeCacheSize                    = 251658240                              {pd product} {ergonomic}
     bool SegmentedCodeCache                       = true                                      {product} {ergonomic}
   size_t SoftMaxHeapSize                          = 1073741824                             {manageable} {ergonomic}
     bool UseCompressedOops                        = true                           {product lp64_product} {ergonomic}
     bool UseLargePagesIndividualAllocation        = false                                  {pd product} {ergonomic}
     bool UseParallelGC                            = true                                      {product} {command line}

Logging:
Log output configuration:
 #0: stdout all=off uptime,level,tags foldmultilines=false
 #1: stderr all=off uptime,level,tags foldmultilines=false

Environment Variables:
JAVA_HOME=C:\Program Files\Microsoft\jdk-17.0.13.11-hotspot\
PATH=C:\Program Files\Microsoft\jdk-17.0.13.11-hotspot\bin;C:\Python312\Scripts\;C:\Python312\;D:\Apps Installations\bin\;C:\Program Files\Common Files\Oracle\Java\javapath;C:\Program Files (x86)\Common Files\Oracle\Java\javapath;C:\Windows\system32;C:\Windows;C:\Windows\System32\Wbem;C:\Windows\System32\WindowsPowerShell\v1.0\;C:\Windows\System32\OpenSSH\;C:\Program Files (x86)\NVIDIA Corporation\PhysX\Common;C:\Program Files\NVIDIA Corporation\NVIDIA NvDLISR;C:\WINDOWS\system32;C:\WINDOWS;C:\WINDOWS\System32\Wbem;C:\WINDOWS\System32\WindowsPowerShell\v1.0\;C:\WINDOWS\System32\OpenSSH\;C:\Program Files\MySQL\MySQL Server 8.0\bin;C:\Program Files\Git\cmd;C:\Maven\apache-maven-3.9.2\bin;C:\ProgramData\chocolatey\bin;C:\Program Files\nodejs\;D:\sdkk\sdk\build-tools;D:\sdkk\sdk\emulator;D:\sdkk\sdk\platform-tools;D:\flutter\flutter\bin;C:\Program Files\MySQL\MySQL Server 8.0\bin;C:\Program Files\Git LFS;C:\Program Files\nodejs\npm;C:\Program Files (x86)\Microsoft SQL Server\160\DTS\Binn\;C:\Program Files (x86)\Microsoft SQL Server\160\Tools\Binn\;C:\Program Files\Microsoft SQL Server\160\Tools\Binn\;C:\Program Files\Microsoft SQL Server\Client SDK\ODBC\170\Tools\Binn\;C:\Program Files\Microsoft SQL Server\160\DTS\Binn\;C:\Program Files\MySQL\MySQL Shell 8.0\bin\;D:\InstallSDK\tools;D:\InstallSDK\tools;C:\Users\senud\AppData\Local\Programs\Python\Python310\Scripts\;C:\Users\senud\AppData\Local\Programs\Python\Python310\;C:\Users\senud\AppData\Local\Microsoft\WindowsApps;C:\Users\senud\AppData\Local\Programs\Microsoft VS Code\bin;C:\Program Files\Java\jdk-19\bin;C:\Program Files\MySQL;C:\msys64\mingw64\bin;C:\Users\senud\AppData\Roaming\npm;C:\Maven\apache-maven-3.9.2\bin
USERNAME=senud
OS=Windows_NT
PROCESSOR_IDENTIFIER=Intel64 Family 6 Model 140 Stepping 1, GenuineIntel
TMP=C:\Users\senud\AppData\Local\Temp
TEMP=C:\Users\senud\AppData\Local\Temp




Periodic native trim disabled

---------------  S Y S T E M  ---------------

OS:
 Windows 11 , 64 bit Build 22621 (10.0.22621.5262)
OS uptime: 0 days 5:25 hours
Hyper-V role detected

CPU: total 8 (initial active 8) (4 cores per cpu, 2 threads per core) family 6 model 140 stepping 1 microcode 0x8a, cx8, cmov, fxsr, ht, mmx, 3dnowpref, sse, sse2, sse3, ssse3, sse4.1, sse4.2, popcnt, lzcnt, tsc, tscinvbit, avx, avx2, aes, erms, clmul, bmi1, bmi2, adx, avx512f, avx512dq, avx512cd, avx512bw, avx512vl, sha, fma, vzeroupper, avx512_vpopcntdq, avx512_vpclmulqdq, avx512_vaes, avx512_vnni, clflush, clflushopt, clwb, avx512_vbmi2, avx512_vbmi, hv, rdtscp, rdpid, fsrm, gfni, avx512_bitalg, f16c, cet_ibt, cet_ss, avx512_ifma
Processor Information for the first 8 processors :
  Max Mhz: 2803, Current Mhz: 2803, Mhz Limit: 2803

Memory: 4k page, system-wide physical 7971M (352M free)
TotalPageFile size 22980M (AvailPageFile size 866M)
current process WorkingSet (physical memory assigned to process): 417M, peak: 767M
current process commit charge ("private bytes"): 883M, peak: 1046M

vm_info: OpenJDK 64-Bit Server VM (21.0.7+6-LTS) for windows-amd64 JRE (21.0.7+6-LTS), built on 2025-04-15T00:00:00Z by "admin" with MS VC++ 17.7 (VS2022)

END.
