#
# There is insufficient memory for the Java Runtime Environment to continue.
# Native memory allocation (malloc) failed to allocate 1817136 bytes. Error detail: Chunk::new
# Possible reasons:
#   The system is out of physical RAM or swap space
#   This process is running with CompressedOops enabled, and the Java Heap may be blocking the growth of the native heap
# Possible solutions:
#   Reduce memory load on the system
#   Increase physical memory or swap space
#   Check if swap backing store is full
#   Decrease Java heap size (-Xmx/-Xms)
#   Decrease number of Java threads
#   Decrease Java thread stack sizes (-Xss)
#   Set larger code cache with -XX:ReservedCodeCacheSize=
#   JVM is running with Unscaled Compressed Oops mode in which the Java heap is
#     placed in the first 4GB address space. The Java Heap base address is the
#     maximum limit for the native heap growth. Please use -XX:HeapBaseMinAddress
#     to set the Java Heap base and to place the Java Heap above 4GB virtual address.
# This output file may be truncated or incomplete.
#
#  Out of Memory Error (arena.cpp:168), pid=28508, tid=26256
#
# JRE version: OpenJDK Runtime Environment Temurin-21.0.7+6 (21.0.7+6) (build 21.0.7+6-LTS)
# Java VM: OpenJDK 64-Bit Server VM Temurin-21.0.7+6 (21.0.7+6-LTS, mixed mode, sharing, tiered, compressed oops, compressed class ptrs, parallel gc, windows-amd64)
# No core dump will be written. Minidumps are not enabled by default on client versions of Windows
#

---------------  S U M M A R Y ------------

Command Line: --add-modules=ALL-SYSTEM --add-opens=java.base/java.util=ALL-UNNAMED --add-opens=java.base/java.lang=ALL-UNNAMED --add-opens=java.base/sun.nio.fs=ALL-UNNAMED -Declipse.application=org.eclipse.jdt.ls.core.id1 -Dosgi.bundles.defaultStartLevel=4 -Declipse.product=org.eclipse.jdt.ls.core.product -Djava.import.generatesMetadataFilesAtProjectRoot=false -DDetectVMInstallationsJob.disabled=true -Dfile.encoding=utf8 -XX:+UseParallelGC -XX:GCTimeRatio=4 -XX:AdaptiveSizePolicyWeight=90 -Dsun.zip.disableMemoryMapping=true -Xmx1G -Xms100m -Xlog:disable -javaagent:c:\Users\senud\.vscode\extensions\redhat.java-1.42.0-win32-x64\lombok\lombok-1.18.36.jar -XX:+HeapDumpOnOutOfMemoryError -XX:HeapDumpPath=c:\Users\senud\AppData\Roaming\Code\User\workspaceStorage\bac58980dab45cc9cd9f1be5cf859002\redhat.java -Daether.dependencyCollector.impl=bf c:\Users\senud\.vscode\extensions\redhat.java-1.42.0-win32-x64\server\plugins\org.eclipse.equinox.launcher_1.7.0.v20250424-1814.jar -configuration c:\Users\senud\AppData\Roaming\Code\User\globalStorage\redhat.java\1.42.0\config_win -data c:\Users\senud\AppData\Roaming\Code\User\workspaceStorage\bac58980dab45cc9cd9f1be5cf859002\redhat.java\jdt_ws --pipe=\\.\pipe\lsp-b4d0ebc9dec461235035df9e5a9f2e92-sock

Host: 11th Gen Intel(R) Core(TM) i7-1165G7 @ 2.80GHz, 8 cores, 7G,  Windows 11 , 64 bit Build 22621 (10.0.22621.5262)
Time: Sat May 24 20:38:15 2025 Sri Lanka Standard Time elapsed time: 22.701045 seconds (0d 0h 0m 22s)

---------------  T H R E A D  ---------------

Current thread (0x000001adb64875e0):  JavaThread "C2 CompilerThread0" daemon [_thread_in_native, id=26256, stack(0x0000002f26f00000,0x0000002f27000000) (1024K)]


Current CompileTask:
C2:22707 7300 %     4       org.eclipse.jdt.internal.core.search.indexing.BinaryIndexer::extractReferenceFromConstantPool @ 15 (358 bytes)

Stack: [0x0000002f26f00000,0x0000002f27000000]
Native frames: (J=compiled Java code, j=interpreted, Vv=VM code, C=native code)
V  [jvm.dll+0x6ce119]
V  [jvm.dll+0x8a84a1]
V  [jvm.dll+0x8aa9ce]
V  [jvm.dll+0x8ab0b3]
V  [jvm.dll+0x27f8a6]
V  [jvm.dll+0xc507d]
V  [jvm.dll+0xc55b3]
V  [jvm.dll+0x3b68f2]
V  [jvm.dll+0x1dfe33]
V  [jvm.dll+0x247c42]
V  [jvm.dll+0x2470cf]
V  [jvm.dll+0x1c760e]
V  [jvm.dll+0x25695a]
V  [jvm.dll+0x254efa]
V  [jvm.dll+0x3f03f6]
V  [jvm.dll+0x851f6b]
V  [jvm.dll+0x6cc7dd]
C  [ucrtbase.dll+0x29333]
C  [KERNEL32.DLL+0x1259d]
C  [ntdll.dll+0x5af58]


---------------  P R O C E S S  ---------------

Threads class SMR info:
_java_thread_list=0x000001ad80b91d10, length=40, elements={
0x000001ad9fda9db0, 0x000001adb64783e0, 0x000001adb6478f30, 0x000001adb647ad80,
0x000001adb647c000, 0x000001adb647d000, 0x000001adb647f740, 0x000001adb64875e0,
0x000001adfd040340, 0x000001adfd0af100, 0x000001adfd34fc10, 0x000001adfd8fa800,
0x000001adfd76c620, 0x000001adfd9b80a0, 0x000001adfd788f70, 0x000001adfdda79d0,
0x000001adfd110a80, 0x000001adfe4c7e60, 0x000001adfe4c84f0, 0x000001adfe4c6ab0,
0x000001adfe4c5070, 0x000001adfe4c6420, 0x000001adfe4c5700, 0x000001adfe4c7140,
0x000001adfe4c77d0, 0x000001adfe4c5d90, 0x000001ad800641b0, 0x000001ad80064840,
0x000001ad800606a0, 0x000001ad80062e00, 0x000001ad80064ed0, 0x000001ad80065560,
0x000001ad80060d30, 0x000001ad80060010, 0x000001ad800613c0, 0x000001ad800620e0,
0x000001ad80066910, 0x000001ad80065bf0, 0x000001ad80063490, 0x000001ad80066fa0
}

Java Threads: ( => current thread )
  0x000001ad9fda9db0 JavaThread "main"                              [_thread_blocked, id=22588, stack(0x0000002f26500000,0x0000002f26600000) (1024K)]
  0x000001adb64783e0 JavaThread "Reference Handler"          daemon [_thread_blocked, id=14936, stack(0x0000002f26900000,0x0000002f26a00000) (1024K)]
  0x000001adb6478f30 JavaThread "Finalizer"                  daemon [_thread_blocked, id=6788, stack(0x0000002f26a00000,0x0000002f26b00000) (1024K)]
  0x000001adb647ad80 JavaThread "Signal Dispatcher"          daemon [_thread_blocked, id=18640, stack(0x0000002f26b00000,0x0000002f26c00000) (1024K)]
  0x000001adb647c000 JavaThread "Attach Listener"            daemon [_thread_blocked, id=15572, stack(0x0000002f26c00000,0x0000002f26d00000) (1024K)]
  0x000001adb647d000 JavaThread "Service Thread"             daemon [_thread_blocked, id=21800, stack(0x0000002f26d00000,0x0000002f26e00000) (1024K)]
  0x000001adb647f740 JavaThread "Monitor Deflation Thread"   daemon [_thread_blocked, id=25784, stack(0x0000002f26e00000,0x0000002f26f00000) (1024K)]
=>0x000001adb64875e0 JavaThread "C2 CompilerThread0"         daemon [_thread_in_native, id=26256, stack(0x0000002f26f00000,0x0000002f27000000) (1024K)]
  0x000001adfd040340 JavaThread "C1 CompilerThread0"         daemon [_thread_blocked, id=2376, stack(0x0000002f27000000,0x0000002f27100000) (1024K)]
  0x000001adfd0af100 JavaThread "Common-Cleaner"             daemon [_thread_blocked, id=23504, stack(0x0000002f27100000,0x0000002f27200000) (1024K)]
  0x000001adfd34fc10 JavaThread "Notification Thread"        daemon [_thread_blocked, id=1728, stack(0x0000002f27200000,0x0000002f27300000) (1024K)]
  0x000001adfd8fa800 JavaThread "Active Thread: Equinox Container: 5c2c9dfe-9fc5-43fd-8280-dd5b9ad2a82a"        [_thread_blocked, id=7144, stack(0x0000002f27900000,0x0000002f27a00000) (1024K)]
  0x000001adfd76c620 JavaThread "Refresh Thread: Equinox Container: 5c2c9dfe-9fc5-43fd-8280-dd5b9ad2a82a" daemon [_thread_blocked, id=20768, stack(0x0000002f27b00000,0x0000002f27c00000) (1024K)]
  0x000001adfd9b80a0 JavaThread "Framework Event Dispatcher: Equinox Container: 5c2c9dfe-9fc5-43fd-8280-dd5b9ad2a82a" daemon [_thread_blocked, id=20308, stack(0x0000002f27c00000,0x0000002f27d00000) (1024K)]
  0x000001adfd788f70 JavaThread "Start Level: Equinox Container: 5c2c9dfe-9fc5-43fd-8280-dd5b9ad2a82a" daemon [_thread_blocked, id=12520, stack(0x0000002f27d00000,0x0000002f27e00000) (1024K)]
  0x000001adfdda79d0 JavaThread "Bundle File Closer"         daemon [_thread_blocked, id=21348, stack(0x0000002f27e00000,0x0000002f27f00000) (1024K)]
  0x000001adfd110a80 JavaThread "SCR Component Actor"        daemon [_thread_blocked, id=4740, stack(0x0000002f27f00000,0x0000002f28000000) (1024K)]
  0x000001adfe4c7e60 JavaThread "Worker-JM"                         [_thread_blocked, id=20692, stack(0x0000002f28100000,0x0000002f28200000) (1024K)]
  0x000001adfe4c84f0 JavaThread "JNA Cleaner"                daemon [_thread_blocked, id=23288, stack(0x0000002f28200000,0x0000002f28300000) (1024K)]
  0x000001adfe4c6ab0 JavaThread "Worker-0"                          [_thread_blocked, id=22788, stack(0x0000002f28300000,0x0000002f28400000) (1024K)]
  0x000001adfe4c5070 JavaThread "Worker-1"                          [_thread_blocked, id=1932, stack(0x0000002f28400000,0x0000002f28500000) (1024K)]
  0x000001adfe4c6420 JavaThread "Worker-2"                          [_thread_blocked, id=15412, stack(0x0000002f28500000,0x0000002f28600000) (1024K)]
  0x000001adfe4c5700 JavaThread "Java indexing"              daemon [_thread_in_Java, id=472, stack(0x0000002f28600000,0x0000002f28700000) (1024K)]
  0x000001adfe4c7140 JavaThread "Worker-3"                          [_thread_blocked, id=27628, stack(0x0000002f28700000,0x0000002f28800000) (1024K)]
  0x000001adfe4c77d0 JavaThread "Worker-4"                          [_thread_blocked, id=24996, stack(0x0000002f28800000,0x0000002f28900000) (1024K)]
  0x000001adfe4c5d90 JavaThread "Worker-5: Java indexing... "        [_thread_blocked, id=18908, stack(0x0000002f28900000,0x0000002f28a00000) (1024K)]
  0x000001ad800641b0 JavaThread "Worker-6"                          [_thread_blocked, id=3720, stack(0x0000002f28a00000,0x0000002f28b00000) (1024K)]
  0x000001ad80064840 JavaThread "Thread-2"                   daemon [_thread_in_native, id=13416, stack(0x0000002f28b00000,0x0000002f28c00000) (1024K)]
  0x000001ad800606a0 JavaThread "Thread-3"                   daemon [_thread_in_native, id=12880, stack(0x0000002f28c00000,0x0000002f28d00000) (1024K)]
  0x000001ad80062e00 JavaThread "Thread-4"                   daemon [_thread_in_native, id=6832, stack(0x0000002f28d00000,0x0000002f28e00000) (1024K)]
  0x000001ad80064ed0 JavaThread "Thread-5"                   daemon [_thread_in_native, id=21580, stack(0x0000002f28e00000,0x0000002f28f00000) (1024K)]
  0x000001ad80065560 JavaThread "Thread-6"                   daemon [_thread_in_native, id=15260, stack(0x0000002f28f00000,0x0000002f29000000) (1024K)]
  0x000001ad80060d30 JavaThread "Thread-7"                   daemon [_thread_in_native, id=9316, stack(0x0000002f29000000,0x0000002f29100000) (1024K)]
  0x000001ad80060010 JavaThread "Thread-8"                   daemon [_thread_in_native, id=25204, stack(0x0000002f29100000,0x0000002f29200000) (1024K)]
  0x000001ad800613c0 JavaThread "Thread-9"                   daemon [_thread_in_native, id=24148, stack(0x0000002f29200000,0x0000002f29300000) (1024K)]
  0x000001ad800620e0 JavaThread "Thread-10"                  daemon [_thread_in_native, id=13396, stack(0x0000002f29300000,0x0000002f29400000) (1024K)]
  0x000001ad80066910 JavaThread "pool-2-thread-1"                   [_thread_blocked, id=20824, stack(0x0000002f29400000,0x0000002f29500000) (1024K)]
  0x000001ad80065bf0 JavaThread "WorkspaceEventsHandler"            [_thread_blocked, id=19924, stack(0x0000002f29500000,0x0000002f29600000) (1024K)]
  0x000001ad80063490 JavaThread "pool-1-thread-1"                   [_thread_blocked, id=18096, stack(0x0000002f29600000,0x0000002f29700000) (1024K)]
  0x000001ad80066fa0 JavaThread "Worker-7: Building"                [_thread_in_Java, id=3144, stack(0x0000002f28000000,0x0000002f28100000) (1024K)]
Total: 40

Other Threads:
  0x000001ada2167c40 VMThread "VM Thread"                           [id=4596, stack(0x0000002f26800000,0x0000002f26900000) (1024K)]
  0x000001adb638c950 WatcherThread "VM Periodic Task Thread"        [id=2608, stack(0x0000002f26700000,0x0000002f26800000) (1024K)]
  0x000001ada20e51d0 WorkerThread "GC Thread#0"                     [id=21168, stack(0x0000002f26600000,0x0000002f26700000) (1024K)]
  0x000001adfd409660 WorkerThread "GC Thread#1"                     [id=18404, stack(0x0000002f27300000,0x0000002f27400000) (1024K)]
  0x000001adfd5bf050 WorkerThread "GC Thread#2"                     [id=17560, stack(0x0000002f27400000,0x0000002f27500000) (1024K)]
  0x000001adfd5bf3f0 WorkerThread "GC Thread#3"                     [id=12592, stack(0x0000002f27500000,0x0000002f27600000) (1024K)]
  0x000001adfd5bf790 WorkerThread "GC Thread#4"                     [id=26772, stack(0x0000002f27600000,0x0000002f27700000) (1024K)]
  0x000001adfd55aff0 WorkerThread "GC Thread#5"                     [id=17436, stack(0x0000002f27700000,0x0000002f27800000) (1024K)]
  0x000001adfd55b390 WorkerThread "GC Thread#6"                     [id=15420, stack(0x0000002f27800000,0x0000002f27900000) (1024K)]
  0x000001adfd7e7690 WorkerThread "GC Thread#7"                     [id=4648, stack(0x0000002f27a00000,0x0000002f27b00000) (1024K)]
Total: 10

Threads with active compile tasks:
C2 CompilerThread0  23049 7300 %     4       org.eclipse.jdt.internal.core.search.indexing.BinaryIndexer::extractReferenceFromConstantPool @ 15 (358 bytes)
Total: 1

VM state: not at safepoint (normal execution)

VM Mutex/Monitor currently owned by a thread: None

Heap address: 0x00000000c0000000, size: 1024 MB, Compressed Oops mode: 32-bit

CDS archive(s) mapped at: [0x000001adb7000000-0x000001adb7ba0000-0x000001adb7ba0000), size 12189696, SharedBaseAddress: 0x000001adb7000000, ArchiveRelocationMode: 1.
Compressed class space mapped at: 0x000001adb8000000-0x000001adf8000000, reserved size: 1073741824
Narrow klass base: 0x000001adb7000000, Narrow klass shift: 0, Narrow klass range: 0x100000000

GC Precious Log:
 CardTable entry size: 512
 CPUs: 8 total, 8 available
 Memory: 7971M
 Large Page Support: Disabled
 NUMA Support: Disabled
 Compressed Oops: Enabled (32-bit)
 Alignments: Space 512K, Generation 512K, Heap 2M
 Heap Min Capacity: 100M
 Heap Initial Capacity: 100M
 Heap Max Capacity: 1G
 Pre-touch: Disabled
 Parallel Workers: 8

Heap:
 PSYoungGen      total 22016K, used 11029K [0x00000000eab00000, 0x00000000ec680000, 0x0000000100000000)
  eden space 18944K, 42% used [0x00000000eab00000,0x00000000eb2ea4c8,0x00000000ebd80000)
  from space 3072K, 95% used [0x00000000ebd80000,0x00000000ec05b060,0x00000000ec080000)
  to   space 4608K, 0% used [0x00000000ec200000,0x00000000ec200000,0x00000000ec680000)
 ParOldGen       total 68608K, used 51703K [0x00000000c0000000, 0x00000000c4300000, 0x00000000eab00000)
  object space 68608K, 75% used [0x00000000c0000000,0x00000000c327df38,0x00000000c4300000)
 Metaspace       used 50895K, committed 52224K, reserved 1114112K
  class space    used 5347K, committed 5952K, reserved 1048576K

Card table byte_map: [0x000001ada1a90000,0x000001ada1ca0000] _byte_map_base: 0x000001ada1490000

Marking Bits: (ParMarkBitMap*) 0x00007ffdb01e31f0
 Begin Bits: [0x000001adb42b0000, 0x000001adb52b0000)
 End Bits:   [0x000001adb52b0000, 0x000001adb62b0000)

Polling page: 0x000001ada1880000

Metaspace:

Usage:
  Non-class:     44.48 MB used.
      Class:      5.22 MB used.
       Both:     49.70 MB used.

Virtual space:
  Non-class space:       64.00 MB reserved,      45.19 MB ( 71%) committed,  1 nodes.
      Class space:        1.00 GB reserved,       5.81 MB ( <1%) committed,  1 nodes.
             Both:        1.06 GB reserved,      51.00 MB (  5%) committed. 

Chunk freelists:
   Non-Class:  2.28 MB
       Class:  10.19 MB
        Both:  12.46 MB

MaxMetaspaceSize: unlimited
CompressedClassSpaceSize: 1.00 GB
Initial GC threshold: 21.00 MB
Current GC threshold: 58.38 MB
CDS: on
 - commit_granule_bytes: 65536.
 - commit_granule_words: 8192.
 - virtual_space_node_default_size: 8388608.
 - enlarge_chunks_in_place: 1.
 - use_allocation_guard: 0.


Internal statistics:

num_allocs_failed_limit: 8.
num_arena_births: 1020.
num_arena_deaths: 14.
num_vsnodes_births: 2.
num_vsnodes_deaths: 0.
num_space_committed: 817.
num_space_uncommitted: 0.
num_chunks_returned_to_freelist: 22.
num_chunks_taken_from_freelist: 3372.
num_chunk_merges: 14.
num_chunk_splits: 2082.
num_chunks_enlarged: 1122.
num_inconsistent_stats: 0.

CodeHeap 'non-profiled nmethods': size=120000Kb used=2859Kb max_used=2859Kb free=117141Kb
 bounds [0x000001adacd80000, 0x000001adad050000, 0x000001adb42b0000]
CodeHeap 'profiled nmethods': size=120000Kb used=14518Kb max_used=14518Kb free=105481Kb
 bounds [0x000001ada52b0000, 0x000001ada60e0000, 0x000001adac7e0000]
CodeHeap 'non-nmethods': size=5760Kb used=1402Kb max_used=1423Kb free=4357Kb
 bounds [0x000001adac7e0000, 0x000001adaca50000, 0x000001adacd80000]
 total_blobs=7724 nmethods=7029 adapters=601
 compilation: enabled
              stopped_count=0, restarted_count=0
 full_count=0

Compilation events (20 events):
Event: 22.618 Thread 0x000001adfd040340 7610       2       org.eclipse.jdt.core.Signature::checkArrayDimension (92 bytes)
Event: 22.619 Thread 0x000001adfd040340 nmethod 7610 0x000001ada60ca410 code [0x000001ada60ca5c0, 0x000001ada60ca830]
Event: 22.619 Thread 0x000001adfd040340 7611       2       org.eclipse.jdt.core.Signature::encodeQualifiedName (207 bytes)
Event: 22.620 Thread 0x000001adfd040340 nmethod 7611 0x000001ada60ca990 code [0x000001ada60cabc0, 0x000001ada60cb2c8]
Event: 22.623 Thread 0x000001adfd040340 7612       2       ch.qos.logback.classic.Logger::getChildByName (68 bytes)
Event: 22.623 Thread 0x000001adfd040340 nmethod 7612 0x000001ada60cb790 code [0x000001ada60cb980, 0x000001ada60cbc68]
Event: 22.661 Thread 0x000001adfd040340 7613       2       com.google.inject.internal.BindingImpl::getProvider (44 bytes)
Event: 22.661 Thread 0x000001adfd040340 nmethod 7613 0x000001ada60cbe10 code [0x000001ada60cbfe0, 0x000001ada60cc218]
Event: 22.668 Thread 0x000001adfd040340 7614       2       java.lang.Character::codePointBefore (48 bytes)
Event: 22.669 Thread 0x000001adfd040340 nmethod 7614 0x000001ada60cc310 code [0x000001ada60cc4c0, 0x000001ada60cc6d8]
Event: 22.669 Thread 0x000001adfd040340 7615       2       java.lang.Character::isLowSurrogate (18 bytes)
Event: 22.669 Thread 0x000001adfd040340 nmethod 7615 0x000001ada60cc810 code [0x000001ada60cc9a0, 0x000001ada60ccab0]
Event: 22.671 Thread 0x000001adfd040340 7616       2       com.google.inject.internal.Scoping$4::acceptVisitor (10 bytes)
Event: 22.672 Thread 0x000001adfd040340 nmethod 7616 0x000001ada60ccb10 code [0x000001ada60cccc0, 0x000001ada60cce08]
Event: 22.674 Thread 0x000001adfd040340 7617       2       java.util.regex.Pattern$$Lambda/0x000001adb8066ef8::is (5 bytes)
Event: 22.674 Thread 0x000001adfd040340 nmethod 7617 0x000001ada60cce90 code [0x000001ada60cd020, 0x000001ada60cd170]
Event: 22.674 Thread 0x000001adfd040340 7618       2       java.util.regex.Pattern::lambda$DOT$11 (34 bytes)
Event: 22.674 Thread 0x000001adfd040340 nmethod 7618 0x000001ada60cd210 code [0x000001ada60cd3a0, 0x000001ada60cd4c8]
Event: 22.675 Thread 0x000001adfd040340 7619       1       com.google.inject.Key$AnnotationTypeStrategy::hasAttributes (2 bytes)
Event: 22.675 Thread 0x000001adfd040340 nmethod 7619 0x000001adad04a910 code [0x000001adad04aaa0, 0x000001adad04ab68]

GC Heap History (20 events):
Event: 20.042 GC heap before
{Heap before GC invocations=21 (full 2):
 PSYoungGen      total 22016K, used 21984K [0x00000000eab00000, 0x00000000ec980000, 0x0000000100000000)
  eden space 20992K, 100% used [0x00000000eab00000,0x00000000ebf80000,0x00000000ebf80000)
  from space 1024K, 96% used [0x00000000ec400000,0x00000000ec4f8060,0x00000000ec500000)
  to   space 4608K, 0% used [0x00000000ebf80000,0x00000000ebf80000,0x00000000ec400000)
 ParOldGen       total 68608K, used 24267K [0x00000000c0000000, 0x00000000c4300000, 0x00000000eab00000)
  object space 68608K, 35% used [0x00000000c0000000,0x00000000c17b2f88,0x00000000c4300000)
 Metaspace       used 43996K, committed 45376K, reserved 1114112K
  class space    used 4583K, committed 5248K, reserved 1048576K
}
Event: 20.047 GC heap after
{Heap after GC invocations=21 (full 2):
 PSYoungGen      total 23552K, used 2433K [0x00000000eab00000, 0x00000000ec580000, 0x0000000100000000)
  eden space 20992K, 0% used [0x00000000eab00000,0x00000000eab00000,0x00000000ebf80000)
  from space 2560K, 95% used [0x00000000ebf80000,0x00000000ec1e07d8,0x00000000ec200000)
  to   space 3072K, 0% used [0x00000000ec280000,0x00000000ec280000,0x00000000ec580000)
 ParOldGen       total 68608K, used 25211K [0x00000000c0000000, 0x00000000c4300000, 0x00000000eab00000)
  object space 68608K, 36% used [0x00000000c0000000,0x00000000c189efd8,0x00000000c4300000)
 Metaspace       used 43996K, committed 45376K, reserved 1114112K
  class space    used 4583K, committed 5248K, reserved 1048576K
}
Event: 20.228 GC heap before
{Heap before GC invocations=22 (full 2):
 PSYoungGen      total 23552K, used 23425K [0x00000000eab00000, 0x00000000ec580000, 0x0000000100000000)
  eden space 20992K, 100% used [0x00000000eab00000,0x00000000ebf80000,0x00000000ebf80000)
  from space 2560K, 95% used [0x00000000ebf80000,0x00000000ec1e07d8,0x00000000ec200000)
  to   space 3072K, 0% used [0x00000000ec280000,0x00000000ec280000,0x00000000ec580000)
 ParOldGen       total 68608K, used 25211K [0x00000000c0000000, 0x00000000c4300000, 0x00000000eab00000)
  object space 68608K, 36% used [0x00000000c0000000,0x00000000c189efd8,0x00000000c4300000)
 Metaspace       used 44401K, committed 45760K, reserved 1114112K
  class space    used 4630K, committed 5248K, reserved 1048576K
}
Event: 20.234 GC heap after
{Heap after GC invocations=22 (full 2):
 PSYoungGen      total 24064K, used 2523K [0x00000000eab00000, 0x00000000ec580000, 0x0000000100000000)
  eden space 20992K, 0% used [0x00000000eab00000,0x00000000eab00000,0x00000000ebf80000)
  from space 3072K, 82% used [0x00000000ec280000,0x00000000ec4f6c18,0x00000000ec580000)
  to   space 3072K, 0% used [0x00000000ebf80000,0x00000000ebf80000,0x00000000ec280000)
 ParOldGen       total 68608K, used 27443K [0x00000000c0000000, 0x00000000c4300000, 0x00000000eab00000)
  object space 68608K, 40% used [0x00000000c0000000,0x00000000c1accda0,0x00000000c4300000)
 Metaspace       used 44401K, committed 45760K, reserved 1114112K
  class space    used 4630K, committed 5248K, reserved 1048576K
}
Event: 20.392 GC heap before
{Heap before GC invocations=23 (full 2):
 PSYoungGen      total 24064K, used 23515K [0x00000000eab00000, 0x00000000ec580000, 0x0000000100000000)
  eden space 20992K, 100% used [0x00000000eab00000,0x00000000ebf80000,0x00000000ebf80000)
  from space 3072K, 82% used [0x00000000ec280000,0x00000000ec4f6c18,0x00000000ec580000)
  to   space 3072K, 0% used [0x00000000ebf80000,0x00000000ebf80000,0x00000000ec280000)
 ParOldGen       total 68608K, used 27446K [0x00000000c0000000, 0x00000000c4300000, 0x00000000eab00000)
  object space 68608K, 40% used [0x00000000c0000000,0x00000000c1acd840,0x00000000c4300000)
 Metaspace       used 44586K, committed 45952K, reserved 1114112K
  class space    used 4652K, committed 5312K, reserved 1048576K
}
Event: 20.398 GC heap after
{Heap after GC invocations=23 (full 2):
 PSYoungGen      total 24064K, used 2594K [0x00000000eab00000, 0x00000000ec580000, 0x0000000100000000)
  eden space 20992K, 0% used [0x00000000eab00000,0x00000000eab00000,0x00000000ebf80000)
  from space 3072K, 84% used [0x00000000ebf80000,0x00000000ec208800,0x00000000ec280000)
  to   space 3072K, 0% used [0x00000000ec280000,0x00000000ec280000,0x00000000ec580000)
 ParOldGen       total 68608K, used 29803K [0x00000000c0000000, 0x00000000c4300000, 0x00000000eab00000)
  object space 68608K, 43% used [0x00000000c0000000,0x00000000c1d1aff0,0x00000000c4300000)
 Metaspace       used 44586K, committed 45952K, reserved 1114112K
  class space    used 4652K, committed 5312K, reserved 1048576K
}
Event: 20.848 GC heap before
{Heap before GC invocations=24 (full 2):
 PSYoungGen      total 24064K, used 23586K [0x00000000eab00000, 0x00000000ec580000, 0x0000000100000000)
  eden space 20992K, 100% used [0x00000000eab00000,0x00000000ebf80000,0x00000000ebf80000)
  from space 3072K, 84% used [0x00000000ebf80000,0x00000000ec208800,0x00000000ec280000)
  to   space 3072K, 0% used [0x00000000ec280000,0x00000000ec280000,0x00000000ec580000)
 ParOldGen       total 68608K, used 29803K [0x00000000c0000000, 0x00000000c4300000, 0x00000000eab00000)
  object space 68608K, 43% used [0x00000000c0000000,0x00000000c1d1aff0,0x00000000c4300000)
 Metaspace       used 45145K, committed 46400K, reserved 1114112K
  class space    used 4703K, committed 5312K, reserved 1048576K
}
Event: 20.859 GC heap after
{Heap after GC invocations=24 (full 2):
 PSYoungGen      total 24064K, used 2603K [0x00000000eab00000, 0x00000000ec580000, 0x0000000100000000)
  eden space 20992K, 0% used [0x00000000eab00000,0x00000000eab00000,0x00000000ebf80000)
  from space 3072K, 84% used [0x00000000ec280000,0x00000000ec50aeb8,0x00000000ec580000)
  to   space 3072K, 0% used [0x00000000ebf80000,0x00000000ebf80000,0x00000000ec280000)
 ParOldGen       total 68608K, used 32079K [0x00000000c0000000, 0x00000000c4300000, 0x00000000eab00000)
  object space 68608K, 46% used [0x00000000c0000000,0x00000000c1f53cf0,0x00000000c4300000)
 Metaspace       used 45145K, committed 46400K, reserved 1114112K
  class space    used 4703K, committed 5312K, reserved 1048576K
}
Event: 21.042 GC heap before
{Heap before GC invocations=25 (full 2):
 PSYoungGen      total 24064K, used 23595K [0x00000000eab00000, 0x00000000ec580000, 0x0000000100000000)
  eden space 20992K, 100% used [0x00000000eab00000,0x00000000ebf80000,0x00000000ebf80000)
  from space 3072K, 84% used [0x00000000ec280000,0x00000000ec50aeb8,0x00000000ec580000)
  to   space 3072K, 0% used [0x00000000ebf80000,0x00000000ebf80000,0x00000000ec280000)
 ParOldGen       total 68608K, used 32079K [0x00000000c0000000, 0x00000000c4300000, 0x00000000eab00000)
  object space 68608K, 46% used [0x00000000c0000000,0x00000000c1f53cf0,0x00000000c4300000)
 Metaspace       used 45301K, committed 46656K, reserved 1114112K
  class space    used 4723K, committed 5376K, reserved 1048576K
}
Event: 21.051 GC heap after
{Heap after GC invocations=25 (full 2):
 PSYoungGen      total 24064K, used 2562K [0x00000000eab00000, 0x00000000ec580000, 0x0000000100000000)
  eden space 20992K, 0% used [0x00000000eab00000,0x00000000eab00000,0x00000000ebf80000)
  from space 3072K, 83% used [0x00000000ebf80000,0x00000000ec200a48,0x00000000ec280000)
  to   space 3072K, 0% used [0x00000000ec280000,0x00000000ec280000,0x00000000ec580000)
 ParOldGen       total 68608K, used 34564K [0x00000000c0000000, 0x00000000c4300000, 0x00000000eab00000)
  object space 68608K, 50% used [0x00000000c0000000,0x00000000c21c1170,0x00000000c4300000)
 Metaspace       used 45301K, committed 46656K, reserved 1114112K
  class space    used 4723K, committed 5376K, reserved 1048576K
}
Event: 21.194 GC heap before
{Heap before GC invocations=26 (full 2):
 PSYoungGen      total 24064K, used 23554K [0x00000000eab00000, 0x00000000ec580000, 0x0000000100000000)
  eden space 20992K, 100% used [0x00000000eab00000,0x00000000ebf80000,0x00000000ebf80000)
  from space 3072K, 83% used [0x00000000ebf80000,0x00000000ec200a48,0x00000000ec280000)
  to   space 3072K, 0% used [0x00000000ec280000,0x00000000ec280000,0x00000000ec580000)
 ParOldGen       total 68608K, used 34564K [0x00000000c0000000, 0x00000000c4300000, 0x00000000eab00000)
  object space 68608K, 50% used [0x00000000c0000000,0x00000000c21c1170,0x00000000c4300000)
 Metaspace       used 45588K, committed 46912K, reserved 1114112K
  class space    used 4760K, committed 5376K, reserved 1048576K
}
Event: 21.203 GC heap after
{Heap after GC invocations=26 (full 2):
 PSYoungGen      total 23552K, used 2385K [0x00000000eab00000, 0x00000000ec500000, 0x0000000100000000)
  eden space 20992K, 0% used [0x00000000eab00000,0x00000000eab00000,0x00000000ebf80000)
  from space 2560K, 93% used [0x00000000ec280000,0x00000000ec4d4678,0x00000000ec500000)
  to   space 2560K, 0% used [0x00000000ec000000,0x00000000ec000000,0x00000000ec280000)
 ParOldGen       total 68608K, used 36964K [0x00000000c0000000, 0x00000000c4300000, 0x00000000eab00000)
  object space 68608K, 53% used [0x00000000c0000000,0x00000000c2419370,0x00000000c4300000)
 Metaspace       used 45588K, committed 46912K, reserved 1114112K
  class space    used 4760K, committed 5376K, reserved 1048576K
}
Event: 21.410 GC heap before
{Heap before GC invocations=27 (full 2):
 PSYoungGen      total 23552K, used 23377K [0x00000000eab00000, 0x00000000ec500000, 0x0000000100000000)
  eden space 20992K, 100% used [0x00000000eab00000,0x00000000ebf80000,0x00000000ebf80000)
  from space 2560K, 93% used [0x00000000ec280000,0x00000000ec4d4678,0x00000000ec500000)
  to   space 2560K, 0% used [0x00000000ec000000,0x00000000ec000000,0x00000000ec280000)
 ParOldGen       total 68608K, used 36964K [0x00000000c0000000, 0x00000000c4300000, 0x00000000eab00000)
  object space 68608K, 53% used [0x00000000c0000000,0x00000000c2419370,0x00000000c4300000)
 Metaspace       used 46122K, committed 47488K, reserved 1114112K
  class space    used 4832K, committed 5504K, reserved 1048576K
}
Event: 21.417 GC heap after
{Heap after GC invocations=27 (full 2):
 PSYoungGen      total 23552K, used 2558K [0x00000000eab00000, 0x00000000ecc80000, 0x0000000100000000)
  eden space 20992K, 0% used [0x00000000eab00000,0x00000000eab00000,0x00000000ebf80000)
  from space 2560K, 99% used [0x00000000ec000000,0x00000000ec27fae8,0x00000000ec280000)
  to   space 6656K, 0% used [0x00000000ec600000,0x00000000ec600000,0x00000000ecc80000)
 ParOldGen       total 68608K, used 40054K [0x00000000c0000000, 0x00000000c4300000, 0x00000000eab00000)
  object space 68608K, 58% used [0x00000000c0000000,0x00000000c271da60,0x00000000c4300000)
 Metaspace       used 46122K, committed 47488K, reserved 1114112K
  class space    used 4832K, committed 5504K, reserved 1048576K
}
Event: 21.703 GC heap before
{Heap before GC invocations=28 (full 2):
 PSYoungGen      total 23552K, used 23550K [0x00000000eab00000, 0x00000000ecc80000, 0x0000000100000000)
  eden space 20992K, 100% used [0x00000000eab00000,0x00000000ebf80000,0x00000000ebf80000)
  from space 2560K, 99% used [0x00000000ec000000,0x00000000ec27fae8,0x00000000ec280000)
  to   space 6656K, 0% used [0x00000000ec600000,0x00000000ec600000,0x00000000ecc80000)
 ParOldGen       total 68608K, used 40054K [0x00000000c0000000, 0x00000000c4300000, 0x00000000eab00000)
  object space 68608K, 58% used [0x00000000c0000000,0x00000000c271da60,0x00000000c4300000)
 Metaspace       used 47235K, committed 48512K, reserved 1114112K
  class space    used 4957K, committed 5568K, reserved 1048576K
}
Event: 21.712 GC heap after
{Heap after GC invocations=28 (full 2):
 PSYoungGen      total 24576K, used 3313K [0x00000000eab00000, 0x00000000ec980000, 0x0000000100000000)
  eden space 20992K, 0% used [0x00000000eab00000,0x00000000eab00000,0x00000000ebf80000)
  from space 3584K, 92% used [0x00000000ec600000,0x00000000ec93c7b0,0x00000000ec980000)
  to   space 4608K, 0% used [0x00000000ec080000,0x00000000ec080000,0x00000000ec500000)
 ParOldGen       total 68608K, used 42521K [0x00000000c0000000, 0x00000000c4300000, 0x00000000eab00000)
  object space 68608K, 61% used [0x00000000c0000000,0x00000000c2986568,0x00000000c4300000)
 Metaspace       used 47235K, committed 48512K, reserved 1114112K
  class space    used 4957K, committed 5568K, reserved 1048576K
}
Event: 21.991 GC heap before
{Heap before GC invocations=29 (full 2):
 PSYoungGen      total 24576K, used 24305K [0x00000000eab00000, 0x00000000ec980000, 0x0000000100000000)
  eden space 20992K, 100% used [0x00000000eab00000,0x00000000ebf80000,0x00000000ebf80000)
  from space 3584K, 92% used [0x00000000ec600000,0x00000000ec93c7b0,0x00000000ec980000)
  to   space 4608K, 0% used [0x00000000ec080000,0x00000000ec080000,0x00000000ec500000)
 ParOldGen       total 68608K, used 42521K [0x00000000c0000000, 0x00000000c4300000, 0x00000000eab00000)
  object space 68608K, 61% used [0x00000000c0000000,0x00000000c2986568,0x00000000c4300000)
 Metaspace       used 48123K, committed 49472K, reserved 1114112K
  class space    used 5054K, committed 5696K, reserved 1048576K
}
Event: 21.998 GC heap after
{Heap after GC invocations=29 (full 2):
 PSYoungGen      total 25088K, used 3850K [0x00000000eab00000, 0x00000000ec780000, 0x0000000100000000)
  eden space 20992K, 0% used [0x00000000eab00000,0x00000000eab00000,0x00000000ebf80000)
  from space 4096K, 94% used [0x00000000ec080000,0x00000000ec442bd0,0x00000000ec480000)
  to   space 3072K, 0% used [0x00000000ec480000,0x00000000ec480000,0x00000000ec780000)
 ParOldGen       total 68608K, used 45475K [0x00000000c0000000, 0x00000000c4300000, 0x00000000eab00000)
  object space 68608K, 66% used [0x00000000c0000000,0x00000000c2c68e10,0x00000000c4300000)
 Metaspace       used 48123K, committed 49472K, reserved 1114112K
  class space    used 5054K, committed 5696K, reserved 1048576K
}
Event: 22.548 GC heap before
{Heap before GC invocations=30 (full 2):
 PSYoungGen      total 25088K, used 24842K [0x00000000eab00000, 0x00000000ec780000, 0x0000000100000000)
  eden space 20992K, 100% used [0x00000000eab00000,0x00000000ebf80000,0x00000000ebf80000)
  from space 4096K, 94% used [0x00000000ec080000,0x00000000ec442bd0,0x00000000ec480000)
  to   space 3072K, 0% used [0x00000000ec480000,0x00000000ec480000,0x00000000ec780000)
 ParOldGen       total 68608K, used 45475K [0x00000000c0000000, 0x00000000c4300000, 0x00000000eab00000)
  object space 68608K, 66% used [0x00000000c0000000,0x00000000c2c68e10,0x00000000c4300000)
 Metaspace       used 49403K, committed 50688K, reserved 1114112K
  class space    used 5200K, committed 5824K, reserved 1048576K
}
Event: 22.554 GC heap after
{Heap after GC invocations=30 (full 2):
 PSYoungGen      total 22016K, used 3045K [0x00000000eab00000, 0x00000000ecd80000, 0x0000000100000000)
  eden space 18944K, 0% used [0x00000000eab00000,0x00000000eab00000,0x00000000ebd80000)
  from space 3072K, 99% used [0x00000000ec480000,0x00000000ec779760,0x00000000ec780000)
  to   space 7168K, 0% used [0x00000000ebd80000,0x00000000ebd80000,0x00000000ec480000)
 ParOldGen       total 68608K, used 48909K [0x00000000c0000000, 0x00000000c4300000, 0x00000000eab00000)
  object space 68608K, 71% used [0x00000000c0000000,0x00000000c2fc34e0,0x00000000c4300000)
 Metaspace       used 49403K, committed 50688K, reserved 1114112K
  class space    used 5200K, committed 5824K, reserved 1048576K
}

Dll operation events (10 events):
Event: 0.036 Loaded shared library c:\Users\senud\.vscode\extensions\redhat.java-1.42.0-win32-x64\jre\21.0.7-win32-x86_64\bin\java.dll
Event: 0.452 Loaded shared library c:\Users\senud\.vscode\extensions\redhat.java-1.42.0-win32-x64\jre\21.0.7-win32-x86_64\bin\zip.dll
Event: 0.512 Loaded shared library C:\Users\senud\.vscode\extensions\redhat.java-1.42.0-win32-x64\jre\21.0.7-win32-x86_64\bin\instrument.dll
Event: 0.521 Loaded shared library C:\Users\senud\.vscode\extensions\redhat.java-1.42.0-win32-x64\jre\21.0.7-win32-x86_64\bin\net.dll
Event: 0.595 Loaded shared library C:\Users\senud\.vscode\extensions\redhat.java-1.42.0-win32-x64\jre\21.0.7-win32-x86_64\bin\nio.dll
Event: 0.608 Loaded shared library C:\Users\senud\.vscode\extensions\redhat.java-1.42.0-win32-x64\jre\21.0.7-win32-x86_64\bin\zip.dll
Event: 0.651 Loaded shared library C:\Users\senud\.vscode\extensions\redhat.java-1.42.0-win32-x64\jre\21.0.7-win32-x86_64\bin\jimage.dll
Event: 0.871 Loaded shared library c:\Users\senud\.vscode\extensions\redhat.java-1.42.0-win32-x64\jre\21.0.7-win32-x86_64\bin\verify.dll
Event: 4.412 Loaded shared library C:\Users\senud\AppData\Roaming\Code\User\globalStorage\redhat.java\1.42.0\config_win\org.eclipse.equinox.launcher\org.eclipse.equinox.launcher.win32.win32.x86_64_1.2.1300.v20250331-1702\eclipse_11911.dll
Event: 9.991 Loaded shared library C:\Users\senud\AppData\Local\Temp\jna-109323243\jna16070781343615474363.dll

Deoptimization events (20 events):
Event: 22.523 Thread 0x000001ad80066fa0 Uncommon trap: trap_request=0xffffff45 fr.pc=0x000001adace2a334 relative=0x0000000000000e74
Event: 22.523 Thread 0x000001ad80066fa0 Uncommon trap: reason=unstable_if action=reinterpret pc=0x000001adace2a334 method=java.util.Properties$LineReader.readLine()I @ 325 c2
Event: 22.523 Thread 0x000001ad80066fa0 DEOPT PACKING pc=0x000001adace2a334 sp=0x0000002f280fdcd0
Event: 22.523 Thread 0x000001ad80066fa0 DEOPT UNPACKING pc=0x000001adac836da2 sp=0x0000002f280fdc60 mode 2
Event: 22.527 Thread 0x000001adfe4c5700 DEOPT PACKING pc=0x000001ada5e15530 sp=0x0000002f286fe8a0
Event: 22.527 Thread 0x000001adfe4c5700 DEOPT UNPACKING pc=0x000001adac8378e2 sp=0x0000002f286fdce8 mode 0
Event: 22.534 Thread 0x000001ad80066fa0 DEOPT PACKING pc=0x000001ada60c49a6 sp=0x0000002f280fdc70
Event: 22.534 Thread 0x000001ad80066fa0 DEOPT UNPACKING pc=0x000001adac8378e2 sp=0x0000002f280fd160 mode 0
Event: 22.535 Thread 0x000001ad80066fa0 DEOPT PACKING pc=0x000001ada60c49a6 sp=0x0000002f280fdc70
Event: 22.535 Thread 0x000001ad80066fa0 DEOPT UNPACKING pc=0x000001adac8378e2 sp=0x0000002f280fd160 mode 0
Event: 22.536 Thread 0x000001ad80066fa0 DEOPT PACKING pc=0x000001ada60c49a6 sp=0x0000002f280fdc70
Event: 22.536 Thread 0x000001ad80066fa0 DEOPT UNPACKING pc=0x000001adac8378e2 sp=0x0000002f280fd160 mode 0
Event: 22.536 Thread 0x000001ad80066fa0 DEOPT PACKING pc=0x000001ada60c49a6 sp=0x0000002f280fdc70
Event: 22.536 Thread 0x000001ad80066fa0 DEOPT UNPACKING pc=0x000001adac8378e2 sp=0x0000002f280fd160 mode 0
Event: 22.537 Thread 0x000001ad80066fa0 DEOPT PACKING pc=0x000001ada60c49a6 sp=0x0000002f280fdc70
Event: 22.537 Thread 0x000001ad80066fa0 DEOPT UNPACKING pc=0x000001adac8378e2 sp=0x0000002f280fd160 mode 0
Event: 22.537 Thread 0x000001ad80066fa0 DEOPT PACKING pc=0x000001ada60c49a6 sp=0x0000002f280fdc70
Event: 22.537 Thread 0x000001ad80066fa0 DEOPT UNPACKING pc=0x000001adac8378e2 sp=0x0000002f280fd160 mode 0
Event: 22.639 Thread 0x000001adfe4c6ab0 DEOPT PACKING pc=0x000001ada5eb3255 sp=0x0000002f283fa6d0
Event: 22.639 Thread 0x000001adfe4c6ab0 DEOPT UNPACKING pc=0x000001adac8378e2 sp=0x0000002f283f9bd8 mode 0

Classes loaded (20 events):
Event: 19.612 Loading class java/nio/channels/NonWritableChannelException
Event: 19.612 Loading class java/nio/channels/NonWritableChannelException done
Event: 19.774 Loading class java/nio/channels/ServerSocketChannel
Event: 19.775 Loading class java/nio/channels/ServerSocketChannel done
Event: 20.313 Loading class java/lang/ExceptionInInitializerError
Event: 20.314 Loading class java/lang/ExceptionInInitializerError done
Event: 21.344 Loading class java/util/WeakHashMap$KeyIterator
Event: 21.344 Loading class java/util/WeakHashMap$KeyIterator done
Event: 21.666 Loading class java/lang/invoke/MethodHandleImpl$CountingWrapper
Event: 21.667 Loading class java/lang/invoke/MethodHandleImpl$CountingWrapper done
Event: 21.922 Loading class java/lang/ProcessEnvironment$CheckedKeySet
Event: 21.923 Loading class java/lang/ProcessEnvironment$CheckedKeySet done
Event: 21.931 Loading class jdk/internal/math/FormattedFPDecimal
Event: 21.931 Loading class jdk/internal/math/FormattedFPDecimal done
Event: 22.568 Loading class java/util/regex/Pattern$Pos
Event: 22.573 Loading class java/util/regex/Pattern$Pos done
Event: 22.636 Loading class sun/security/provider/MD5
Event: 22.637 Loading class sun/security/provider/MD5 done
Event: 22.637 Loading class sun/security/provider/ByteArrayAccess$LE
Event: 22.637 Loading class sun/security/provider/ByteArrayAccess$LE done

Classes unloaded (7 events):
Event: 11.932 Thread 0x000001ada2167c40 Unloading class 0x000001adb819bc00 'java/lang/invoke/LambdaForm$MH+0x000001adb819bc00'
Event: 11.932 Thread 0x000001ada2167c40 Unloading class 0x000001adb819b800 'java/lang/invoke/LambdaForm$MH+0x000001adb819b800'
Event: 11.932 Thread 0x000001ada2167c40 Unloading class 0x000001adb819b400 'java/lang/invoke/LambdaForm$MH+0x000001adb819b400'
Event: 11.932 Thread 0x000001ada2167c40 Unloading class 0x000001adb819b000 'java/lang/invoke/LambdaForm$MH+0x000001adb819b000'
Event: 11.932 Thread 0x000001ada2167c40 Unloading class 0x000001adb819ac00 'java/lang/invoke/LambdaForm$BMH+0x000001adb819ac00'
Event: 11.932 Thread 0x000001ada2167c40 Unloading class 0x000001adb819a800 'java/lang/invoke/LambdaForm$DMH+0x000001adb819a800'
Event: 11.932 Thread 0x000001ada2167c40 Unloading class 0x000001adb8199400 'java/lang/invoke/LambdaForm$DMH+0x000001adb8199400'

Classes redefined (0 events):
No events

Internal exceptions (20 events):
Event: 21.389 Thread 0x000001adfe4c7140 Exception <a 'sun/nio/fs/WindowsException'{0x00000000ebd799a0}> (0x00000000ebd799a0) 
thrown [s\src\hotspot\share\prims\jni.cpp, line 520]
Event: 21.389 Thread 0x000001adfe4c7140 Exception <a 'sun/nio/fs/WindowsException'{0x00000000ebd7a340}> (0x00000000ebd7a340) 
thrown [s\src\hotspot\share\prims\jni.cpp, line 520]
Event: 21.427 Thread 0x000001adfe4c5700 Implicit null exception at 0x000001adacfef8da to 0x000001adacfef9d8
Event: 21.529 Thread 0x000001ad80066fa0 Exception <a 'sun/nio/fs/WindowsException'{0x00000000eb313108}> (0x00000000eb313108) 
thrown [s\src\hotspot\share\prims\jni.cpp, line 520]
Event: 21.529 Thread 0x000001ad80066fa0 Exception <a 'sun/nio/fs/WindowsException'{0x00000000eb313818}> (0x00000000eb313818) 
thrown [s\src\hotspot\share\prims\jni.cpp, line 520]
Event: 21.568 Thread 0x000001ad80066fa0 Exception <a 'sun/nio/fs/WindowsException'{0x00000000eb540f88}> (0x00000000eb540f88) 
thrown [s\src\hotspot\share\prims\jni.cpp, line 520]
Event: 21.568 Thread 0x000001ad80066fa0 Exception <a 'sun/nio/fs/WindowsException'{0x00000000eb541928}> (0x00000000eb541928) 
thrown [s\src\hotspot\share\prims\jni.cpp, line 520]
Event: 21.588 Thread 0x000001ad80066fa0 Exception <a 'java/lang/NoSuchMethodError'{0x00000000eb6ab7a0}: 'int java.lang.invoke.DirectMethodHandle$Holder.invokeStatic(java.lang.Object)'> (0x00000000eb6ab7a0) 
thrown [s\src\hotspot\share\interpreter\linkResolver.cpp, line 773]
Event: 21.608 Thread 0x000001ad80063490 Exception <a 'java/io/FileNotFoundException'{0x00000000eb7e6120}> (0x00000000eb7e6120) 
thrown [s\src\hotspot\share\prims\jni.cpp, line 520]
Event: 21.666 Thread 0x000001ad80063490 Exception <a 'java/lang/NoSuchMethodError'{0x00000000ebdc31d0}: 'java.lang.Object java.lang.invoke.DirectMethodHandle$Holder.invokeStatic(java.lang.Object, int, java.lang.Object, java.lang.Object)'> (0x00000000ebdc31d0) 
thrown [s\src\hotspot\share\interpreter\linkResolver.cpp, line 773]
Event: 21.666 Thread 0x000001ad80063490 Exception <a 'java/lang/NoSuchMethodError'{0x00000000ebdc77d8}: 'java.lang.Object java.lang.invoke.DelegatingMethodHandle$Holder.delegate(java.lang.Object, int, java.lang.Object, java.lang.Object)'> (0x00000000ebdc77d8) 
thrown [s\src\hotspot\share\interpreter\linkResolver.cpp, line 773]
Event: 21.670 Thread 0x000001ad80063490 Exception <a 'java/lang/NoSuchMethodError'{0x00000000ebe4b740}: 'int java.lang.invoke.Invokers$Holder.linkToTargetMethod(java.lang.Object, java.lang.Object, java.lang.Object)'> (0x00000000ebe4b740) 
thrown [s\src\hotspot\share\interpreter\linkResolver.cpp, line 773]
Event: 21.673 Thread 0x000001ad80066fa0 Exception <a 'java/io/FileNotFoundException'{0x00000000ebe669e0}> (0x00000000ebe669e0) 
thrown [s\src\hotspot\share\prims\jni.cpp, line 520]
Event: 21.674 Thread 0x000001ad80066fa0 Exception <a 'java/io/FileNotFoundException'{0x00000000ebe84f48}> (0x00000000ebe84f48) 
thrown [s\src\hotspot\share\prims\jni.cpp, line 520]
Event: 21.696 Thread 0x000001ad80066fa0 Exception <a 'java/io/FileNotFoundException'{0x00000000ebefe810}> (0x00000000ebefe810) 
thrown [s\src\hotspot\share\prims\jni.cpp, line 520]
Event: 21.698 Thread 0x000001ad80066fa0 Exception <a 'java/io/FileNotFoundException'{0x00000000ebf210e0}> (0x00000000ebf210e0) 
thrown [s\src\hotspot\share\prims\jni.cpp, line 520]
Event: 21.698 Thread 0x000001ad80066fa0 Exception <a 'java/io/FileNotFoundException'{0x00000000ebf220f8}> (0x00000000ebf220f8) 
thrown [s\src\hotspot\share\prims\jni.cpp, line 520]
Event: 21.891 Thread 0x000001adfe4c6ab0 Exception <a 'java/lang/NoClassDefFoundError'{0x00000000eb7d34d8}: com/google/inject/servlet/ServletModuleTargetVisitor> (0x00000000eb7d34d8) 
thrown [s\src\hotspot\share\classfile\systemDictionary.cpp, line 301]
Event: 21.916 Thread 0x000001ad80066fa0 Exception <a 'java/lang/NoSuchMethodError'{0x00000000eb943ec0}: 'int java.lang.invoke.DirectMethodHandle$Holder.invokeSpecialIFC(java.lang.Object, java.lang.Object, java.lang.Object, java.lang.Object)'> (0x00000000eb943ec0) 
thrown [s\src\hotspot\share\interpreter\linkResolver.cpp, line 773]
Event: 22.277 Thread 0x000001ad80063490 Exception <a 'java/lang/IncompatibleClassChangeError'{0x00000000eba13a70}: Found class java.lang.Object, but interface was expected> (0x00000000eba13a70) 
thrown [s\src\hotspot\share\interpreter\linkResolver.cpp, line 840]

ZGC Phase Switch (0 events):
No events

VM Operations (20 events):
Event: 21.027 Executing VM operation: ParallelGCFailedAllocation (Allocation Failure)
Event: 21.051 Executing VM operation: ParallelGCFailedAllocation (Allocation Failure) done
Event: 21.187 Executing VM operation: HandshakeAllThreads (Deoptimize)
Event: 21.188 Executing VM operation: HandshakeAllThreads (Deoptimize) done
Event: 21.194 Executing VM operation: ParallelGCFailedAllocation (Allocation Failure)
Event: 21.203 Executing VM operation: ParallelGCFailedAllocation (Allocation Failure) done
Event: 21.410 Executing VM operation: ParallelGCFailedAllocation (Allocation Failure)
Event: 21.418 Executing VM operation: ParallelGCFailedAllocation (Allocation Failure) done
Event: 21.590 Executing VM operation: HandshakeAllThreads (Deoptimize)
Event: 21.590 Executing VM operation: HandshakeAllThreads (Deoptimize) done
Event: 21.596 Executing VM operation: HandshakeAllThreads (Deoptimize)
Event: 21.613 Executing VM operation: HandshakeAllThreads (Deoptimize) done
Event: 21.703 Executing VM operation: ParallelGCFailedAllocation (Allocation Failure)
Event: 21.712 Executing VM operation: ParallelGCFailedAllocation (Allocation Failure) done
Event: 21.990 Executing VM operation: ParallelGCFailedAllocation (Allocation Failure)
Event: 21.998 Executing VM operation: ParallelGCFailedAllocation (Allocation Failure) done
Event: 22.249 Executing VM operation: HandshakeAllThreads (Deoptimize)
Event: 22.261 Executing VM operation: HandshakeAllThreads (Deoptimize) done
Event: 22.547 Executing VM operation: ParallelGCFailedAllocation (Allocation Failure)
Event: 22.554 Executing VM operation: ParallelGCFailedAllocation (Allocation Failure) done

Memory protections (0 events):
No events

Nmethod flushes (20 events):
Event: 14.384 Thread 0x000001ada2167c40 flushing  nmethod 0x000001ada58ed890
Event: 14.384 Thread 0x000001ada2167c40 flushing  nmethod 0x000001ada58ede10
Event: 14.384 Thread 0x000001ada2167c40 flushing  nmethod 0x000001ada5921810
Event: 14.384 Thread 0x000001ada2167c40 flushing  nmethod 0x000001ada5936110
Event: 14.384 Thread 0x000001ada2167c40 flushing  nmethod 0x000001ada5939f10
Event: 14.384 Thread 0x000001ada2167c40 flushing  nmethod 0x000001ada597b010
Event: 14.384 Thread 0x000001ada2167c40 flushing  nmethod 0x000001ada597b410
Event: 14.384 Thread 0x000001ada2167c40 flushing  nmethod 0x000001ada597bd10
Event: 14.384 Thread 0x000001ada2167c40 flushing  nmethod 0x000001ada597cf10
Event: 14.384 Thread 0x000001ada2167c40 flushing  nmethod 0x000001ada597d710
Event: 14.384 Thread 0x000001ada2167c40 flushing  nmethod 0x000001ada597e810
Event: 14.384 Thread 0x000001ada2167c40 flushing  nmethod 0x000001ada5980890
Event: 14.384 Thread 0x000001ada2167c40 flushing  nmethod 0x000001ada5981d90
Event: 14.384 Thread 0x000001ada2167c40 flushing  nmethod 0x000001ada5982b90
Event: 14.384 Thread 0x000001ada2167c40 flushing  nmethod 0x000001ada59cc610
Event: 14.384 Thread 0x000001ada2167c40 flushing  nmethod 0x000001ada59ce990
Event: 14.384 Thread 0x000001ada2167c40 flushing  nmethod 0x000001ada5a22690
Event: 14.384 Thread 0x000001ada2167c40 flushing  nmethod 0x000001ada5a69710
Event: 14.384 Thread 0x000001ada2167c40 flushing  nmethod 0x000001ada5a69b90
Event: 14.384 Thread 0x000001ada2167c40 flushing  nmethod 0x000001ada5a81090

Events (20 events):
Event: 10.428 Thread 0x000001adfe4c5070 Thread added: 0x000001adfe4c6420
Event: 13.253 Thread 0x000001adfd788f70 Thread added: 0x000001adfe4c5700
Event: 13.257 Thread 0x000001adfe4c6420 Thread added: 0x000001adfe4c7140
Event: 13.840 Thread 0x000001adfe4c7140 Thread added: 0x000001adfe4c77d0
Event: 13.945 Thread 0x000001adfe4c77d0 Thread added: 0x000001adfe4c5d90
Event: 13.990 Thread 0x000001adfe4c5d90 Thread added: 0x000001ad800641b0
Event: 14.133 Thread 0x000001ad9fda9db0 Thread added: 0x000001ad80064840
Event: 14.134 Thread 0x000001ad9fda9db0 Thread added: 0x000001ad800606a0
Event: 14.134 Thread 0x000001ad9fda9db0 Thread added: 0x000001ad80062e00
Event: 14.134 Thread 0x000001ad9fda9db0 Thread added: 0x000001ad80064ed0
Event: 14.134 Thread 0x000001ad9fda9db0 Thread added: 0x000001ad80065560
Event: 14.134 Thread 0x000001ad9fda9db0 Thread added: 0x000001ad80060d30
Event: 14.134 Thread 0x000001ad9fda9db0 Thread added: 0x000001ad80060010
Event: 14.134 Thread 0x000001ad9fda9db0 Thread added: 0x000001ad800613c0
Event: 14.135 Thread 0x000001ad9fda9db0 Thread added: 0x000001ad800620e0
Event: 14.240 Thread 0x000001ad9fda9db0 Thread added: 0x000001ad80066910
Event: 14.869 Thread 0x000001ad9fda9db0 Thread added: 0x000001ad80065bf0
Event: 14.870 Thread 0x000001ad9fda9db0 Thread added: 0x000001ad80063490
Event: 17.165 Thread 0x000001adfe1dc540 Thread exited: 0x000001adfe1dc540
Event: 18.081 Thread 0x000001adfe4c77d0 Thread added: 0x000001ad80066fa0


Dynamic libraries:
0x00007ff752680000 - 0x00007ff75268e000 	c:\Users\senud\.vscode\extensions\redhat.java-1.42.0-win32-x64\jre\21.0.7-win32-x86_64\bin\java.exe
0x00007ffe6bb30000 - 0x00007ffe6bd47000 	C:\WINDOWS\SYSTEM32\ntdll.dll
0x00007ffe24e80000 - 0x00007ffe24e9b000 	C:\Program Files\AVG\Antivirus\aswhook.dll
0x00007ffe699e0000 - 0x00007ffe69aa4000 	C:\WINDOWS\System32\KERNEL32.DLL
0x00007ffe69330000 - 0x00007ffe69703000 	C:\WINDOWS\System32\KERNELBASE.dll
0x00007ffe69000000 - 0x00007ffe69111000 	C:\WINDOWS\System32\ucrtbase.dll
0x00007ffe51260000 - 0x00007ffe51278000 	c:\Users\senud\.vscode\extensions\redhat.java-1.42.0-win32-x64\jre\21.0.7-win32-x86_64\bin\jli.dll
0x00007ffe6b8b0000 - 0x00007ffe6ba61000 	C:\WINDOWS\System32\USER32.dll
0x00007ffe69790000 - 0x00007ffe697b6000 	C:\WINDOWS\System32\win32u.dll
0x00007ffe69ab0000 - 0x00007ffe69ad9000 	C:\WINDOWS\System32\GDI32.dll
0x00007ffe68c20000 - 0x00007ffe68d42000 	C:\WINDOWS\System32\gdi32full.dll
0x00007ffe69290000 - 0x00007ffe6932a000 	C:\WINDOWS\System32\msvcp_win.dll
0x00007ffe50810000 - 0x00007ffe5082e000 	c:\Users\senud\.vscode\extensions\redhat.java-1.42.0-win32-x64\jre\21.0.7-win32-x86_64\bin\VCRUNTIME140.dll
0x00007ffe4fc00000 - 0x00007ffe4fe9b000 	C:\WINDOWS\WinSxS\amd64_microsoft.windows.common-controls_6595b64144ccf1df_6.0.22621.5262_none_2712bde373830908\COMCTL32.dll
0x00007ffe6a440000 - 0x00007ffe6a4e7000 	C:\WINDOWS\System32\msvcrt.dll
0x00007ffe6ac70000 - 0x00007ffe6aca1000 	C:\WINDOWS\System32\IMM32.DLL
0x00007ffe52690000 - 0x00007ffe5269c000 	c:\Users\senud\.vscode\extensions\redhat.java-1.42.0-win32-x64\jre\21.0.7-win32-x86_64\bin\vcruntime140_1.dll
0x00007ffe2b010000 - 0x00007ffe2b09d000 	c:\Users\senud\.vscode\extensions\redhat.java-1.42.0-win32-x64\jre\21.0.7-win32-x86_64\bin\msvcp140.dll
0x00007ffdaf530000 - 0x00007ffdb02c0000 	c:\Users\senud\.vscode\extensions\redhat.java-1.42.0-win32-x64\jre\21.0.7-win32-x86_64\bin\server\jvm.dll
0x00007ffe6afb0000 - 0x00007ffe6b061000 	C:\WINDOWS\System32\ADVAPI32.dll
0x00007ffe6b1a0000 - 0x00007ffe6b247000 	C:\WINDOWS\System32\sechost.dll
0x00007ffe69260000 - 0x00007ffe69288000 	C:\WINDOWS\System32\bcrypt.dll
0x00007ffe6ae90000 - 0x00007ffe6afa4000 	C:\WINDOWS\System32\RPCRT4.dll
0x00007ffe6ae10000 - 0x00007ffe6ae81000 	C:\WINDOWS\System32\WS2_32.dll
0x00007ffe67a80000 - 0x00007ffe67acd000 	C:\WINDOWS\SYSTEM32\POWRPROF.dll
0x00007ffe5f2a0000 - 0x00007ffe5f2d4000 	C:\WINDOWS\SYSTEM32\WINMM.dll
0x00007ffe5bd50000 - 0x00007ffe5bd5a000 	C:\WINDOWS\SYSTEM32\VERSION.dll
0x00007ffe67a60000 - 0x00007ffe67a73000 	C:\WINDOWS\SYSTEM32\UMPDC.dll
0x00007ffe67d30000 - 0x00007ffe67d48000 	C:\WINDOWS\SYSTEM32\kernel.appcore.dll
0x00007ffe50800000 - 0x00007ffe5080a000 	c:\Users\senud\.vscode\extensions\redhat.java-1.42.0-win32-x64\jre\21.0.7-win32-x86_64\bin\jimage.dll
0x00007ffe66610000 - 0x00007ffe66842000 	C:\WINDOWS\SYSTEM32\DBGHELP.DLL
0x00007ffe6a6e0000 - 0x00007ffe6aa73000 	C:\WINDOWS\System32\combase.dll
0x00007ffe6ab20000 - 0x00007ffe6abf7000 	C:\WINDOWS\System32\OLEAUT32.dll
0x00007ffe5b9c0000 - 0x00007ffe5b9f2000 	C:\WINDOWS\SYSTEM32\dbgcore.DLL
0x00007ffe691e0000 - 0x00007ffe6925b000 	C:\WINDOWS\System32\bcryptPrimitives.dll
0x00007ffe507c0000 - 0x00007ffe507cf000 	c:\Users\senud\.vscode\extensions\redhat.java-1.42.0-win32-x64\jre\21.0.7-win32-x86_64\bin\instrument.dll
0x00007ffe48530000 - 0x00007ffe4854f000 	c:\Users\senud\.vscode\extensions\redhat.java-1.42.0-win32-x64\jre\21.0.7-win32-x86_64\bin\java.dll
0x00007ffe69ae0000 - 0x00007ffe6a37d000 	C:\WINDOWS\System32\SHELL32.dll
0x00007ffe68ec0000 - 0x00007ffe68fff000 	C:\WINDOWS\System32\wintypes.dll
0x00007ffe66b10000 - 0x00007ffe6742d000 	C:\WINDOWS\SYSTEM32\windows.storage.dll
0x00007ffe6a560000 - 0x00007ffe6a66b000 	C:\WINDOWS\System32\SHCORE.dll
0x00007ffe6a4f0000 - 0x00007ffe6a556000 	C:\WINDOWS\System32\shlwapi.dll
0x00007ffe68b50000 - 0x00007ffe68b7b000 	C:\WINDOWS\SYSTEM32\profapi.dll
0x00007ffe44220000 - 0x00007ffe44238000 	c:\Users\senud\.vscode\extensions\redhat.java-1.42.0-win32-x64\jre\21.0.7-win32-x86_64\bin\zip.dll
0x00007ffe507b0000 - 0x00007ffe507c0000 	C:\Users\senud\.vscode\extensions\redhat.java-1.42.0-win32-x64\jre\21.0.7-win32-x86_64\bin\net.dll
0x00007ffe610a0000 - 0x00007ffe611cc000 	C:\WINDOWS\SYSTEM32\WINHTTP.dll
0x00007ffe681d0000 - 0x00007ffe6823a000 	C:\WINDOWS\system32\mswsock.dll
0x00007ffe44200000 - 0x00007ffe44216000 	C:\Users\senud\.vscode\extensions\redhat.java-1.42.0-win32-x64\jre\21.0.7-win32-x86_64\bin\nio.dll
0x00007ffe1b3c0000 - 0x00007ffe1b3d0000 	c:\Users\senud\.vscode\extensions\redhat.java-1.42.0-win32-x64\jre\21.0.7-win32-x86_64\bin\verify.dll
0x00007ffdfcbc0000 - 0x00007ffdfcc05000 	C:\Users\senud\AppData\Roaming\Code\User\globalStorage\redhat.java\1.42.0\config_win\org.eclipse.equinox.launcher\org.eclipse.equinox.launcher.win32.win32.x86_64_1.2.1300.v20250331-1702\eclipse_11911.dll
0x00007ffe69830000 - 0x00007ffe699d1000 	C:\WINDOWS\System32\ole32.dll
0x00007ffe68430000 - 0x00007ffe6844b000 	C:\WINDOWS\SYSTEM32\CRYPTSP.dll
0x00007ffe67c90000 - 0x00007ffe67cc7000 	C:\WINDOWS\system32\rsaenh.dll
0x00007ffe682c0000 - 0x00007ffe682e8000 	C:\WINDOWS\SYSTEM32\USERENV.dll
0x00007ffe68420000 - 0x00007ffe6842c000 	C:\WINDOWS\SYSTEM32\CRYPTBASE.dll
0x00007ffe67710000 - 0x00007ffe6773d000 	C:\WINDOWS\SYSTEM32\IPHLPAPI.DLL
0x00007ffe6aa80000 - 0x00007ffe6aa89000 	C:\WINDOWS\System32\NSI.dll
0x00007ffe3a350000 - 0x00007ffe3a399000 	C:\Users\senud\AppData\Local\Temp\jna-109323243\jna16070781343615474363.dll
0x00007ffe6a430000 - 0x00007ffe6a438000 	C:\WINDOWS\System32\PSAPI.DLL
0x00007ffe60f70000 - 0x00007ffe60f89000 	C:\WINDOWS\SYSTEM32\dhcpcsvc6.DLL
0x00007ffe60b60000 - 0x00007ffe60b7f000 	C:\WINDOWS\SYSTEM32\dhcpcsvc.DLL

dbghelp: loaded successfully - version: 4.0.5 - missing functions: none
symbol engine: initialized successfully - sym options: 0x614 - pdb path: .;c:\Users\senud\.vscode\extensions\redhat.java-1.42.0-win32-x64\jre\21.0.7-win32-x86_64\bin;C:\WINDOWS\SYSTEM32;C:\Program Files\AVG\Antivirus;C:\WINDOWS\WinSxS\amd64_microsoft.windows.common-controls_6595b64144ccf1df_6.0.22621.5262_none_2712bde373830908;c:\Users\senud\.vscode\extensions\redhat.java-1.42.0-win32-x64\jre\21.0.7-win32-x86_64\bin\server;C:\Users\senud\AppData\Roaming\Code\User\globalStorage\redhat.java\1.42.0\config_win\org.eclipse.equinox.launcher\org.eclipse.equinox.launcher.win32.win32.x86_64_1.2.1300.v20250331-1702;C:\Users\senud\AppData\Local\Temp\jna-109323243

VM Arguments:
jvm_args: --add-modules=ALL-SYSTEM --add-opens=java.base/java.util=ALL-UNNAMED --add-opens=java.base/java.lang=ALL-UNNAMED --add-opens=java.base/sun.nio.fs=ALL-UNNAMED -Declipse.application=org.eclipse.jdt.ls.core.id1 -Dosgi.bundles.defaultStartLevel=4 -Declipse.product=org.eclipse.jdt.ls.core.product -Djava.import.generatesMetadataFilesAtProjectRoot=false -DDetectVMInstallationsJob.disabled=true -Dfile.encoding=utf8 -XX:+UseParallelGC -XX:GCTimeRatio=4 -XX:AdaptiveSizePolicyWeight=90 -Dsun.zip.disableMemoryMapping=true -Xmx1G -Xms100m -Xlog:disable -javaagent:c:\Users\senud\.vscode\extensions\redhat.java-1.42.0-win32-x64\lombok\lombok-1.18.36.jar -XX:+HeapDumpOnOutOfMemoryError -XX:HeapDumpPath=c:\Users\senud\AppData\Roaming\Code\User\workspaceStorage\bac58980dab45cc9cd9f1be5cf859002\redhat.java -Daether.dependencyCollector.impl=bf 
java_command: c:\Users\senud\.vscode\extensions\redhat.java-1.42.0-win32-x64\server\plugins\org.eclipse.equinox.launcher_1.7.0.v20250424-1814.jar -configuration c:\Users\senud\AppData\Roaming\Code\User\globalStorage\redhat.java\1.42.0\config_win -data c:\Users\senud\AppData\Roaming\Code\User\workspaceStorage\bac58980dab45cc9cd9f1be5cf859002\redhat.java\jdt_ws --pipe=\\.\pipe\lsp-b4d0ebc9dec461235035df9e5a9f2e92-sock
java_class_path (initial): c:\Users\senud\.vscode\extensions\redhat.java-1.42.0-win32-x64\server\plugins\org.eclipse.equinox.launcher_1.7.0.v20250424-1814.jar
Launcher Type: SUN_STANDARD

[Global flags]
    uintx AdaptiveSizePolicyWeight                 = 90                                        {product} {command line}
     intx CICompilerCount                          = 4                                         {product} {ergonomic}
    uintx GCTimeRatio                              = 4                                         {product} {command line}
     bool HeapDumpOnOutOfMemoryError               = true                                   {manageable} {command line}
    ccstr HeapDumpPath                             = c:\Users\senud\AppData\Roaming\Code\User\workspaceStorage\bac58980dab45cc9cd9f1be5cf859002\redhat.java         {manageable} {command line}
   size_t InitialHeapSize                          = 104857600                                 {product} {command line}
   size_t MaxHeapSize                              = 1073741824                                {product} {command line}
   size_t MaxNewSize                               = 357564416                                 {product} {ergonomic}
   size_t MinHeapDeltaBytes                        = 524288                                    {product} {ergonomic}
   size_t MinHeapSize                              = 104857600                                 {product} {command line}
   size_t NewSize                                  = 34603008                                  {product} {ergonomic}
    uintx NonNMethodCodeHeapSize                   = 5839372                                {pd product} {ergonomic}
    uintx NonProfiledCodeHeapSize                  = 122909434                              {pd product} {ergonomic}
   size_t OldSize                                  = 70254592                                  {product} {ergonomic}
    uintx ProfiledCodeHeapSize                     = 122909434                              {pd product} {ergonomic}
    uintx ReservedCodeCacheSize                    = 251658240                              {pd product} {ergonomic}
     bool SegmentedCodeCache                       = true                                      {product} {ergonomic}
   size_t SoftMaxHeapSize                          = 1073741824                             {manageable} {ergonomic}
     bool UseCompressedOops                        = true                           {product lp64_product} {ergonomic}
     bool UseLargePagesIndividualAllocation        = false                                  {pd product} {ergonomic}
     bool UseParallelGC                            = true                                      {product} {command line}

Logging:
Log output configuration:
 #0: stdout all=off uptime,level,tags foldmultilines=false
 #1: stderr all=off uptime,level,tags foldmultilines=false

Environment Variables:
JAVA_HOME=C:\Program Files\Microsoft\jdk-17.0.13.11-hotspot\
PATH=C:\Program Files\Microsoft\jdk-17.0.13.11-hotspot\bin;C:\Python312\Scripts\;C:\Python312\;D:\Apps Installations\bin\;C:\Program Files\Common Files\Oracle\Java\javapath;C:\Program Files (x86)\Common Files\Oracle\Java\javapath;C:\Windows\system32;C:\Windows;C:\Windows\System32\Wbem;C:\Windows\System32\WindowsPowerShell\v1.0\;C:\Windows\System32\OpenSSH\;C:\Program Files (x86)\NVIDIA Corporation\PhysX\Common;C:\Program Files\NVIDIA Corporation\NVIDIA NvDLISR;C:\WINDOWS\system32;C:\WINDOWS;C:\WINDOWS\System32\Wbem;C:\WINDOWS\System32\WindowsPowerShell\v1.0\;C:\WINDOWS\System32\OpenSSH\;C:\Program Files\MySQL\MySQL Server 8.0\bin;C:\Program Files\Git\cmd;C:\Maven\apache-maven-3.9.2\bin;C:\ProgramData\chocolatey\bin;C:\Program Files\nodejs\;D:\sdkk\sdk\build-tools;D:\sdkk\sdk\emulator;D:\sdkk\sdk\platform-tools;D:\flutter\flutter\bin;C:\Program Files\MySQL\MySQL Server 8.0\bin;C:\Program Files\Git LFS;C:\Program Files\nodejs\npm;C:\Program Files (x86)\Microsoft SQL Server\160\DTS\Binn\;C:\Program Files (x86)\Microsoft SQL Server\160\Tools\Binn\;C:\Program Files\Microsoft SQL Server\160\Tools\Binn\;C:\Program Files\Microsoft SQL Server\Client SDK\ODBC\170\Tools\Binn\;C:\Program Files\Microsoft SQL Server\160\DTS\Binn\;C:\Program Files\MySQL\MySQL Shell 8.0\bin\;D:\InstallSDK\tools;D:\InstallSDK\tools;C:\Users\senud\AppData\Local\Programs\Python\Python310\Scripts\;C:\Users\senud\AppData\Local\Programs\Python\Python310\;C:\Users\senud\AppData\Local\Microsoft\WindowsApps;C:\Users\senud\AppData\Local\Programs\Microsoft VS Code\bin;C:\Program Files\Java\jdk-19\bin;C:\Program Files\MySQL;C:\msys64\mingw64\bin;C:\Users\senud\AppData\Roaming\npm;C:\Maven\apache-maven-3.9.2\bin
USERNAME=senud
OS=Windows_NT
PROCESSOR_IDENTIFIER=Intel64 Family 6 Model 140 Stepping 1, GenuineIntel
TMP=C:\Users\senud\AppData\Local\Temp
TEMP=C:\Users\senud\AppData\Local\Temp




Periodic native trim disabled

---------------  S Y S T E M  ---------------

OS:
 Windows 11 , 64 bit Build 22621 (10.0.22621.5262)
OS uptime: 0 days 13:35 hours
Hyper-V role detected

CPU: total 8 (initial active 8) (4 cores per cpu, 2 threads per core) family 6 model 140 stepping 1 microcode 0x8a, cx8, cmov, fxsr, ht, mmx, 3dnowpref, sse, sse2, sse3, ssse3, sse4.1, sse4.2, popcnt, lzcnt, tsc, tscinvbit, avx, avx2, aes, erms, clmul, bmi1, bmi2, adx, avx512f, avx512dq, avx512cd, avx512bw, avx512vl, sha, fma, vzeroupper, avx512_vpopcntdq, avx512_vpclmulqdq, avx512_vaes, avx512_vnni, clflush, clflushopt, clwb, avx512_vbmi2, avx512_vbmi, hv, rdtscp, rdpid, fsrm, gfni, avx512_bitalg, f16c, cet_ibt, cet_ss, avx512_ifma
Processor Information for the first 8 processors :
  Max Mhz: 2803, Current Mhz: 2803, Mhz Limit: 2803

Memory: 4k page, system-wide physical 7971M (116M free)
TotalPageFile size 23081M (AvailPageFile size 5M)
current process WorkingSet (physical memory assigned to process): 261M, peak: 261M
current process commit charge ("private bytes"): 306M, peak: 313M

vm_info: OpenJDK 64-Bit Server VM (21.0.7+6-LTS) for windows-amd64 JRE (21.0.7+6-LTS), built on 2025-04-15T00:00:00Z by "admin" with MS VC++ 17.7 (VS2022)

END.
